#
# A fatal error has been detected by the Java Runtime Environment:
#
#  EXCEPTION_ACCESS_VIOLATION (0xc0000005) at pc=0x5226a507, pid=4716, tid=22016
#
# JRE version: OpenJDK Runtime Environment Temurin-16.0.2+7 (16.0.2+7) (build 16.0.2+7)
# Java VM: OpenJDK Client VM Temurin-16.0.2+7 (16.0.2+7, mixed mode, serial gc, windows-x86)
# Problematic frame:
# C  [nvoglv32.dll+0xbaa507]
#
# No core dump will be written. Minidumps are not enabled by default on client versions of Windows
#
# If you would like to submit a bug report, please visit:
#   https://github.com/adoptium/adoptium-support/issues
# The crash happened outside the Java Virtual Machine in native code.
# See problematic frame for where to report the bug.
#

---------------  S U M M A R Y ------------

Command Line: -Dforge.logging.console.level=debug -Dforge.logging.markers=REGISTRIES -DlegacyClassPath.file=C:\dev\minecraft\cheesus\build\classpath\runClient_minecraftClasspath.txt -DignoreList=bootstraplauncher,securejarhandler,asm-commons,asm-util,asm-analysis,asm-tree,asm,client-extra,fmlcore,javafmllanguage,mclanguage,forge- -DnativesDirectory=C:\dev\minecraft\cheesus\build\natives -DmergeModules=jna-5.8.0.jar,jna-platform-58.0.jar,java-objc-bridge-1.0.0.jar --module-path=C:\Users\felix\.gradle\caches\modules-2\files-2.1\cpw.mods\bootstraplauncher\0.1.17\899fb8e3912bb7d14a6f9611de117f77db710ec3\bootstraplauncher-0.1.17.jar;C:\Users\felix\.gradle\caches\modules-2\files-2.1\cpw.mods\securejarhandler\0.9.54\24b670f2c026ec9777e64a2c2126ebc8635dbe8d\securejarhandler-0.9.54.jar;C:\Users\felix\.gradle\caches\modules-2\files-2.1\org.ow2.asm\asm-commons\9.1\8b971b182eb5cf100b9e8d4119152d83e00e0fdd\asm-commons-9.1.jar;C:\Users\felix\.gradle\caches\modules-2\files-2.1\org.ow2.asm\asm-util\9.1\36464a45d871779f3383a8a9aba2b26562a86729\asm-util-9.1.jar;C:\Users\felix\.gradle\caches\modules-2\files-2.1\org.ow2.asm\asm-analysis\9.1\4f61b83b81d8b659958f4bcc48907e93ecea55a0\asm-analysis-9.1.jar;C:\Users\felix\.gradle\caches\modules-2\files-2.1\org.ow2.asm\asm-tree\9.1\c333f2a855069cb8eb17a40a3eb8b1b67755d0eb\asm-tree-9.1.jar;C:\Users\felix\.gradle\caches\modules-2\files-2.1\org.ow2.asm\asm\9.1\a99500cf6eea30535eeac6be73899d048f8d12a8\asm-9.1.jar --add-modules=ALL-MODULE-PATH --add-opens=java.base/java.util.jar=cpw.mods.securejarhandler --add-exports=java.base/sun.security.util=cpw.mods.securejarhandler --add-exports=jdk.naming.dns/com.sun.jndi.dns=java.naming -XX:HeapDumpPath=MojangTricksIntelDriversForPerformance_javaw.exe_minecraft.exe.heapdump -Dos.name=Windows 10 -Dos.version=10.0 -Xmx1024m -Djava.library.path=C:\dev\minecraft\cheesus\build\natives;C:\dev\minecraft\cheesus\build\natives;C:\dev\minecraft\cheesus\build\natives;C:\dev\minecraft\cheesus\build\natives;C:\dev\minecraft\cheesus\build\natives -Dfile.encoding=Cp1252 -XX:+ShowCodeDetailsInExceptionMessages cpw.mods.bootstraplauncher.BootstrapLauncher --launchTarget forgeclientuserdev --version MOD_DEV --assetIndex 1.17 --assetsDir C:\Users\felix\.gradle\caches\forge_gradle\assets --gameDir . --fml.forgeVersion 37.0.104 --fml.mcVersion 1.17.1 --fml.forgeGroup net.minecraftforge --fml.mcpVersion 20210706.113038

Host: Intel(R) Core(TM) i7-10750H CPU @ 2.60GHz, 12 cores, 15G,  Windows 10 , 64 bit Build 19041 (10.0.19041.1348)
Time: Sat Dec  4 11:59:07 2021 Mitteleuropäische Zeit elapsed time: 102.183330 seconds (0d 0h 1m 42s)

---------------  T H R E A D  ---------------

Current thread (0x03787940):  JavaThread "Render thread" [_thread_in_native, id=22016, stack(0x01120000,0x01170000)]

Stack: [0x01120000,0x01170000],  sp=0x0116e534,  free space=313k
Native frames: (J=compiled Java code, A=aot compiled Java code, j=interpreted, Vv=VM code, C=native code)
C  [nvoglv32.dll+0xbaa507]

Java frames: (J=compiled Java code, j=interpreted, Vv=VM code)
J 6386  org.lwjgl.opengl.GL11C.glClear(I)V org.lwjgl.opengl (0 bytes) @ 0x0406971d [0x040696e0+0x0000003d]
J 7353 c1 com.mojang.blaze3d.systems.RenderSystem.clear(IZ)V minecraft@1.17.1 (14 bytes) @ 0x041b3530 [0x041b3470+0x000000c0]
j  net.minecraft.client.renderer.GameRenderer.render(FJZ)V+585 minecraft@1.17.1
J 9150 c1 net.minecraft.client.Minecraft.runTick(Z)V minecraft@1.17.1 (1016 bytes) @ 0x043ed620 [0x043ecd60+0x000008c0]
j  net.minecraft.client.Minecraft.run()V+81 minecraft@1.17.1
j  net.minecraft.client.main.Main.main([Ljava/lang/String;)V+1344 minecraft@1.17.1
v  ~StubRoutines::call_stub
j  jdk.internal.reflect.NativeMethodAccessorImpl.invoke0(Ljava/lang/reflect/Method;Ljava/lang/Object;[Ljava/lang/Object;)Ljava/lang/Object;+0 java.base@16.0.2
j  jdk.internal.reflect.NativeMethodAccessorImpl.invoke(Ljava/lang/Object;[Ljava/lang/Object;)Ljava/lang/Object;+146 java.base@16.0.2
j  jdk.internal.reflect.DelegatingMethodAccessorImpl.invoke(Ljava/lang/Object;[Ljava/lang/Object;)Ljava/lang/Object;+6 java.base@16.0.2
j  java.lang.reflect.Method.invoke(Ljava/lang/Object;[Ljava/lang/Object;)Ljava/lang/Object;+59 java.base@16.0.2
j  net.minecraftforge.fml.loading.targets.ForgeClientUserdevLaunchHandler.lambda$launchService$0([Ljava/lang/String;Ljava/lang/ModuleLayer;)Ljava/lang/Void;+47 fmlloader@1.17.1-37.0.104
j  net.minecraftforge.fml.loading.targets.ForgeClientUserdevLaunchHandler$$Lambda$747+0x485bbee0.call()Ljava/lang/Object;+12 fmlloader@1.17.1-37.0.104
j  cpw.mods.modlauncher.LaunchServiceHandlerDecorator.launch([Ljava/lang/String;Ljava/lang/ModuleLayer;)V+11 cpw.mods.modlauncher@9.0.7
j  cpw.mods.modlauncher.LaunchServiceHandler.launch(Ljava/lang/String;[Ljava/lang/String;Ljava/lang/ModuleLayer;Lcpw/mods/modlauncher/TransformingClassLoader;Lcpw/mods/modlauncher/LaunchPluginHandler;)V+58 cpw.mods.modlauncher@9.0.7
j  cpw.mods.modlauncher.LaunchServiceHandler.launch(Lcpw/mods/modlauncher/ArgumentHandler;Ljava/lang/ModuleLayer;Lcpw/mods/modlauncher/TransformingClassLoader;Lcpw/mods/modlauncher/LaunchPluginHandler;)V+21 cpw.mods.modlauncher@9.0.7
j  cpw.mods.modlauncher.Launcher.run([Ljava/lang/String;)V+310 cpw.mods.modlauncher@9.0.7
j  cpw.mods.modlauncher.Launcher.main([Ljava/lang/String;)V+78 cpw.mods.modlauncher@9.0.7
j  cpw.mods.modlauncher.BootstrapLaunchConsumer.accept([Ljava/lang/String;)V+1 cpw.mods.modlauncher@9.0.7
j  cpw.mods.modlauncher.BootstrapLaunchConsumer.accept(Ljava/lang/Object;)V+5 cpw.mods.modlauncher@9.0.7
j  cpw.mods.bootstraplauncher.BootstrapLauncher.main([Ljava/lang/String;)V+492 cpw.mods.bootstraplauncher@0.1.17
v  ~StubRoutines::call_stub

siginfo: EXCEPTION_ACCESS_VIOLATION (0xc0000005), reading address 0x00000030


Register to memory mapping:

EIP=0x5226a507 nvoglv32.dll
EAX=0x0 is NULL
EBX=0x00000710 is an unknown value
ECX=0x0 is NULL
EDX=0x0 is NULL
ESP=0x0116e534 is pointing into the stack for thread: 0x03787940
EBP=0x0116e538 is pointing into the stack for thread: 0x03787940
ESI=0x496e686c points into unknown readable memory: 0x00000000 | 00 00 00 00
EDI=0x0 is NULL


Registers:
EAX=0x00000000, EBX=0x00000710, ECX=0x00000000, EDX=0x00000000
ESP=0x0116e534, EBP=0x0116e538, ESI=0x496e686c, EDI=0x00000000
EIP=0x5226a507, EFLAGS=0x00010202

Top of Stack: (sp=0x0116e534)
0x0116e534:   496e6868 0116e560 52299a2d 00000000
0x0116e544:   798a72b8 00000710 790beb80 496e6868
0x0116e554:   00000710 496e6880 0022e931 0116e580
0x0116e564:   52299ba8 798a72b8 00000710 00000710
0x0116e574:   496e6868 798a0100 496e6868 0116e5b8
0x0116e584:   52295887 798a72b8 00000000 7f2b0498
0x0116e594:   0116e5ac 00005600 00000000 798a72b8
0x0116e5a4:   0116f4d0 766406c0 0000075a 7f2b0498 

Instructions: (pc=0x5226a507)
0x5226a407:   8b 45 d8 53 ff 75 fc 8b 40 04 03 06 50 e8 77 93
0x5226a417:   37 00 6a 00 56 e8 9f 04 00 00 8b 45 ec 0f b7 c0
0x5226a427:   eb 50 8b 46 14 8b 75 ec 53 ff 75 fc 66 89 0c 70
0x5226a437:   8b c6 8b 75 08 89 42 0c 8d 41 01 8b 4e 24 66 89
0x5226a447:   46 1a 89 4a 04 8b 06 03 c1 50 e8 3a 93 37 00 ff
0x5226a457:   75 e8 8b 86 30 16 00 00 01 46 24 53 ff 75 fc 56
0x5226a467:   e8 e4 00 00 00 8b 5d e8 53 56 e8 3a 05 00 00 0f
0x5226a477:   b7 c3 33 c9 ba ff ff 00 00 83 c4 24 66 3b c2 0f
0x5226a487:   45 f9 8b 5d f8 8b 4d f4 8b 45 10 41 83 c0 f8 89
0x5226a497:   4d f4 3b c8 8b 45 0c 0f 86 fe fd ff ff 3b d9 73
0x5226a4a7:   3b 8b f9 8d 9b 00 00 00 00 8b 45 0c 68 dc bc 1b
0x5226a4b7:   cf 68 63 64 a5 b7 ff 74 03 04 ff 34 03 e8 67 02
0x5226a4c7:   36 00 8b 4d f0 e8 ef 02 36 00 33 d2 43 8d 0c 40
0x5226a4d7:   8b 46 0c 66 89 54 88 0a 3b df 72 cd 8b 46 2c ff
0x5226a4e7:   46 28 03 45 10 5f 89 46 2c 5e 5b 8b e5 5d c3 cc
0x5226a4f7:   cc cc cc cc cc cc cc cc cc 55 8b ec 57 8b 7d 08
0x5226a507:   83 7f 30 01 75 12 ff 75 10 ff 75 0c 57 e8 37 fd
0x5226a517:   ff ff 83 c4 0c 5f 5d c3 56 ff b7 38 16 00 00 8b
0x5226a527:   75 10 8d 47 34 56 ff 75 0c 50 e8 aa f8 ff ff 8b
0x5226a537:   47 2c 83 c4 10 ff 47 28 03 c6 89 47 2c 5e 5f 5d
0x5226a547:   c3 cc cc cc cc cc cc cc cc 55 8b ec 83 ec 0c 53
0x5226a557:   56 8b 75 08 b8 01 00 00 00 57 33 ff 33 db 8b 96
0x5226a567:   2c 16 00 00 8b ca d3 e0 0f b7 4d 14 89 45 f8 8b
0x5226a577:   46 14 0f b7 04 48 c1 e0 04 03 46 10 33 f6 89 45
0x5226a587:   fc 8b 45 10 83 c0 f8 89 45 f4 b8 40 00 00 00 2b
0x5226a597:   c2 89 45 10 eb 03 8d 49 00 8b 45 0c 68 dc bc 1b
0x5226a5a7:   cf 68 63 64 a5 b7 ff 74 06 04 ff 34 06 e8 77 01
0x5226a5b7:   36 00 8b 4d 10 e8 ff 01 36 00 8b 4d 08 8d 14 40
0x5226a5c7:   8b 49 0c 8d 0c 91 ba ff ff 00 00 66 39 51 08 75
0x5226a5d7:   1f 66 8b 55 14 03 59 04 66 89 51 08 8b 55 f8 89
0x5226a5e7:   11 85 ff 75 07 8b 55 fc 89 02 eb 02 89 07 8b f9
0x5226a5f7:   46 3b 75 f4 76 a3 8b 45 fc 5f 5e 89 58 08 5b 8b 


Stack slot to memory mapping:
stack at sp + 0 slots: 0x496e6868 points into unknown readable memory: 0x53340338 | 38 03 34 53
stack at sp + 1 slots: 0x0116e560 is pointing into the stack for thread: 0x03787940
stack at sp + 2 slots: 0x52299a2d nvoglv32.dll
stack at sp + 3 slots: 0x0 is NULL
stack at sp + 4 slots: 0x798a72b8 points into unknown readable memory: 0x6375564e | 4e 56 75 63
stack at sp + 5 slots: 0x00000710 is an unknown value
stack at sp + 6 slots: 0x790beb80 points into unknown readable memory: 0x00000000 | 00 00 00 00
stack at sp + 7 slots: 0x496e6868 points into unknown readable memory: 0x53340338 | 38 03 34 53


---------------  P R O C E S S  ---------------

Threads class SMR info:
_java_thread_list=0x797cbee8, length=46, elements={
0x03787940, 0x035426e0, 0x03544598, 0x0355f438,
0x0356b138, 0x0356c6e8, 0x0356dd98, 0x035737c8,
0x03578298, 0x0363d050, 0x466d57e8, 0x471ed200,
0x47185e18, 0x48b67b78, 0x48b67ee0, 0x490a1460,
0x490d3ca8, 0x490d2ba0, 0x490d24d0, 0x490d2838,
0x490d4010, 0x490d2f08, 0x490d35d8, 0x490d3940,
0x4de76408, 0x4de77510, 0x4de76770, 0x4de77f48,
0x4de78618, 0x4de74f98, 0x4de771a8, 0x4de77878,
0x4de75300, 0x4de77be0, 0x4de75668, 0x4de75d38,
0x4de759d0, 0x4de760a0, 0x4de76ad8, 0x4de76e40,
0x79387d38, 0x79387300, 0x79388408, 0x79388770,
0x79387668, 0x797d2418
}

Java Threads: ( => current thread )
=>0x03787940 JavaThread "Render thread" [_thread_in_native, id=22016, stack(0x01120000,0x01170000)]
  0x035426e0 JavaThread "Reference Handler" daemon [_thread_blocked, id=7748, stack(0x46090000,0x460e0000)]
  0x03544598 JavaThread "Finalizer" daemon [_thread_blocked, id=6892, stack(0x46120000,0x46170000)]
  0x0355f438 JavaThread "Signal Dispatcher" daemon [_thread_blocked, id=19220, stack(0x462e0000,0x46330000)]
  0x0356b138 JavaThread "Attach Listener" daemon [_thread_blocked, id=20124, stack(0x46370000,0x463c0000)]
  0x0356c6e8 JavaThread "Service Thread" daemon [_thread_blocked, id=11576, stack(0x46400000,0x46450000)]
  0x0356dd98 JavaThread "Monitor Deflation Thread" daemon [_thread_blocked, id=23512, stack(0x46490000,0x464e0000)]
  0x035737c8 JavaThread "C1 CompilerThread0" daemon [_thread_blocked, id=13600, stack(0x46520000,0x46570000)]
  0x03578298 JavaThread "Sweeper thread" daemon [_thread_blocked, id=19652, stack(0x465b0000,0x46600000)]
  0x0363d050 JavaThread "Common-Cleaner" daemon [_thread_blocked, id=10660, stack(0x46640000,0x46690000)]
  0x466d57e8 JavaThread "Notification Thread" daemon [_thread_blocked, id=19932, stack(0x46ad0000,0x46b20000)]
  0x471ed200 JavaThread "Thread-0" daemon [_thread_blocked, id=10884, stack(0x47530000,0x47580000)]
  0x47185e18 JavaThread "FileSystemWatchService" daemon [_thread_in_native, id=20896, stack(0x475c0000,0x47610000)]
  0x48b67b78 JavaThread "Worker-Bootstrap-1" daemon [_thread_in_Java, id=22720, stack(0x4a600000,0x4a650000)]
  0x48b67ee0 JavaThread "Worker-Bootstrap-2" daemon [_thread_in_vm, id=7824, stack(0x4a690000,0x4a6e0000)]
  0x490a1460 JavaThread "Worker-Bootstrap-3" daemon [_thread_in_vm, id=20512, stack(0x4a720000,0x4a770000)]
  0x490d3ca8 JavaThread "Worker-Bootstrap-5" daemon [_thread_in_Java, id=19804, stack(0x4a7b0000,0x4a800000)]
  0x490d2ba0 JavaThread "Worker-Bootstrap-4" daemon [_thread_in_vm, id=21880, stack(0x4b040000,0x4b090000)]
  0x490d24d0 JavaThread "Worker-Bootstrap-6" daemon [_thread_in_vm, id=21748, stack(0x4b0d0000,0x4b120000)]
  0x490d2838 JavaThread "Worker-Bootstrap-7" daemon [_thread_in_vm, id=20524, stack(0x4b160000,0x4b1b0000)]
  0x490d4010 JavaThread "Timer hack thread" daemon [_thread_blocked, id=22468, stack(0x4a570000,0x4a5c0000)]
  0x490d2f08 JavaThread "Snooper Timer" daemon [_thread_blocked, id=22536, stack(0x4b1f0000,0x4b240000)]
  0x490d35d8 JavaThread "modloading-worker-9" daemon [_thread_blocked, id=22544, stack(0x47650000,0x476a0000)]
  0x490d3940 JavaThread "modloading-worker-11" daemon [_thread_blocked, id=23368, stack(0x5aab0000,0x5ab00000)]
  0x4de76408 JavaThread "modloading-worker-4" daemon [_thread_blocked, id=21352, stack(0x5ab40000,0x5ab90000)]
  0x4de77510 JavaThread "modloading-worker-13" daemon [_thread_blocked, id=10140, stack(0x5abd0000,0x5ac20000)]
  0x4de76770 JavaThread "Narrator" [_thread_blocked, id=20692, stack(0x5a330000,0x5a380000)]
  0x4de77f48 JavaThread "Worker-Main-8" daemon [_thread_blocked, id=19684, stack(0x5a920000,0x5a970000)]
  0x4de78618 JavaThread "Worker-Main-9" daemon [_thread_blocked, id=624, stack(0x5ac20000,0x5ac70000)]
  0x4de74f98 JavaThread "Worker-Main-10" daemon [_thread_blocked, id=21368, stack(0x5acb0000,0x5ad00000)]
  0x4de771a8 JavaThread "Worker-Main-11" daemon [_thread_blocked, id=21960, stack(0x5ad40000,0x5ad90000)]
  0x4de77878 JavaThread "Worker-Main-12" daemon [_thread_blocked, id=22616, stack(0x5add0000,0x5ae20000)]
  0x4de75300 JavaThread "Worker-Main-13" daemon [_thread_blocked, id=21536, stack(0x5ae60000,0x5aeb0000)]
  0x4de77be0 JavaThread "Worker-Main-14" daemon [_thread_blocked, id=22560, stack(0x5aef0000,0x5af40000)]
  0x4de75668 JavaThread "Snooper Timer" daemon [_thread_blocked, id=19644, stack(0x62ce0000,0x62d30000)]
  0x4de75d38 JavaThread "Server thread" [_thread_in_Java, id=21840, stack(0x62d70000,0x62dc0000)]
  0x4de759d0 JavaThread "FileSystemWatchService" daemon [_thread_in_native, id=13516, stack(0x62e00000,0x62e50000)]
  0x4de760a0 JavaThread "IO-Worker-15" [_thread_blocked, id=19616, stack(0x62e90000,0x62ee0000)]
  0x4de76ad8 JavaThread "IO-Worker-16" [_thread_in_native, id=6588, stack(0x62f20000,0x62f70000)]
  0x4de76e40 JavaThread "IO-Worker-17" [_thread_blocked, id=1924, stack(0x62ff0000,0x63040000)]
  0x79387d38 JavaThread "Java2D Disposer" daemon [_thread_blocked, id=20252, stack(0x5aa20000,0x5aa70000)]
  0x79387300 JavaThread "ObjectCleanerThread" daemon [_thread_blocked, id=14928, stack(0x634f0000,0x63540000)]
  0x79388408 JavaThread "Netty Server IO #0" daemon [_thread_in_native, id=18440, stack(0x63650000,0x636a0000)]
  0x79388770 JavaThread "Netty Local Client IO #0" daemon [_thread_blocked, id=19608, stack(0x636a0000,0x636f0000)]
  0x79387668 JavaThread "Netty Server IO #1" daemon [_thread_in_native, id=3812, stack(0x63730000,0x63780000)]
  0x797d2418 JavaThread "Sound engine" daemon [_thread_blocked, id=18396, stack(0x64400000,0x64450000)]

Other Threads:
  0x0353d820 VMThread "VM Thread" [stack: 0x46000000,0x46050000] [id=17896]
  0x037886c0 WatcherThread [stack: 0x46b60000,0x46bb0000] [id=22220]

Threads with active compile tasks:

VM state: not at safepoint (normal execution)

VM Mutex/Monitor currently owned by a thread: None

GC Precious Log:
 CPUs: 12 total, 12 available
 Memory: 16222M
 Large Page Support: Disabled
 NUMA Support: Disabled
 Compressed Oops: Disabled
 Heap Min Capacity: 6M
 Heap Initial Capacity: 16M
 Heap Max Capacity: 1024M
 Pre-touch: Disabled

Heap:
 def new generation   total 314560K, used 58622K [0x05800000, 0x1ad50000, 0x1ad50000)
  eden space 279616K,  16% used [0x05800000, 0x08648c80, 0x16910000)
  from space 34944K,  33% used [0x16910000, 0x174882a0, 0x18b30000)
  to   space 34944K,   0% used [0x18b30000, 0x18b30000, 0x1ad50000)
 tenured generation   total 699072K, used 547527K [0x1ad50000, 0x45800000, 0x45800000)
   the space 699072K,  78% used [0x1ad50000, 0x3c401f90, 0x3c402000, 0x45800000)
 Metaspace       used 67386K, committed 68352K, reserved 73728K

Card table byte_map: [0x03140000,0x03350000] _byte_map_base: 0x03114000

Polling page: 0x00df0000

Metaspace:

Usage:
   65.81 MB used.

Virtual space:
     72.00 MB reserved,      66.75 MB ( 93%) committed,  9 nodes.

Chunk freelists:
878.00 KB

MaxMetaspaceSize: 4.00 GB

 - commit_granule_bytes: 65536.
 - commit_granule_words: 16384.
 - virtual_space_node_default_size: 2097152.
 - enlarge_chunks_in_place: 1.
 - new_chunks_are_fully_committed: 0.
 - uncommit_free_chunks: 1.
 - use_allocation_guard: 0.
 - handle_deallocations: 1.


Internal statistics:

num_allocs_failed_limit: 3.
num_arena_births: 1065.
num_arena_deaths: 10.
num_vsnodes_births: 9.
num_vsnodes_deaths: 0.
num_space_committed: 1068.
num_space_uncommitted: 0.
num_chunks_returned_to_freelist: 23.
num_chunks_taken_from_freelist: 3471.
num_chunk_merges: 8.
num_chunk_splits: 2531.
num_chunks_enlarged: 2067.
num_purges: 1.

CodeCache: size=32768Kb used=14687Kb max_used=14945Kb free=18080Kb
 bounds [0x037e0000, 0x04680000, 0x057e0000]
 total_blobs=12384 nmethods=11432 adapters=884
 compilation: enabled
              stopped_count=0, restarted_count=0
 full_count=0

Compilation events (20 events):
Event: 102.099 Thread 0x035737c8 11583             net.minecraft.world.level.chunk.LevelChunk::getWorldForge (5 bytes)
Event: 102.099 Thread 0x035737c8 nmethod 11583 0x04476948 code [0x04476a60, 0x04476b10]
Event: 102.099 Thread 0x035737c8 11584             net.minecraft.world.level.chunk.LevelChunk::getWorldForge (5 bytes)
Event: 102.099 Thread 0x035737c8 nmethod 11584 0x0399d148 code [0x0399d260, 0x0399d310]
Event: 102.099 Thread 0x035737c8 11585             it.unimi.dsi.fastutil.objects.Object2ObjectArrayMap::access$200 (5 bytes)
Event: 102.099 Thread 0x035737c8 nmethod 11585 0x04025f88 code [0x040260a0, 0x04026140]
Event: 102.101 Thread 0x035737c8 11586             net.minecraft.client.renderer.block.model.BakedQuad::getTintIndex (5 bytes)
Event: 102.101 Thread 0x035737c8 nmethod 11586 0x0432bc08 code [0x0432bd20, 0x0432bdd0]
Event: 102.105 Thread 0x035737c8 11587             net.minecraft.world.level.ChunkPos::getMinBlockX (8 bytes)
Event: 102.105 Thread 0x035737c8 nmethod 11587 0x044f2148 code [0x044f2260, 0x044f2310]
Event: 102.105 Thread 0x035737c8 11588             net.minecraft.world.level.ChunkPos::getMinBlockZ (8 bytes)
Event: 102.105 Thread 0x035737c8 nmethod 11588 0x03d52d88 code [0x03d52ea0, 0x03d52f50]
Event: 102.107 Thread 0x035737c8 11589             com.mojang.math.Vector4f::dot (40 bytes)
Event: 102.107 Thread 0x035737c8 nmethod 11589 0x03d622c8 code [0x03d623e0, 0x03d624d0]
Event: 102.111 Thread 0x035737c8 11595             net.minecraft.world.phys.shapes.DiscreteVoxelShape::forAllAxisEdges (414 bytes)
Event: 102.112 Thread 0x035737c8 nmethod 11595 0x0432d148 code [0x0432d3c0, 0x0432dbd8]
Event: 102.124 Thread 0x035737c8 11597             net.minecraft.world.level.levelgen.structure.StructureStart$1::isValid (2 bytes)
Event: 102.124 Thread 0x035737c8 nmethod 11597 0x0432cf48 code [0x0432d060, 0x0432d110]
Event: 102.141 Thread 0x035737c8 11599             net.minecraftforge.eventbus.ListenerList$ListenerListInst::getListeners (58 bytes)
Event: 102.142 Thread 0x035737c8 nmethod 11599 0x03ed26c8 code [0x03ed2860, 0x03ed2b80]

GC Heap History (20 events):
Event: 98.873 GC heap before
{Heap before GC invocations=739 (full 11):
 def new generation   total 314560K, used 293561K [0x05800000, 0x1ad50000, 0x1ad50000)
  eden space 279616K, 100% used [0x05800000, 0x16910000, 0x16910000)
  from space 34944K,  39% used [0x16910000, 0x176ae788, 0x18b30000)
  to   space 34944K,   0% used [0x18b30000, 0x18b30000, 0x1ad50000)
 tenured generation   total 699072K, used 593646K [0x1ad50000, 0x45800000, 0x45800000)
   the space 699072K,  84% used [0x1ad50000, 0x3f10b910, 0x3f10ba00, 0x45800000)
 Metaspace       used 66601K, committed 67520K, reserved 73728K
}
Event: 98.898 GC heap after
{Heap after GC invocations=740 (full 11):
 def new generation   total 314560K, used 24364K [0x05800000, 0x1ad50000, 0x1ad50000)
  eden space 279616K,   0% used [0x05800000, 0x05800000, 0x16910000)
  from space 34944K,  69% used [0x18b30000, 0x1a2fb158, 0x1ad50000)
  to   space 34944K,   0% used [0x16910000, 0x16910000, 0x18b30000)
 tenured generation   total 699072K, used 594160K [0x1ad50000, 0x45800000, 0x45800000)
   the space 699072K,  84% used [0x1ad50000, 0x3f18c2c0, 0x3f18c400, 0x45800000)
 Metaspace       used 66601K, committed 67520K, reserved 73728K
}
Event: 99.091 GC heap before
{Heap before GC invocations=740 (full 11):
 def new generation   total 314560K, used 303980K [0x05800000, 0x1ad50000, 0x1ad50000)
  eden space 279616K, 100% used [0x05800000, 0x16910000, 0x16910000)
  from space 34944K,  69% used [0x18b30000, 0x1a2fb158, 0x1ad50000)
  to   space 34944K,   0% used [0x16910000, 0x16910000, 0x18b30000)
 tenured generation   total 699072K, used 594160K [0x1ad50000, 0x45800000, 0x45800000)
   the space 699072K,  84% used [0x1ad50000, 0x3f18c2c0, 0x3f18c400, 0x45800000)
 Metaspace       used 66669K, committed 67584K, reserved 73728K
}
Event: 99.113 GC heap after
{Heap after GC invocations=741 (full 11):
 def new generation   total 314560K, used 25826K [0x05800000, 0x1ad50000, 0x1ad50000)
  eden space 279616K,   0% used [0x05800000, 0x05800000, 0x16910000)
  from space 34944K,  73% used [0x16910000, 0x182489c8, 0x18b30000)
  to   space 34944K,   0% used [0x18b30000, 0x18b30000, 0x1ad50000)
 tenured generation   total 699072K, used 601102K [0x1ad50000, 0x45800000, 0x45800000)
   the space 699072K,  85% used [0x1ad50000, 0x3f853a00, 0x3f853a00, 0x45800000)
 Metaspace       used 66669K, committed 67584K, reserved 73728K
}
Event: 99.246 GC heap before
{Heap before GC invocations=741 (full 11):
 def new generation   total 314560K, used 187958K [0x05800000, 0x1ad50000, 0x1ad50000)
  eden space 279616K,  57% used [0x05800000, 0x0f6550b8, 0x16910000)
  from space 34944K,  73% used [0x16910000, 0x182489c8, 0x18b30000)
  to   space 34944K,   0% used [0x18b30000, 0x18b30000, 0x1ad50000)
 tenured generation   total 699072K, used 601102K [0x1ad50000, 0x45800000, 0x45800000)
   the space 699072K,  85% used [0x1ad50000, 0x3f853a00, 0x3f853a00, 0x45800000)
 Metaspace       used 66786K, committed 67712K, reserved 73728K
}
Event: 100.294 GC heap after
{Heap after GC invocations=742 (full 12):
 def new generation   total 314560K, used 0K [0x05800000, 0x1ad50000, 0x1ad50000)
  eden space 279616K,   0% used [0x05800000, 0x05800000, 0x16910000)
  from space 34944K,   0% used [0x16910000, 0x16910000, 0x18b30000)
  to   space 34944K,   0% used [0x18b30000, 0x18b30000, 0x1ad50000)
 tenured generation   total 699072K, used 521414K [0x1ad50000, 0x45800000, 0x45800000)
   the space 699072K,  74% used [0x1ad50000, 0x3aa81a00, 0x3aa81a00, 0x45800000)
 Metaspace       used 66786K, committed 67712K, reserved 73728K
}
Event: 100.541 GC heap before
{Heap before GC invocations=742 (full 12):
 def new generation   total 314560K, used 279616K [0x05800000, 0x1ad50000, 0x1ad50000)
  eden space 279616K, 100% used [0x05800000, 0x16910000, 0x16910000)
  from space 34944K,   0% used [0x16910000, 0x16910000, 0x18b30000)
  to   space 34944K,   0% used [0x18b30000, 0x18b30000, 0x1ad50000)
 tenured generation   total 699072K, used 521414K [0x1ad50000, 0x45800000, 0x45800000)
   the space 699072K,  74% used [0x1ad50000, 0x3aa81a00, 0x3aa81a00, 0x45800000)
 Metaspace       used 66829K, committed 67776K, reserved 73728K
}
Event: 100.559 GC heap after
{Heap after GC invocations=743 (full 12):
 def new generation   total 314560K, used 7825K [0x05800000, 0x1ad50000, 0x1ad50000)
  eden space 279616K,   0% used [0x05800000, 0x05800000, 0x16910000)
  from space 34944K,  22% used [0x18b30000, 0x192d4538, 0x1ad50000)
  to   space 34944K,   0% used [0x16910000, 0x16910000, 0x18b30000)
 tenured generation   total 699072K, used 521414K [0x1ad50000, 0x45800000, 0x45800000)
   the space 699072K,  74% used [0x1ad50000, 0x3aa81a00, 0x3aa81a00, 0x45800000)
 Metaspace       used 66829K, committed 67776K, reserved 73728K
}
Event: 100.822 GC heap before
{Heap before GC invocations=743 (full 12):
 def new generation   total 314560K, used 287441K [0x05800000, 0x1ad50000, 0x1ad50000)
  eden space 279616K, 100% used [0x05800000, 0x16910000, 0x16910000)
  from space 34944K,  22% used [0x18b30000, 0x192d4538, 0x1ad50000)
  to   space 34944K,   0% used [0x16910000, 0x16910000, 0x18b30000)
 tenured generation   total 699072K, used 521414K [0x1ad50000, 0x45800000, 0x45800000)
   the space 699072K,  74% used [0x1ad50000, 0x3aa81a00, 0x3aa81a00, 0x45800000)
 Metaspace       used 66969K, committed 67904K, reserved 73728K
}
Event: 100.850 GC heap after
{Heap after GC invocations=744 (full 12):
 def new generation   total 314560K, used 15429K [0x05800000, 0x1ad50000, 0x1ad50000)
  eden space 279616K,   0% used [0x05800000, 0x05800000, 0x16910000)
  from space 34944K,  44% used [0x16910000, 0x17821740, 0x18b30000)
  to   space 34944K,   0% used [0x18b30000, 0x18b30000, 0x1ad50000)
 tenured generation   total 699072K, used 521414K [0x1ad50000, 0x45800000, 0x45800000)
   the space 699072K,  74% used [0x1ad50000, 0x3aa81a00, 0x3aa81a00, 0x45800000)
 Metaspace       used 66969K, committed 67904K, reserved 73728K
}
Event: 101.143 GC heap before
{Heap before GC invocations=744 (full 12):
 def new generation   total 314560K, used 295045K [0x05800000, 0x1ad50000, 0x1ad50000)
  eden space 279616K, 100% used [0x05800000, 0x16910000, 0x16910000)
  from space 34944K,  44% used [0x16910000, 0x17821740, 0x18b30000)
  to   space 34944K,   0% used [0x18b30000, 0x18b30000, 0x1ad50000)
 tenured generation   total 699072K, used 521414K [0x1ad50000, 0x45800000, 0x45800000)
   the space 699072K,  74% used [0x1ad50000, 0x3aa81a00, 0x3aa81a00, 0x45800000)
 Metaspace       used 67021K, committed 67968K, reserved 73728K
}
Event: 101.172 GC heap after
{Heap after GC invocations=745 (full 12):
 def new generation   total 314560K, used 26651K [0x05800000, 0x1ad50000, 0x1ad50000)
  eden space 279616K,   0% used [0x05800000, 0x05800000, 0x16910000)
  from space 34944K,  76% used [0x18b30000, 0x1a536e50, 0x1ad50000)
  to   space 34944K,   0% used [0x16910000, 0x16910000, 0x18b30000)
 tenured generation   total 699072K, used 521414K [0x1ad50000, 0x45800000, 0x45800000)
   the space 699072K,  74% used [0x1ad50000, 0x3aa81a00, 0x3aa81a00, 0x45800000)
 Metaspace       used 67021K, committed 67968K, reserved 73728K
}
Event: 101.416 GC heap before
{Heap before GC invocations=745 (full 12):
 def new generation   total 314560K, used 306267K [0x05800000, 0x1ad50000, 0x1ad50000)
  eden space 279616K, 100% used [0x05800000, 0x16910000, 0x16910000)
  from space 34944K,  76% used [0x18b30000, 0x1a536e50, 0x1ad50000)
  to   space 34944K,   0% used [0x16910000, 0x16910000, 0x18b30000)
 tenured generation   total 699072K, used 521414K [0x1ad50000, 0x45800000, 0x45800000)
   the space 699072K,  74% used [0x1ad50000, 0x3aa81a00, 0x3aa81a00, 0x45800000)
 Metaspace       used 67065K, committed 67968K, reserved 73728K
}
Event: 101.441 GC heap after
{Heap after GC invocations=746 (full 12):
 def new generation   total 314560K, used 21333K [0x05800000, 0x1ad50000, 0x1ad50000)
  eden space 279616K,   0% used [0x05800000, 0x05800000, 0x16910000)
  from space 34944K,  61% used [0x16910000, 0x17de54a8, 0x18b30000)
  to   space 34944K,   0% used [0x18b30000, 0x18b30000, 0x1ad50000)
 tenured generation   total 699072K, used 536272K [0x1ad50000, 0x45800000, 0x45800000)
   the space 699072K,  76% used [0x1ad50000, 0x3b904000, 0x3b904000, 0x45800000)
 Metaspace       used 67065K, committed 67968K, reserved 73728K
}
Event: 101.658 GC heap before
{Heap before GC invocations=746 (full 12):
 def new generation   total 314560K, used 300949K [0x05800000, 0x1ad50000, 0x1ad50000)
  eden space 279616K, 100% used [0x05800000, 0x16910000, 0x16910000)
  from space 34944K,  61% used [0x16910000, 0x17de54a8, 0x18b30000)
  to   space 34944K,   0% used [0x18b30000, 0x18b30000, 0x1ad50000)
 tenured generation   total 699072K, used 536272K [0x1ad50000, 0x45800000, 0x45800000)
   the space 699072K,  76% used [0x1ad50000, 0x3b904000, 0x3b904000, 0x45800000)
 Metaspace       used 67065K, committed 67968K, reserved 73728K
}
Event: 101.669 GC heap after
{Heap after GC invocations=747 (full 12):
 def new generation   total 314560K, used 10110K [0x05800000, 0x1ad50000, 0x1ad50000)
  eden space 279616K,   0% used [0x05800000, 0x05800000, 0x16910000)
  from space 34944K,  28% used [0x18b30000, 0x1950f878, 0x1ad50000)
  to   space 34944K,   0% used [0x16910000, 0x16910000, 0x18b30000)
 tenured generation   total 699072K, used 547527K [0x1ad50000, 0x45800000, 0x45800000)
   the space 699072K,  78% used [0x1ad50000, 0x3c401f90, 0x3c402000, 0x45800000)
 Metaspace       used 67065K, committed 67968K, reserved 73728K
}
Event: 101.902 GC heap before
{Heap before GC invocations=747 (full 12):
 def new generation   total 314560K, used 289726K [0x05800000, 0x1ad50000, 0x1ad50000)
  eden space 279616K, 100% used [0x05800000, 0x16910000, 0x16910000)
  from space 34944K,  28% used [0x18b30000, 0x1950f898, 0x1ad50000)
  to   space 34944K,   0% used [0x16910000, 0x16910000, 0x18b30000)
 tenured generation   total 699072K, used 547527K [0x1ad50000, 0x45800000, 0x45800000)
   the space 699072K,  78% used [0x1ad50000, 0x3c401f90, 0x3c402000, 0x45800000)
 Metaspace       used 67189K, committed 68096K, reserved 73728K
}
Event: 101.911 GC heap after
{Heap after GC invocations=748 (full 12):
 def new generation   total 314560K, used 11477K [0x05800000, 0x1ad50000, 0x1ad50000)
  eden space 279616K,   0% used [0x05800000, 0x05800000, 0x16910000)
  from space 34944K,  32% used [0x16910000, 0x174454f8, 0x18b30000)
  to   space 34944K,   0% used [0x18b30000, 0x18b30000, 0x1ad50000)
 tenured generation   total 699072K, used 547527K [0x1ad50000, 0x45800000, 0x45800000)
   the space 699072K,  78% used [0x1ad50000, 0x3c401f90, 0x3c402000, 0x45800000)
 Metaspace       used 67189K, committed 68096K, reserved 73728K
}
Event: 102.130 GC heap before
{Heap before GC invocations=748 (full 12):
 def new generation   total 314560K, used 291093K [0x05800000, 0x1ad50000, 0x1ad50000)
  eden space 279616K, 100% used [0x05800000, 0x16910000, 0x16910000)
  from space 34944K,  32% used [0x16910000, 0x17445508, 0x18b30000)
  to   space 34944K,   0% used [0x18b30000, 0x18b30000, 0x1ad50000)
 tenured generation   total 699072K, used 547527K [0x1ad50000, 0x45800000, 0x45800000)
   the space 699072K,  78% used [0x1ad50000, 0x3c401f90, 0x3c402000, 0x45800000)
 Metaspace       used 67369K, committed 68288K, reserved 73728K
}
Event: 102.139 GC heap after
{Heap after GC invocations=749 (full 12):
 def new generation   total 314560K, used 12004K [0x05800000, 0x1ad50000, 0x1ad50000)
  eden space 279616K,   0% used [0x05800000, 0x05800000, 0x16910000)
  from space 34944K,  34% used [0x18b30000, 0x196e9100, 0x1ad50000)
  to   space 34944K,   0% used [0x16910000, 0x16910000, 0x18b30000)
 tenured generation   total 699072K, used 547527K [0x1ad50000, 0x45800000, 0x45800000)
   the space 699072K,  78% used [0x1ad50000, 0x3c401f90, 0x3c402000, 0x45800000)
 Metaspace       used 67369K, committed 68288K, reserved 73728K
}

Deoptimization events (20 events):
Event: 53.648 Thread 0x490d2838 DEOPT PACKING pc=0x0408ea40 sp=0x4b1af6d0
Event: 53.648 Thread 0x490d2838 DEOPT UNPACKING pc=0x0381f1d1 sp=0x4b1af570 mode 0
Event: 53.837 Thread 0x48b67b78 DEOPT PACKING pc=0x0408ea40 sp=0x4a64f3c0
Event: 53.838 Thread 0x48b67b78 DEOPT UNPACKING pc=0x0381f1d1 sp=0x4a64f260 mode 0
Event: 53.878 Thread 0x490d24d0 DEOPT PACKING pc=0x0408ea40 sp=0x4b11f1a0
Event: 53.878 Thread 0x490d24d0 DEOPT UNPACKING pc=0x0381f1d1 sp=0x4b11f040 mode 0
Event: 53.926 Thread 0x490d3ca8 DEOPT PACKING pc=0x0408ea40 sp=0x4a7ff0f0
Event: 53.926 Thread 0x490d3ca8 DEOPT UNPACKING pc=0x0381f1d1 sp=0x4a7fef90 mode 0
Event: 54.199 Thread 0x490a1460 DEOPT PACKING pc=0x0408ea40 sp=0x4a76f1c0
Event: 54.199 Thread 0x490a1460 DEOPT UNPACKING pc=0x0381f1d1 sp=0x4a76f060 mode 0
Event: 55.910 Thread 0x490d2ba0 DEOPT PACKING pc=0x0408ea40 sp=0x4b08f7a0
Event: 55.910 Thread 0x490d2ba0 DEOPT UNPACKING pc=0x0381f1d1 sp=0x4b08f640 mode 0
Event: 86.122 Thread 0x03787940 DEOPT PACKING pc=0x043194a5 sp=0x0116e540
Event: 86.122 Thread 0x03787940 DEOPT UNPACKING pc=0x0381f1d1 sp=0x0116e4b0 mode 3
Event: 86.226 Thread 0x79388770 DEOPT PACKING pc=0x039b0967 sp=0x636ef5e0
Event: 86.226 Thread 0x79388770 DEOPT UNPACKING pc=0x0381f1d1 sp=0x636ef444 mode 3
Event: 99.230 Thread 0x4de75d38 DEOPT PACKING pc=0x045b44ac sp=0x62dbf3d0
Event: 99.230 Thread 0x4de75d38 DEOPT UNPACKING pc=0x0381f1d1 sp=0x62dbf2dc mode 0
Event: 99.232 Thread 0x4de75d38 DEOPT PACKING pc=0x044d0ff0 sp=0x62dbf4f0
Event: 99.232 Thread 0x4de75d38 DEOPT UNPACKING pc=0x0381f1d1 sp=0x62dbf3d0 mode 0

Classes unloaded (10 events):
Event: 7.469 Thread 0x0353d820 Unloading class 0x4aa6dea0 'java/lang/invoke/LambdaForm$DMH+0x4aa6dea0'
Event: 7.469 Thread 0x0353d820 Unloading class 0x4aa6d2a0 'java/lang/invoke/LambdaForm$DMH+0x4aa6d2a0'
Event: 7.469 Thread 0x0353d820 Unloading class 0x4aa6cea0 'java/lang/invoke/LambdaForm$DMH+0x4aa6cea0'
Event: 7.469 Thread 0x0353d820 Unloading class 0x4aa6caa0 'java/lang/invoke/LambdaForm$DMH+0x4aa6caa0'
Event: 7.469 Thread 0x0353d820 Unloading class 0x4aa6c6a0 'java/lang/invoke/LambdaForm$DMH+0x4aa6c6a0'
Event: 7.469 Thread 0x0353d820 Unloading class 0x4aa62680 'java/lang/invoke/LambdaForm$DMH+0x4aa62680'
Event: 7.469 Thread 0x0353d820 Unloading class 0x4aa62280 'java/lang/invoke/LambdaForm$DMH+0x4aa62280'
Event: 7.469 Thread 0x0353d820 Unloading class 0x4aa61e80 'java/lang/invoke/LambdaForm$DMH+0x4aa61e80'
Event: 7.469 Thread 0x0353d820 Unloading class 0x4aa61280 'java/lang/invoke/LambdaForm$DMH+0x4aa61280'
Event: 7.469 Thread 0x0353d820 Unloading class 0x4aa61680 'java/lang/invoke/LambdaForm$DMH+0x4aa61680'

Classes redefined (0 events):
No events

Internal exceptions (20 events):
Event: 102.118 Thread 0x4de76ad8 Exception <a 'sun/nio/fs/WindowsException'{0x15880e08}> (0x15880e08) 
thrown [j:\jenkins\tmp\workspace\build\src\src\hotspot\share\prims\jni.cpp, line 579]
Event: 102.120 Thread 0x4de76ad8 Exception <a 'sun/nio/fs/WindowsException'{0x159c5c48}> (0x159c5c48) 
thrown [j:\jenkins\tmp\workspace\build\src\src\hotspot\share\prims\jni.cpp, line 579]
Event: 102.121 Thread 0x4de76e40 Exception <a 'sun/nio/fs/WindowsException'{0x15c4ce80}> (0x15c4ce80) 
thrown [j:\jenkins\tmp\workspace\build\src\src\hotspot\share\prims\jni.cpp, line 579]
Event: 102.123 Thread 0x4de76ad8 Exception <a 'sun/nio/fs/WindowsException'{0x15e83018}> (0x15e83018) 
thrown [j:\jenkins\tmp\workspace\build\src\src\hotspot\share\prims\jni.cpp, line 579]
Event: 102.125 Thread 0x4de76ad8 Exception <a 'sun/nio/fs/WindowsException'{0x16195668}> (0x16195668) 
thrown [j:\jenkins\tmp\workspace\build\src\src\hotspot\share\prims\jni.cpp, line 579]
Event: 102.127 Thread 0x4de76ad8 Exception <a 'sun/nio/fs/WindowsException'{0x163d77e0}> (0x163d77e0) 
thrown [j:\jenkins\tmp\workspace\build\src\src\hotspot\share\prims\jni.cpp, line 579]
Event: 102.128 Thread 0x4de74f98 Exception <a 'java/net/UnknownHostException'{0x16642bb0}> (0x16642bb0) 
thrown [j:\jenkins\tmp\workspace\build\src\src\hotspot\share\prims\jni.cpp, line 579]
Event: 102.129 Thread 0x4de76e40 Exception <a 'sun/nio/fs/WindowsException'{0x16645480}> (0x16645480) 
thrown [j:\jenkins\tmp\workspace\build\src\src\hotspot\share\prims\jni.cpp, line 579]
Event: 102.139 Thread 0x03544598 Exception <a 'java/net/SocketException'{0x05d27990}: Socket is not connected: shutdown> (0x05d27990) 
thrown [j:\jenkins\tmp\workspace\build\src\src\hotspot\share\prims\jni.cpp, line 600]
Event: 102.140 Thread 0x4de76e40 Exception <a 'sun/nio/fs/WindowsException'{0x05da5350}> (0x05da5350) 
thrown [j:\jenkins\tmp\workspace\build\src\src\hotspot\share\prims\jni.cpp, line 579]
Event: 102.142 Thread 0x4de76ad8 Exception <a 'sun/nio/fs/WindowsException'{0x05dea4b0}> (0x05dea4b0) 
thrown [j:\jenkins\tmp\workspace\build\src\src\hotspot\share\prims\jni.cpp, line 579]
Event: 102.144 Thread 0x4de76ad8 Exception <a 'sun/nio/fs/WindowsException'{0x05dee238}> (0x05dee238) 
thrown [j:\jenkins\tmp\workspace\build\src\src\hotspot\share\prims\jni.cpp, line 579]
Event: 102.145 Thread 0x4de76e40 Exception <a 'sun/nio/fs/WindowsException'{0x06296d80}> (0x06296d80) 
thrown [j:\jenkins\tmp\workspace\build\src\src\hotspot\share\prims\jni.cpp, line 579]
Event: 102.146 Thread 0x4de76e40 Exception <a 'sun/nio/fs/WindowsException'{0x06475320}> (0x06475320) 
thrown [j:\jenkins\tmp\workspace\build\src\src\hotspot\share\prims\jni.cpp, line 579]
Event: 102.148 Thread 0x4de76ad8 Exception <a 'sun/nio/fs/WindowsException'{0x06548598}> (0x06548598) 
thrown [j:\jenkins\tmp\workspace\build\src\src\hotspot\share\prims\jni.cpp, line 579]
Event: 102.149 Thread 0x4de76ad8 Exception <a 'sun/nio/fs/WindowsException'{0x0698f550}> (0x0698f550) 
thrown [j:\jenkins\tmp\workspace\build\src\src\hotspot\share\prims\jni.cpp, line 579]
Event: 102.151 Thread 0x4de76ad8 Exception <a 'sun/nio/fs/WindowsException'{0x06994e80}> (0x06994e80) 
thrown [j:\jenkins\tmp\workspace\build\src\src\hotspot\share\prims\jni.cpp, line 579]
Event: 102.152 Thread 0x4de76ad8 Exception <a 'sun/nio/fs/WindowsException'{0x06bb7db0}> (0x06bb7db0) 
thrown [j:\jenkins\tmp\workspace\build\src\src\hotspot\share\prims\jni.cpp, line 579]
Event: 102.154 Thread 0x4de76e40 Exception <a 'sun/nio/fs/WindowsException'{0x06e6f8c0}> (0x06e6f8c0) 
thrown [j:\jenkins\tmp\workspace\build\src\src\hotspot\share\prims\jni.cpp, line 579]
Event: 102.155 Thread 0x4de76e40 Exception <a 'sun/nio/fs/WindowsException'{0x06ecf538}> (0x06ecf538) 
thrown [j:\jenkins\tmp\workspace\build\src\src\hotspot\share\prims\jni.cpp, line 579]

Events (20 events):
Event: 102.077 Thread 0x03578298 flushing nmethod 0x044f80c8
Event: 102.077 Thread 0x03578298 flushing nmethod 0x044f8388
Event: 102.077 Thread 0x03578298 flushing nmethod 0x045015c8
Event: 102.077 Thread 0x03578298 flushing nmethod 0x04506948
Event: 102.077 Thread 0x03578298 flushing nmethod 0x04506c48
Event: 102.077 Thread 0x03578298 flushing nmethod 0x04531ec8
Event: 102.077 Thread 0x03578298 flushing nmethod 0x04534a88
Event: 102.077 Thread 0x03578298 flushing nmethod 0x04538548
Event: 102.077 Thread 0x03578298 flushing nmethod 0x0456f6c8
Event: 102.077 Thread 0x03578298 flushing nmethod 0x04576d88
Event: 102.077 Thread 0x03578298 flushing nmethod 0x04577148
Event: 102.078 Thread 0x03578298 flushing nmethod 0x045854c8
Event: 102.078 Thread 0x03578298 flushing nmethod 0x045b34c8
Event: 102.078 Thread 0x03578298 flushing nmethod 0x045b9d48
Event: 102.111 Executing  VM operation: HandshakeAllThreads
Event: 102.111 Executing  VM operation: HandshakeAllThreads done
Event: 102.130 Executing  VM operation: GenCollectForAllocation
Event: 102.130 Executing  VM operation: GenCollectForAllocation done
Event: 102.130 Executing  VM operation: GenCollectForAllocation
Event: 102.139 Executing  VM operation: GenCollectForAllocation done


Dynamic libraries:
0x00d00000 - 0x00d0c000 	C:\Program Files (x86)\Eclipse Adoptium\jdk-16.0.2.7-hotspot\bin\javaw.exe
0x77230000 - 0x773d3000 	C:\WINDOWS\SYSTEM32\ntdll.dll
0x76070000 - 0x76160000 	C:\WINDOWS\System32\KERNEL32.DLL
0x76510000 - 0x76724000 	C:\WINDOWS\System32\KERNELBASE.dll
0x75af0000 - 0x75c10000 	C:\WINDOWS\System32\ucrtbase.dll
0x54300000 - 0x54314000 	C:\Program Files (x86)\Eclipse Adoptium\jdk-16.0.2.7-hotspot\bin\jli.dll
0x542e0000 - 0x542f4000 	C:\Program Files (x86)\Eclipse Adoptium\jdk-16.0.2.7-hotspot\bin\VCRUNTIME140.dll
0x76340000 - 0x764e0000 	C:\WINDOWS\System32\USER32.dll
0x75e30000 - 0x75e48000 	C:\WINDOWS\System32\win32u.dll
0x6fa00000 - 0x6fc10000 	C:\WINDOWS\WinSxS\x86_microsoft.windows.common-controls_6595b64144ccf1df_6.0.19041.1110_none_a8625c1886757984\COMCTL32.dll
0x761e0000 - 0x76204000 	C:\WINDOWS\System32\GDI32.dll
0x77000000 - 0x770bf000 	C:\WINDOWS\System32\msvcrt.dll
0x76260000 - 0x7633c000 	C:\WINDOWS\System32\gdi32full.dll
0x76d20000 - 0x76d9b000 	C:\WINDOWS\System32\msvcp_win.dll
0x76730000 - 0x76755000 	C:\WINDOWS\System32\IMM32.DLL
0x74880000 - 0x7493a000 	C:\Windows\System32\guard32.dll
0x75db0000 - 0x75e2a000 	C:\WINDOWS\System32\ADVAPI32.dll
0x76160000 - 0x761d5000 	C:\WINDOWS\System32\sechost.dll
0x769f0000 - 0x76aaf000 	C:\WINDOWS\System32\RPCRT4.dll
0x74870000 - 0x74878000 	C:\WINDOWS\system32\version.dll
0x75ef0000 - 0x75fd3000 	C:\WINDOWS\System32\ole32.dll
0x76760000 - 0x769e1000 	C:\WINDOWS\System32\combase.dll
0x74860000 - 0x74868000 	C:\WINDOWS\system32\fltlib.dll
0x750f0000 - 0x756a3000 	C:\WINDOWS\System32\shell32.dll
0x54260000 - 0x542d1000 	C:\Program Files (x86)\Eclipse Adoptium\jdk-16.0.2.7-hotspot\bin\msvcp140.dll
0x53d40000 - 0x5425c000 	C:\Program Files (x86)\Eclipse Adoptium\jdk-16.0.2.7-hotspot\bin\client\jvm.dll
0x76f10000 - 0x76f16000 	C:\WINDOWS\System32\PSAPI.DLL
0x6f9f0000 - 0x6f9f8000 	C:\WINDOWS\SYSTEM32\WSOCK32.dll
0x76da0000 - 0x76e03000 	C:\WINDOWS\System32\WS2_32.dll
0x74940000 - 0x74968000 	C:\WINDOWS\SYSTEM32\WINMM.dll
0x74770000 - 0x7477f000 	C:\WINDOWS\SYSTEM32\kernel.appcore.dll
0x53d30000 - 0x53d39000 	C:\Program Files (x86)\Eclipse Adoptium\jdk-16.0.2.7-hotspot\bin\jimage.dll
0x6ccc0000 - 0x6ce48000 	C:\WINDOWS\SYSTEM32\DBGHELP.DLL
0x68580000 - 0x685a6000 	C:\WINDOWS\SYSTEM32\dbgcore.DLL
0x75c10000 - 0x75c6f000 	C:\WINDOWS\System32\bcryptPrimitives.dll
0x53d00000 - 0x53d21000 	C:\Program Files (x86)\Eclipse Adoptium\jdk-16.0.2.7-hotspot\bin\java.dll
0x71440000 - 0x71a48000 	C:\WINDOWS\SYSTEM32\windows.storage.dll
0x709b0000 - 0x709d5000 	C:\WINDOWS\SYSTEM32\Wldp.dll
0x75c70000 - 0x75cf7000 	C:\WINDOWS\System32\SHCORE.dll
0x76210000 - 0x76255000 	C:\WINDOWS\System32\shlwapi.dll
0x70990000 - 0x709a8000 	C:\WINDOWS\SYSTEM32\profapi.dll
0x53ce0000 - 0x53cf4000 	C:\Program Files (x86)\Eclipse Adoptium\jdk-16.0.2.7-hotspot\bin\net.dll
0x73990000 - 0x73a5b000 	C:\WINDOWS\SYSTEM32\WINHTTP.dll
0x70800000 - 0x70852000 	C:\WINDOWS\system32\mswsock.dll
0x53cd0000 - 0x53cdf000 	C:\Program Files (x86)\Eclipse Adoptium\jdk-16.0.2.7-hotspot\bin\nio.dll
0x53cb0000 - 0x53cc4000 	C:\Program Files (x86)\Eclipse Adoptium\jdk-16.0.2.7-hotspot\bin\zip.dll
0x53ca0000 - 0x53cad000 	C:\Program Files (x86)\Eclipse Adoptium\jdk-16.0.2.7-hotspot\bin\verify.dll
0x53c90000 - 0x53c98000 	C:\Program Files (x86)\Eclipse Adoptium\jdk-16.0.2.7-hotspot\bin\management.dll
0x53c80000 - 0x53c89000 	C:\Program Files (x86)\Eclipse Adoptium\jdk-16.0.2.7-hotspot\bin\management_ext.dll
0x6df30000 - 0x6df41000 	C:\WINDOWS\system32\napinsp.dll
0x6df10000 - 0x6df26000 	C:\WINDOWS\system32\pnrpnsp.dll
0x6def0000 - 0x6df06000 	C:\WINDOWS\system32\NLAapi.dll
0x74fa0000 - 0x74fd2000 	C:\WINDOWS\SYSTEM32\IPHLPAPI.DLL
0x74780000 - 0x74811000 	C:\WINDOWS\SYSTEM32\DNSAPI.dll
0x77150000 - 0x77157000 	C:\WINDOWS\System32\NSI.dll
0x6fc10000 - 0x6fc20000 	C:\WINDOWS\system32\wshbth.dll
0x6dee0000 - 0x6deee000 	C:\WINDOWS\System32\winrnr.dll
0x6ffc0000 - 0x6ffc8000 	C:\Windows\System32\rasadhlp.dll
0x6e1d0000 - 0x6e228000 	C:\WINDOWS\System32\fwpuclnt.dll
0x75e50000 - 0x75e69000 	C:\WINDOWS\System32\bcrypt.dll
0x70940000 - 0x70953000 	C:\WINDOWS\SYSTEM32\CRYPTSP.dll
0x70910000 - 0x7093f000 	C:\WINDOWS\system32\rsaenh.dll
0x73a70000 - 0x73a95000 	C:\WINDOWS\SYSTEM32\USERENV.dll
0x70900000 - 0x7090a000 	C:\WINDOWS\SYSTEM32\CRYPTBASE.dll
0x74840000 - 0x74854000 	C:\WINDOWS\SYSTEM32\dhcpcsvc6.DLL
0x74820000 - 0x74836000 	C:\WINDOWS\SYSTEM32\dhcpcsvc.DLL
0x53c40000 - 0x53c7a000 	C:\Users\felix\AppData\Local\Temp\jna-97315196\jna17862410550823874175.dll
0x75e70000 - 0x75eee000 	C:\WINDOWS\System32\clbcatq.dll
0x76e70000 - 0x76f06000 	C:\WINDOWS\System32\OleAut32.dll
0x6fcb0000 - 0x6fcc2000 	C:\WINDOWS\SYSTEM32\amsi.dll
0x53c00000 - 0x53c3f000 	C:\WINDOWS\SYSTEM32\Pdh.dll
0x53bf0000 - 0x53bfd000 	C:\WINDOWS\System32\perfos.dll
0x53b80000 - 0x53bed000 	C:\Users\felix\AppData\Local\Temp\lwjglfelix\3.2.2-SNAPSHOT\lwjgl32.dll
0x53b40000 - 0x53b7e000 	C:\Users\felix\AppData\Local\Temp\lwjglfelix\3.2.2-SNAPSHOT\jemalloc32.dll
0x53ae0000 - 0x53b38000 	C:\Users\felix\AppData\Local\Temp\lwjglfelix\3.2.2-SNAPSHOT\glfw32.dll
0x74fe0000 - 0x75054000 	C:\WINDOWS\system32\uxtheme.dll
0x6dc50000 - 0x6dc87000 	C:\WINDOWS\SYSTEM32\dinput8.dll
0x53ad0000 - 0x53add000 	C:\WINDOWS\SYSTEM32\xinput1_4.dll
0x77110000 - 0x7714b000 	C:\WINDOWS\System32\cfgmgr32.dll
0x6dca0000 - 0x6dccb000 	C:\WINDOWS\SYSTEM32\DEVOBJ.dll
0x6d490000 - 0x6d57d000 	C:\WINDOWS\SYSTEM32\inputhost.dll
0x6d3f0000 - 0x6d48b000 	C:\WINDOWS\SYSTEM32\CoreMessaging.dll
0x6f8a0000 - 0x6f962000 	C:\WINDOWS\SYSTEM32\PROPSYS.dll
0x6d310000 - 0x6d3eb000 	C:\WINDOWS\SYSTEM32\wintypes.dll
0x6d090000 - 0x6d30e000 	C:\WINDOWS\SYSTEM32\CoreUIComponents.dll
0x70960000 - 0x70989000 	C:\WINDOWS\SYSTEM32\ntmarta.dll
0x72200000 - 0x72226000 	C:\WINDOWS\SYSTEM32\dwmapi.dll
0x4f0f0000 - 0x4f4ee000 	C:\Program Files (x86)\RivaTuner Statistics Server\RTSSHooks.dll
0x756b0000 - 0x75aec000 	C:\WINDOWS\System32\SETUPAPI.dll
0x76f20000 - 0x76ff3000 	C:\WINDOWS\System32\MSCTF.dll
0x6dc90000 - 0x6dc9a000 	C:\WINDOWS\SYSTEM32\HID.DLL
0x770c0000 - 0x77107000 	C:\WINDOWS\System32\WINTRUST.dll
0x76c20000 - 0x76d1a000 	C:\WINDOWS\System32\CRYPT32.dll
0x73980000 - 0x7398e000 	C:\WINDOWS\System32\MSASN1.dll
0x539c0000 - 0x53ac3000 	C:\WINDOWS\SYSTEM32\opengl32.dll
0x53980000 - 0x539bf000 	C:\WINDOWS\SYSTEM32\GLU32.dll
0x516c0000 - 0x53978000 	C:\WINDOWS\System32\DriverStore\FileRepository\nvhmi.inf_amd64_81b0e572c0ead3e1\nvoglv32.dll
0x73a60000 - 0x73a6f000 	C:\WINDOWS\SYSTEM32\WTSAPI32.dll
0x6da00000 - 0x6da26000 	C:\WINDOWS\SYSTEM32\cryptnet.dll
0x6a8c0000 - 0x6a9c2000 	C:\WINDOWS\SYSTEM32\drvstore.dll
0x6a770000 - 0x6a79c000 	C:\WINDOWS\SYSTEM32\dxcore.dll
0x51490000 - 0x516b2000 	C:\WINDOWS\system32\nvspcap.dll
0x6cb60000 - 0x6cba4000 	C:\WINDOWS\SYSTEM32\powrprof.dll
0x6cad0000 - 0x6cadd000 	C:\WINDOWS\SYSTEM32\UMPDC.dll
0x6f980000 - 0x6f9c7000 	C:\WINDOWS\SYSTEM32\WINSTA.dll
0x6a7a0000 - 0x6a859000 	C:\WINDOWS\SYSTEM32\textinputframework.dll
0x51430000 - 0x51483000 	C:\Users\felix\AppData\Local\Temp\lwjglfelix\3.2.2-SNAPSHOT\lwjgl_opengl32.dll
0x58730000 - 0x587a1000 	C:\Users\felix\AppData\Local\Temp\lwjglfelix\3.2.2-SNAPSHOT\lwjgl_stb32.dll
0x6aa60000 - 0x6aaf3000 	C:\WINDOWS\SYSTEM32\mscms.dll
0x6aa50000 - 0x6aa5c000 	C:\WINDOWS\SYSTEM32\ColorAdapterClient.dll
0x58850000 - 0x5888e000 	C:\WINDOWS\SYSTEM32\icm32.dll
0x58b60000 - 0x58b77000 	C:\dev\minecraft\cheesus\build\natives\SAPIWrapper_x86.dll
0x68200000 - 0x68341000 	C:\WINDOWS\System32\Speech\Common\sapi.dll
0x72230000 - 0x72249000 	C:\WINDOWS\SYSTEM32\MSACM32.dll
0x6f860000 - 0x6f869000 	C:\WINDOWS\SYSTEM32\msdmo.dll
0x71fe0000 - 0x71ffd000 	C:\WINDOWS\SYSTEM32\winmmbase.dll
0x6a9e0000 - 0x6aa4b000 	C:\WINDOWS\System32\MMDevApi.dll
0x5a7e0000 - 0x5a7eb000 	C:\Program Files (x86)\Eclipse Adoptium\jdk-16.0.2.7-hotspot\bin\sunmscapi.dll
0x68350000 - 0x68371000 	C:\WINDOWS\SYSTEM32\ncrypt.dll
0x6f870000 - 0x6f898000 	C:\WINDOWS\SYSTEM32\NTASN1.dll
0x73790000 - 0x7388f000 	C:\Users\felix\AppData\Local\Temp\lwjglfelix\3.2.2-SNAPSHOT\OpenAL32.dll
0x743c0000 - 0x744f6000 	C:\WINDOWS\SYSTEM32\AUDIOSES.DLL
0x71420000 - 0x7142f000 	C:\WINDOWS\SYSTEM32\resourcepolicyclient.dll
0x632c0000 - 0x6340f000 	C:\Program Files (x86)\Eclipse Adoptium\jdk-16.0.2.7-hotspot\bin\awt.dll
0x63410000 - 0x634af000 	C:\WINDOWS\SYSTEM32\apphelp.dll
0x63050000 - 0x63056000 	C:\WINDOWS\system32\wshunix.dll

dbghelp: loaded successfully - version: 4.0.5 - missing functions: none
symbol engine: initialized successfully - sym options: 0x614 - pdb path: .;C:\Program Files (x86)\Eclipse Adoptium\jdk-16.0.2.7-hotspot\bin;C:\WINDOWS\SYSTEM32;C:\WINDOWS\WinSxS\x86_microsoft.windows.common-controls_6595b64144ccf1df_6.0.19041.1110_none_a8625c1886757984;C:\Program Files (x86)\Eclipse Adoptium\jdk-16.0.2.7-hotspot\bin\client;C:\Users\felix\AppData\Local\Temp\jna-97315196;C:\Users\felix\AppData\Local\Temp\lwjglfelix\3.2.2-SNAPSHOT;C:\Program Files (x86)\RivaTuner Statistics Server;C:\WINDOWS\System32\DriverStore\FileRepository\nvhmi.inf_amd64_81b0e572c0ead3e1;C:\dev\minecraft\cheesus\build\natives;C:\WINDOWS\System32\Speech\Common

VM Arguments:
jvm_args: -Dforge.logging.console.level=debug -Dforge.logging.markers=REGISTRIES -DlegacyClassPath.file=C:\dev\minecraft\cheesus\build\classpath\runClient_minecraftClasspath.txt -DignoreList=bootstraplauncher,securejarhandler,asm-commons,asm-util,asm-analysis,asm-tree,asm,client-extra,fmlcore,javafmllanguage,mclanguage,forge- -DnativesDirectory=C:\dev\minecraft\cheesus\build\natives -DmergeModules=jna-5.8.0.jar,jna-platform-58.0.jar,java-objc-bridge-1.0.0.jar --module-path=C:\Users\felix\.gradle\caches\modules-2\files-2.1\cpw.mods\bootstraplauncher\0.1.17\899fb8e3912bb7d14a6f9611de117f77db710ec3\bootstraplauncher-0.1.17.jar;C:\Users\felix\.gradle\caches\modules-2\files-2.1\cpw.mods\securejarhandler\0.9.54\24b670f2c026ec9777e64a2c2126ebc8635dbe8d\securejarhandler-0.9.54.jar;C:\Users\felix\.gradle\caches\modules-2\files-2.1\org.ow2.asm\asm-commons\9.1\8b971b182eb5cf100b9e8d4119152d83e00e0fdd\asm-commons-9.1.jar;C:\Users\felix\.gradle\caches\modules-2\files-2.1\org.ow2.asm\asm-util\9.1\36464a45d871779f3383a8a9aba2b26562a86729\asm-util-9.1.jar;C:\Users\felix\.gradle\caches\modules-2\files-2.1\org.ow2.asm\asm-analysis\9.1\4f61b83b81d8b659958f4bcc48907e93ecea55a0\asm-analysis-9.1.jar;C:\Users\felix\.gradle\caches\modules-2\files-2.1\org.ow2.asm\asm-tree\9.1\c333f2a855069cb8eb17a40a3eb8b1b67755d0eb\asm-tree-9.1.jar;C:\Users\felix\.gradle\caches\modules-2\files-2.1\org.ow2.asm\asm\9.1\a99500cf6eea30535eeac6be73899d048f8d12a8\asm-9.1.jar --add-modules=ALL-MODULE-PATH --add-opens=java.base/java.util.jar=cpw.mods.securejarhandler --add-exports=java.base/sun.security.util=cpw.mods.securejarhandler --add-exports=jdk.naming.dns/com.sun.jndi.dns=java.naming -XX:HeapDumpPath=MojangTricksIntelDriversForPerformance_javaw.exe_minecraft.exe.heapdump -Dos.name=Windows 10 -Dos.version=10.0 -Xmx1024m -Djava.library.path=C:\dev\minecraft\cheesus\build\natives;C:\dev\minecraft\cheesus\build\natives;C:\dev\minecraft\cheesus\build\natives;C:\dev\minecraft\cheesus\build\natives;C:\dev\minecraft\cheesus\build\natives -Dfile.encoding=Cp1252 -XX:+ShowCodeDetailsInExceptionMessages 
java_command: cpw.mods.bootstraplauncher.BootstrapLauncher --launchTarget forgeclientuserdev --version MOD_DEV --assetIndex 1.17 --assetsDir C:\Users\felix\.gradle\caches\forge_gradle\assets --gameDir . --fml.forgeVersion 37.0.104 --fml.mcVersion 1.17.1 --fml.forgeGroup net.minecraftforge --fml.mcpVersion 20210706.113038
java_class_path (initial): C:\dev\minecraft\cheesus\bin\main;C:\dev\minecraft\cheesus\bin\test;C:\dev\minecraft\cheesus\bin\default;C:\Users\felix\.gradle\caches\forge_gradle\minecraft_user_repo\net\minecraftforge\forge\1.17.1-37.0.104_mapped_official_1.17.1\forge-1.17.1-37.0.104_mapped_official_1.17.1-recomp.jar;C:\Users\felix\.gradle\caches\forge_gradle\minecraft_repo\versions\1.17.1\client-extra.jar;C:\Users\felix\.gradle\caches\modules-2\files-2.1\com.google.code.findbugs\jsr305\3.0.1\f7be08ec23c21485b9b5a1cf1654c2ec8c58168d\jsr305-3.0.1.jar;C:\Users\felix\.gradle\caches\modules-2\files-2.1\ca.weblite\java-objc-bridge\1.0.0\6ef160c3133a78de015830860197602ca1c855d3\java-objc-bridge-1.0.0.jar;C:\Users\felix\.gradle\caches\modules-2\files-2.1\net.minecraftforge\mergetool\1.1.3\d7d4b6eac7f49c59255c8ac25190802c29ac9a4a\mergetool-1.1.3-api.jar;C:\Users\felix\.gradle\caches\forge_gradle\mcp_repo\net\minecraft\mapping\1.17.1\mapping-1.17.1-mapping.zip;C:\Users\felix\.gradle\caches\modules-2\files-2.1\cpw.mods\securejarhandler\0.9.54\24b670f2c026ec9777e64a2c2126ebc8635dbe8d\securejarhandler-0.9.54.jar;C:\Users\felix\.gradle\caches\modules-2\files-2.1\net.minecraftforge\fmlloader\1.17.1-37.0.104\8e5c4431d70898c6551a25eb6ba9e0bcfc0bb6fe\fmlloader-1.17.1-37.0.104.jar;C:\Users\felix\.gradle\caches\modules-2\files-2.1\cpw.mods\modlauncher\9.0.7\ebe8650527b513823874449e054db053b686b494\modlauncher-9.0.7.jar;C:\Users\felix\.gradle\caches\modules-2\files-2.1\org.openjdk.nashorn\nashorn-core\15.3\43977e804697048fc8d81d333a36c17d07a5b3dd\nashorn-core-15.3.jar;C:\Users\felix\.gradle\caches\modules-2\files-2.1\org.ow2.asm\asm-commons\9.1\8b971b182eb5cf100b9e8d4119152d83e00e0fdd\asm-commons-9.1.jar;C:\Users\felix\.gradle\caches\modules-2\files-2.1\org.ow2.asm\asm-util\9.1\36464a45d871779f3383a8a9aba2b26562a86729\asm-util-9.1.jar;C:\Users\felix\.gradle\caches\modules-2\files-2.1\org.ow2.asm\asm-analysis\9.1\4f61b83b81d8b659958f4bcc48907e93ecea55a0\asm-analysis-9.1.jar;C:\Users\felix
Launcher Type: SUN_STANDARD

[Global flags]
    ccstr HeapDumpPath                             = MojangTricksIntelDriversForPerformance_javaw.exe_minecraft.exe.heapdump         {manageable} {command line}
   size_t InitialHeapSize                          = 16777216                                  {product} {ergonomic}
   size_t MaxHeapSize                              = 1073741824                                {product} {command line}
   size_t MaxNewSize                               = 357892096                                 {product} {ergonomic}
   size_t MinHeapDeltaBytes                        = 131072                                    {product} {ergonomic}
   size_t MinHeapSize                              = 6291456                                   {product} {ergonomic}
   size_t NewSize                                  = 5570560                                   {product} {ergonomic}
    uintx NonProfiledCodeHeapSize                  = 0                                      {pd product} {ergonomic}
   size_t OldSize                                  = 11206656                                  {product} {ergonomic}
    uintx ProfiledCodeHeapSize                     = 0                                      {pd product} {ergonomic}
     bool ShowCodeDetailsInExceptionMessages       = true                                   {manageable} {command line}
   size_t SoftMaxHeapSize                          = 1073741824                             {manageable} {ergonomic}
     bool UseLargePagesIndividualAllocation        = false                                  {pd product} {ergonomic}
     bool UseSerialGC                              = true                                      {product} {ergonomic}

Logging:
Log output configuration:
 #0: stdout all=warning uptime,level,tags
 #1: stderr all=off uptime,level,tags

Environment Variables:
JAVA_HOME=C:\Program Files\Eclipse Foundation\jdk-16.0.2.7-hotspot\
PATH=C:/Users/felix/.p2/pool/plugins/org.eclipse.justj.openjdk.hotspot.jre.full.win32.x86_64_16.0.2.v20210721-1149/jre/bin/server;C:/Users/felix/.p2/pool/plugins/org.eclipse.justj.openjdk.hotspot.jre.full.win32.x86_64_16.0.2.v20210721-1149/jre/bin;C:\Program Files\Eclipse Foundation\jdk-16.0.2.7-hotspot\bin;C:\Program Files (x86)\Eclipse Adoptium\jdk-16.0.2.7-hotspot\bin;C:\Program Files\Eclipse Adoptium\jdk-17.0.1.12-hotspot\bin;C:\dev\geckodriver;C:\Program Files\Common Files\Oracle\Java\javapath;C:\Program Files (x86)\Python38-32\Scripts\;C:\Program Files (x86)\Python38-32\;C:\Program Files (x86)\Common Files\Oracle\Java\javapath;C:\WINDOWS\system32;C:\WINDOWS;C:\WINDOWS\System32\Wbem;C:\WINDOWS\System32\WindowsPowerShell\v1.0\;C:\WINDOWS\System32\OpenSSH\;C:\Program Files\NVIDIA Corporation\NVIDIA NvDLISR;C:\Program Files (x86)\NVIDIA Corporation\PhysX\Common;C:\Program Files\Git\cmd;C:\MinGW\bin;C:\Program Files\Java\jdk-16.0.2\bin;C:\Program Files\Eclipse Foundation\jdk-17.0.0.35-hotspot\bin;C:\Program Files\Common Files\Oracle\Java\javapath;C:\Program Files\AdoptOpenJDK\jdk-8.0.292.10-hotspot\bin;C:\Program Files (x86)\Python38-32\Scripts\;C:\Program Files (x86)\Python38-32\;C:\Program Files (x86)\Common Files\Oracle\Java\javapath;C:\WINDOWS\system32;C:\WINDOWS;C:\WINDOWS\System32\Wbem;C:\WINDOWS\System32\WindowsPowerShell\v1.0\;C:\WINDOWS\System32\OpenSSH\;C:\Program Files\NVIDIA Corporation\NVIDIA NvDLISR;C:\Program Files (x86)\NVIDIA Corporation\PhysX\Common;C:\Program Files\Git\cmd;C:\MinGW\bin;C:\Program Files\Eclipse Foundation\jdk-17.0.0.35-hotspot\bin;C:\Users\felix\AppData\Local\Programs\Python\Python310\Scripts\;C:\Users\felix\AppData\Local\Programs\Python\Python310\;C:\Users\felix\AppData\Local\Microsoft\WindowsApps;C:\Users\felix\AppData\Local\GitHubDesktop\bin;C:\Users\felix\AppData\Local\atom\bin;C:\ProgramData\felix\atom\bin;C:\Users\felix\AppData\Local\Programs\Microsoft VS Code\bin;C:\WebDriver\bin;C:\WINDOWS\system32;
USERNAME=felix
OS=Windows_NT
PROCESSOR_IDENTIFIER=Intel64 Family 6 Model 165 Stepping 2, GenuineIntel



---------------  S Y S T E M  ---------------

OS:
 Windows 10 , 64 bit Build 19041 (10.0.19041.1348)
OS uptime: 0 days 0:36 hours

CPU: total 12 (initial active 12) (6 cores per cpu, 2 threads per core) family 6 model 165 stepping 2 microcode 0xe0, cx8, cmov, fxsr, ht, mmx, 3dnowpref, sse, sse2, sse3, ssse3, sse4.1, sse4.2, popcnt, lzcnt, tsc, tscinvbit, avx, avx2, aes, erms, clmul, bmi1, bmi2, adx, fma, vzeroupper, clflush, clflushopt

Memory: 4k page, system-wide physical 16222M (6419M free)
TotalPageFile size 27486M (AvailPageFile size 13031M), user-mode portion of virtual address-space 2047M (136M free)
current process WorkingSet (physical memory assigned to process): 1473M, peak: 1473M
current process commit charge ("private bytes"): 1640M, peak: 1640M

vm_info: OpenJDK Client VM (16.0.2+7) for windows-x86 JRE (16.0.2+7), built on Jul 22 2021 20:27:59 by "" with MS VC++ 16.7 (VS2019)

END.
