#
# A fatal error has been detected by the Java Runtime Environment:
#
#  EXCEPTION_ACCESS_VIOLATION (0xc0000005) at pc=0x5226a507, pid=22340, tid=6468
#
# JRE version: OpenJDK Runtime Environment Temurin-16.0.2+7 (16.0.2+7) (build 16.0.2+7)
# Java VM: OpenJDK Client VM Temurin-16.0.2+7 (16.0.2+7, mixed mode, serial gc, windows-x86)
# Problematic frame:
# C  [nvoglv32.dll+0xbaa507]
#
# No core dump will be written. Minidumps are not enabled by default on client versions of Windows
#
# If you would like to submit a bug report, please visit:
#   https://github.com/adoptium/adoptium-support/issues
# The crash happened outside the Java Virtual Machine in native code.
# See problematic frame for where to report the bug.
#

---------------  S U M M A R Y ------------

Command Line: -Dforge.logging.console.level=debug -Dforge.logging.markers=REGISTRIES -DlegacyClassPath.file=C:\dev\minecraft\cheesus\build\classpath\runClient_minecraftClasspath.txt -DignoreList=bootstraplauncher,securejarhandler,asm-commons,asm-util,asm-analysis,asm-tree,asm,client-extra,fmlcore,javafmllanguage,mclanguage,forge- -DnativesDirectory=C:\dev\minecraft\cheesus\build\natives -DmergeModules=jna-5.8.0.jar,jna-platform-58.0.jar,java-objc-bridge-1.0.0.jar --module-path=C:\Users\felix\.gradle\caches\modules-2\files-2.1\cpw.mods\bootstraplauncher\0.1.17\899fb8e3912bb7d14a6f9611de117f77db710ec3\bootstraplauncher-0.1.17.jar;C:\Users\felix\.gradle\caches\modules-2\files-2.1\cpw.mods\securejarhandler\0.9.54\24b670f2c026ec9777e64a2c2126ebc8635dbe8d\securejarhandler-0.9.54.jar;C:\Users\felix\.gradle\caches\modules-2\files-2.1\org.ow2.asm\asm-commons\9.1\8b971b182eb5cf100b9e8d4119152d83e00e0fdd\asm-commons-9.1.jar;C:\Users\felix\.gradle\caches\modules-2\files-2.1\org.ow2.asm\asm-util\9.1\36464a45d871779f3383a8a9aba2b26562a86729\asm-util-9.1.jar;C:\Users\felix\.gradle\caches\modules-2\files-2.1\org.ow2.asm\asm-analysis\9.1\4f61b83b81d8b659958f4bcc48907e93ecea55a0\asm-analysis-9.1.jar;C:\Users\felix\.gradle\caches\modules-2\files-2.1\org.ow2.asm\asm-tree\9.1\c333f2a855069cb8eb17a40a3eb8b1b67755d0eb\asm-tree-9.1.jar;C:\Users\felix\.gradle\caches\modules-2\files-2.1\org.ow2.asm\asm\9.1\a99500cf6eea30535eeac6be73899d048f8d12a8\asm-9.1.jar --add-modules=ALL-MODULE-PATH --add-opens=java.base/java.util.jar=cpw.mods.securejarhandler --add-exports=java.base/sun.security.util=cpw.mods.securejarhandler --add-exports=jdk.naming.dns/com.sun.jndi.dns=java.naming -XX:HeapDumpPath=MojangTricksIntelDriversForPerformance_javaw.exe_minecraft.exe.heapdump -Dos.name=Windows 10 -Dos.version=10.0 -Xmx1024m -Djava.library.path=C:\dev\minecraft\cheesus\build\natives;C:\dev\minecraft\cheesus\build\natives;C:\dev\minecraft\cheesus\build\natives;C:\dev\minecraft\cheesus\build\natives;C:\dev\minecraft\cheesus\build\natives -Dfile.encoding=Cp1252 -XX:+ShowCodeDetailsInExceptionMessages cpw.mods.bootstraplauncher.BootstrapLauncher --launchTarget forgeclientuserdev --version MOD_DEV --assetIndex 1.17 --assetsDir C:\Users\felix\.gradle\caches\forge_gradle\assets --gameDir . --fml.forgeVersion 37.0.104 --fml.mcVersion 1.17.1 --fml.forgeGroup net.minecraftforge --fml.mcpVersion 20210706.113038

Host: Intel(R) Core(TM) i7-10750H CPU @ 2.60GHz, 12 cores, 15G,  Windows 10 , 64 bit Build 19041 (10.0.19041.1348)
Time: Sat Dec  4 12:05:52 2021 Mitteleuropäische Zeit elapsed time: 225.463266 seconds (0d 0h 3m 45s)

---------------  T H R E A D  ---------------

Current thread (0x02f77690):  JavaThread "Render thread" [_thread_in_native, id=6468, stack(0x02cf0000,0x02d40000)]

Stack: [0x02cf0000,0x02d40000],  sp=0x02d3e274,  free space=312k
Native frames: (J=compiled Java code, A=aot compiled Java code, j=interpreted, Vv=VM code, C=native code)
C  [nvoglv32.dll+0xbaa507]

Java frames: (J=compiled Java code, j=interpreted, Vv=VM code)
J 6406  org.lwjgl.opengl.GL11C.glClear(I)V org.lwjgl.opengl (0 bytes) @ 0x03d5641d [0x03d563e0+0x0000003d]
J 7571 c1 net.minecraft.client.renderer.GameRenderer.render(FJZ)V minecraft@1.17.1 (871 bytes) @ 0x03ed2f6c [0x03ed2140+0x00000e2c]
J 7534 c1 net.minecraft.client.Minecraft.runTick(Z)V minecraft@1.17.1 (1016 bytes) @ 0x03ec6ff0 [0x03ec6730+0x000008c0]
j  net.minecraft.client.Minecraft.run()V+81 minecraft@1.17.1
j  net.minecraft.client.main.Main.main([Ljava/lang/String;)V+1344 minecraft@1.17.1
v  ~StubRoutines::call_stub
j  jdk.internal.reflect.NativeMethodAccessorImpl.invoke0(Ljava/lang/reflect/Method;Ljava/lang/Object;[Ljava/lang/Object;)Ljava/lang/Object;+0 java.base@16.0.2
j  jdk.internal.reflect.NativeMethodAccessorImpl.invoke(Ljava/lang/Object;[Ljava/lang/Object;)Ljava/lang/Object;+146 java.base@16.0.2
j  jdk.internal.reflect.DelegatingMethodAccessorImpl.invoke(Ljava/lang/Object;[Ljava/lang/Object;)Ljava/lang/Object;+6 java.base@16.0.2
j  java.lang.reflect.Method.invoke(Ljava/lang/Object;[Ljava/lang/Object;)Ljava/lang/Object;+59 java.base@16.0.2
j  net.minecraftforge.fml.loading.targets.ForgeClientUserdevLaunchHandler.lambda$launchService$0([Ljava/lang/String;Ljava/lang/ModuleLayer;)Ljava/lang/Void;+47 fmlloader@1.17.1-37.0.104
j  net.minecraftforge.fml.loading.targets.ForgeClientUserdevLaunchHandler$$Lambda$747+0x489bbed8.call()Ljava/lang/Object;+12 fmlloader@1.17.1-37.0.104
j  cpw.mods.modlauncher.LaunchServiceHandlerDecorator.launch([Ljava/lang/String;Ljava/lang/ModuleLayer;)V+11 cpw.mods.modlauncher@9.0.7
j  cpw.mods.modlauncher.LaunchServiceHandler.launch(Ljava/lang/String;[Ljava/lang/String;Ljava/lang/ModuleLayer;Lcpw/mods/modlauncher/TransformingClassLoader;Lcpw/mods/modlauncher/LaunchPluginHandler;)V+58 cpw.mods.modlauncher@9.0.7
j  cpw.mods.modlauncher.LaunchServiceHandler.launch(Lcpw/mods/modlauncher/ArgumentHandler;Ljava/lang/ModuleLayer;Lcpw/mods/modlauncher/TransformingClassLoader;Lcpw/mods/modlauncher/LaunchPluginHandler;)V+21 cpw.mods.modlauncher@9.0.7
j  cpw.mods.modlauncher.Launcher.run([Ljava/lang/String;)V+310 cpw.mods.modlauncher@9.0.7
j  cpw.mods.modlauncher.Launcher.main([Ljava/lang/String;)V+78 cpw.mods.modlauncher@9.0.7
j  cpw.mods.modlauncher.BootstrapLaunchConsumer.accept([Ljava/lang/String;)V+1 cpw.mods.modlauncher@9.0.7
j  cpw.mods.modlauncher.BootstrapLaunchConsumer.accept(Ljava/lang/Object;)V+5 cpw.mods.modlauncher@9.0.7
j  cpw.mods.bootstraplauncher.BootstrapLauncher.main([Ljava/lang/String;)V+492 cpw.mods.bootstraplauncher@0.1.17
v  ~StubRoutines::call_stub

siginfo: EXCEPTION_ACCESS_VIOLATION (0xc0000005), reading address 0x00000030


Register to memory mapping:

EIP=0x5226a507 nvoglv32.dll
EAX=0x0 is NULL
EBX=0x00000710 is an unknown value
ECX=0x0 is NULL
EDX=0x0 is NULL
ESP=0x02d3e274 is pointing into the stack for thread: 0x02f77690
EBP=0x02d3e278 is pointing into the stack for thread: 0x02f77690
ESI=0x49ab417c points into unknown readable memory: 0x00000000 | 00 00 00 00
EDI=0x0 is NULL


Registers:
EAX=0x00000000, EBX=0x00000710, ECX=0x00000000, EDX=0x00000000
ESP=0x02d3e274, EBP=0x02d3e278, ESI=0x49ab417c, EDI=0x00000000
EIP=0x5226a507, EFLAGS=0x00010202

Top of Stack: (sp=0x02d3e274)
0x02d3e274:   49ab4178 02d3e2a0 52299a2d 00000000
0x02d3e284:   796b0ed0 00000710 796297d8 49ab4178
0x02d3e294:   00000710 49ab4190 0022e931 02d3e2c0
0x02d3e2a4:   52299ba8 796b0ed0 00000710 00000710
0x02d3e2b4:   49ab4178 796b0100 49ab4178 02d3e2f8
0x02d3e2c4:   52295887 796b0ed0 00000000 58c70498
0x02d3e2d4:   02d3e2ec 00001944 00000000 796b0ed0
0x02d3e2e4:   02d3f250 766406c0 0000075a 58c70498 

Instructions: (pc=0x5226a507)
0x5226a407:   8b 45 d8 53 ff 75 fc 8b 40 04 03 06 50 e8 77 93
0x5226a417:   37 00 6a 00 56 e8 9f 04 00 00 8b 45 ec 0f b7 c0
0x5226a427:   eb 50 8b 46 14 8b 75 ec 53 ff 75 fc 66 89 0c 70
0x5226a437:   8b c6 8b 75 08 89 42 0c 8d 41 01 8b 4e 24 66 89
0x5226a447:   46 1a 89 4a 04 8b 06 03 c1 50 e8 3a 93 37 00 ff
0x5226a457:   75 e8 8b 86 30 16 00 00 01 46 24 53 ff 75 fc 56
0x5226a467:   e8 e4 00 00 00 8b 5d e8 53 56 e8 3a 05 00 00 0f
0x5226a477:   b7 c3 33 c9 ba ff ff 00 00 83 c4 24 66 3b c2 0f
0x5226a487:   45 f9 8b 5d f8 8b 4d f4 8b 45 10 41 83 c0 f8 89
0x5226a497:   4d f4 3b c8 8b 45 0c 0f 86 fe fd ff ff 3b d9 73
0x5226a4a7:   3b 8b f9 8d 9b 00 00 00 00 8b 45 0c 68 dc bc 1b
0x5226a4b7:   cf 68 63 64 a5 b7 ff 74 03 04 ff 34 03 e8 67 02
0x5226a4c7:   36 00 8b 4d f0 e8 ef 02 36 00 33 d2 43 8d 0c 40
0x5226a4d7:   8b 46 0c 66 89 54 88 0a 3b df 72 cd 8b 46 2c ff
0x5226a4e7:   46 28 03 45 10 5f 89 46 2c 5e 5b 8b e5 5d c3 cc
0x5226a4f7:   cc cc cc cc cc cc cc cc cc 55 8b ec 57 8b 7d 08
0x5226a507:   83 7f 30 01 75 12 ff 75 10 ff 75 0c 57 e8 37 fd
0x5226a517:   ff ff 83 c4 0c 5f 5d c3 56 ff b7 38 16 00 00 8b
0x5226a527:   75 10 8d 47 34 56 ff 75 0c 50 e8 aa f8 ff ff 8b
0x5226a537:   47 2c 83 c4 10 ff 47 28 03 c6 89 47 2c 5e 5f 5d
0x5226a547:   c3 cc cc cc cc cc cc cc cc 55 8b ec 83 ec 0c 53
0x5226a557:   56 8b 75 08 b8 01 00 00 00 57 33 ff 33 db 8b 96
0x5226a567:   2c 16 00 00 8b ca d3 e0 0f b7 4d 14 89 45 f8 8b
0x5226a577:   46 14 0f b7 04 48 c1 e0 04 03 46 10 33 f6 89 45
0x5226a587:   fc 8b 45 10 83 c0 f8 89 45 f4 b8 40 00 00 00 2b
0x5226a597:   c2 89 45 10 eb 03 8d 49 00 8b 45 0c 68 dc bc 1b
0x5226a5a7:   cf 68 63 64 a5 b7 ff 74 06 04 ff 34 06 e8 77 01
0x5226a5b7:   36 00 8b 4d 10 e8 ff 01 36 00 8b 4d 08 8d 14 40
0x5226a5c7:   8b 49 0c 8d 0c 91 ba ff ff 00 00 66 39 51 08 75
0x5226a5d7:   1f 66 8b 55 14 03 59 04 66 89 51 08 8b 55 f8 89
0x5226a5e7:   11 85 ff 75 07 8b 55 fc 89 02 eb 02 89 07 8b f9
0x5226a5f7:   46 3b 75 f4 76 a3 8b 45 fc 5f 5e 89 58 08 5b 8b 


Stack slot to memory mapping:
stack at sp + 0 slots: 0x49ab4178 points into unknown readable memory: 0x53340338 | 38 03 34 53
stack at sp + 1 slots: 0x02d3e2a0 is pointing into the stack for thread: 0x02f77690
stack at sp + 2 slots: 0x52299a2d nvoglv32.dll
stack at sp + 3 slots: 0x0 is NULL
stack at sp + 4 slots: 0x796b0ed0 points into unknown readable memory: 0x6375564e | 4e 56 75 63
stack at sp + 5 slots: 0x00000710 is an unknown value
stack at sp + 6 slots: 0x796297d8 points into unknown readable memory: 0x00000000 | 00 00 00 00
stack at sp + 7 slots: 0x49ab4178 points into unknown readable memory: 0x53340338 | 38 03 34 53


---------------  P R O C E S S  ---------------

Threads class SMR info:
_java_thread_list=0x79841a98, length=42, elements={
0x02f77690, 0x459ffef0, 0x45a01ef8, 0x45a22198,
0x45a22e08, 0x45a244b8, 0x45a25b68, 0x45a29990,
0x45a2d668, 0x45af27e8, 0x45b6e870, 0x4750a770,
0x474b1f18, 0x4952ea58, 0x496062a8, 0x49606a18,
0x4972d030, 0x4972d398, 0x4972d700, 0x4972da68,
0x4efb0280, 0x4efb16f0, 0x4efae070, 0x4efae740,
0x4efaee10, 0x4efaf178, 0x4efb1a58, 0x4efb0cb8,
0x4efb05e8, 0x4efb0950, 0x4efb1388, 0x4efaeaa8,
0x4efaf4e0, 0x4efaf848, 0x4efaff18, 0x4972e808,
0x4972eb70, 0x4972ddd0, 0x79838648, 0x79837f78,
0x798382e0, 0x798389b0
}

Java Threads: ( => current thread )
=>0x02f77690 JavaThread "Render thread" [_thread_in_native, id=6468, stack(0x02cf0000,0x02d40000)]
  0x459ffef0 JavaThread "Reference Handler" daemon [_thread_blocked, id=22684, stack(0x45bb0000,0x45c00000)]
  0x45a01ef8 JavaThread "Finalizer" daemon [_thread_blocked, id=14124, stack(0x46440000,0x46490000)]
  0x45a22198 JavaThread "Signal Dispatcher" daemon [_thread_blocked, id=14036, stack(0x46600000,0x46650000)]
  0x45a22e08 JavaThread "Attach Listener" daemon [_thread_blocked, id=23036, stack(0x46690000,0x466e0000)]
  0x45a244b8 JavaThread "Service Thread" daemon [_thread_blocked, id=15244, stack(0x46720000,0x46770000)]
  0x45a25b68 JavaThread "Monitor Deflation Thread" daemon [_thread_blocked, id=21152, stack(0x467b0000,0x46800000)]
  0x45a29990 JavaThread "C1 CompilerThread0" daemon [_thread_blocked, id=18540, stack(0x46840000,0x46890000)]
  0x45a2d668 JavaThread "Sweeper thread" daemon [_thread_blocked, id=19432, stack(0x468d0000,0x46920000)]
  0x45af27e8 JavaThread "Common-Cleaner" daemon [_thread_blocked, id=21884, stack(0x46960000,0x469b0000)]
  0x45b6e870 JavaThread "Notification Thread" daemon [_thread_blocked, id=18348, stack(0x46df0000,0x46e40000)]
  0x4750a770 JavaThread "Thread-0" daemon [_thread_blocked, id=18360, stack(0x47850000,0x478a0000)]
  0x474b1f18 JavaThread "FileSystemWatchService" daemon [_thread_in_native, id=15324, stack(0x478e0000,0x47930000)]
  0x4952ea58 JavaThread "Worker-Bootstrap-1" daemon [_thread_blocked, id=20892, stack(0x4a900000,0x4a950000)]
  0x496062a8 JavaThread "Worker-Bootstrap-2" daemon [_thread_blocked, id=17700, stack(0x4a990000,0x4a9e0000)]
  0x49606a18 JavaThread "Worker-Bootstrap-3" daemon [_thread_blocked, id=19100, stack(0x4aa20000,0x4aa70000)]
  0x4972d030 JavaThread "Worker-Bootstrap-5" daemon [_thread_blocked, id=5232, stack(0x4ab40000,0x4ab90000)]
  0x4972d398 JavaThread "Worker-Bootstrap-7" daemon [_thread_blocked, id=23020, stack(0x4b490000,0x4b4e0000)]
  0x4972d700 JavaThread "Timer hack thread" daemon [_thread_blocked, id=22720, stack(0x4a870000,0x4a8c0000)]
  0x4972da68 JavaThread "Snooper Timer" daemon [_thread_blocked, id=7824, stack(0x4b520000,0x4b570000)]
  0x4efb0280 JavaThread "modloading-worker-4" daemon [_thread_blocked, id=11616, stack(0x58d50000,0x58da0000)]
  0x4efb16f0 JavaThread "modloading-worker-13" daemon [_thread_blocked, id=12044, stack(0x58de0000,0x58e30000)]
  0x4efae070 JavaThread "Narrator" [_thread_blocked, id=6588, stack(0x5a8c0000,0x5a910000)]
  0x4efae740 JavaThread "Worker-Main-8" daemon [_thread_blocked, id=13516, stack(0x5aca0000,0x5acf0000)]
  0x4efaee10 JavaThread "Worker-Main-9" daemon [_thread_in_Java, id=20252, stack(0x5bb70000,0x5bbc0000)]
  0x4efaf178 JavaThread "Worker-Main-10" daemon [_thread_blocked, id=18440, stack(0x5bc00000,0x5bc50000)]
  0x4efb1a58 JavaThread "Worker-Main-11" daemon [_thread_blocked, id=3812, stack(0x5bd20000,0x5bd70000)]
  0x4efb0cb8 JavaThread "Worker-Main-12" daemon [_thread_blocked, id=18396, stack(0x5bdb0000,0x5be00000)] _threads_hazard_ptr=0x00000000
  0x4efb05e8 JavaThread "Worker-Main-15" daemon [_thread_blocked, id=12648, stack(0x4aa70000,0x4aac0000)]
  0x4efb0950 JavaThread "Worker-Main-16" daemon [_thread_in_Java, id=20864, stack(0x56330000,0x56380000)]
  0x4efb1388 JavaThread "Snooper Timer" daemon [_thread_blocked, id=20244, stack(0x58c80000,0x58cd0000)]
  0x4efaeaa8 JavaThread "Server thread" [_thread_blocked, id=21496, stack(0x58e30000,0x58e80000)]
  0x4efaf4e0 JavaThread "FileSystemWatchService" daemon [_thread_in_native, id=21252, stack(0x5be00000,0x5be50000)]
  0x4efaf848 JavaThread "IO-Worker-17" [_thread_in_Java, id=10792, stack(0x5c200000,0x5c250000)]
  0x4efaff18 JavaThread "IO-Worker-18" [_thread_blocked, id=1260, stack(0x615b0000,0x61600000)]
  0x4972e808 JavaThread "IO-Worker-19" [_thread_in_native, id=7356, stack(0x47970000,0x479c0000)]
  0x4972eb70 JavaThread "Java2D Disposer" daemon [_thread_blocked, id=10004, stack(0x63bf0000,0x63c40000)]
  0x4972ddd0 JavaThread "ObjectCleanerThread" daemon [_thread_blocked, id=21824, stack(0x63c80000,0x63cd0000)]
  0x79838648 JavaThread "Netty Server IO #0" daemon [_thread_in_native, id=23404, stack(0x63d10000,0x63d60000)]
  0x79837f78 JavaThread "Netty Local Client IO #0" daemon [_thread_blocked, id=9524, stack(0x63da0000,0x63df0000)]
  0x798382e0 JavaThread "Netty Server IO #1" daemon [_thread_in_native, id=8652, stack(0x63e30000,0x63e80000)]
  0x798389b0 JavaThread "Sound engine" daemon [_thread_blocked, id=19504, stack(0x4b400000,0x4b450000)]

Other Threads:
  0x459fc0f8 VMThread "VM Thread" [stack: 0x05580000,0x055d0000] [id=18940]
  0x02f78410 WatcherThread [stack: 0x46e80000,0x46ed0000] [id=20528]

Threads with active compile tasks:

VM state: not at safepoint (normal execution)

VM Mutex/Monitor currently owned by a thread: None

GC Precious Log:
 CPUs: 12 total, 12 available
 Memory: 16222M
 Large Page Support: Disabled
 NUMA Support: Disabled
 Compressed Oops: Disabled
 Heap Min Capacity: 6M
 Heap Initial Capacity: 16M
 Heap Max Capacity: 1024M
 Pre-touch: Disabled

Heap:
 def new generation   total 314560K, used 61967K [0x05600000, 0x1ab50000, 0x1ab50000)
  eden space 279616K,   9% used [0x05600000, 0x07063e38, 0x16710000)
  from space 34944K, 100% used [0x16710000, 0x18930000, 0x18930000)
  to   space 34944K,   0% used [0x18930000, 0x18930000, 0x1ab50000)
 tenured generation   total 699072K, used 534581K [0x1ab50000, 0x45600000, 0x45600000)
   the space 699072K,  76% used [0x1ab50000, 0x3b55d620, 0x3b55d800, 0x45600000)
 Metaspace       used 67075K, committed 67904K, reserved 73728K

Card table byte_map: [0x45600000,0x45810000] _byte_map_base: 0x455d5000

Polling page: 0x01520000

Metaspace:

Usage:
   65.50 MB used.

Virtual space:
     72.00 MB reserved,      66.31 MB ( 92%) committed,  9 nodes.

Chunk freelists:
880.00 KB

MaxMetaspaceSize: 4.00 GB

 - commit_granule_bytes: 65536.
 - commit_granule_words: 16384.
 - virtual_space_node_default_size: 2097152.
 - enlarge_chunks_in_place: 1.
 - new_chunks_are_fully_committed: 0.
 - uncommit_free_chunks: 1.
 - use_allocation_guard: 0.
 - handle_deallocations: 1.


Internal statistics:

num_allocs_failed_limit: 3.
num_arena_births: 1067.
num_arena_deaths: 261.
num_vsnodes_births: 9.
num_vsnodes_deaths: 0.
num_space_committed: 1061.
num_space_uncommitted: 0.
num_chunks_returned_to_freelist: 291.
num_chunks_taken_from_freelist: 3617.
num_chunk_merges: 67.
num_chunk_splits: 2508.
num_chunks_enlarged: 2028.
num_purges: 3.

CodeCache: size=32768Kb used=15171Kb max_used=15391Kb free=17597Kb
 bounds [0x034c0000, 0x043d0000, 0x054c0000]
 total_blobs=12752 nmethods=11800 adapters=884
 compilation: enabled
              stopped_count=0, restarted_count=0
 full_count=0

Compilation events (20 events):
Event: 225.383 Thread 0x45a29990 11909             net.minecraft.world.phys.AABB::getYsize (10 bytes)
Event: 225.383 Thread 0x45a29990 nmethod 11909 0x043c8c88 code [0x043c8da0, 0x043c8e60]
Event: 225.383 Thread 0x45a29990 11910             net.minecraft.world.phys.AABB::getZsize (10 bytes)
Event: 225.383 Thread 0x45a29990 nmethod 11910 0x043c8ec8 code [0x043c8fe0, 0x043c90a0]
Event: 225.391 Thread 0x45a29990 11912             java.nio.IntBuffer::clear (7 bytes)
Event: 225.391 Thread 0x45a29990 nmethod 11912 0x043c9108 code [0x043c9220, 0x043c92e0]
Event: 225.393 Thread 0x45a29990 11913   !         sun.nio.ch.ChannelInputStream::read (95 bytes)
Event: 225.393 Thread 0x45a29990 nmethod 11913 0x043c9348 code [0x043c94e0, 0x043c9814]
Event: 225.414 Thread 0x45a29990 11914             net.minecraft.world.phys.AABB::getSize (27 bytes)
Event: 225.414 Thread 0x45a29990 nmethod 11914 0x03708f48 code [0x03709070, 0x03709150]
Event: 225.414 Thread 0x45a29990 11915             it.unimi.dsi.fastutil.objects.Object2ObjectArrayMap::access$200 (5 bytes)
Event: 225.414 Thread 0x45a29990 nmethod 11915 0x0413fc08 code [0x0413fd20, 0x0413fdc0]
Event: 225.415 Thread 0x45a29990 11916             net.minecraft.client.renderer.block.model.BakedQuad::getTintIndex (5 bytes)
Event: 225.415 Thread 0x45a29990 nmethod 11916 0x03680688 code [0x036807a0, 0x03680850]
Event: 225.420 Thread 0x45a29990 11917             com.mojang.math.Vector4f::dot (40 bytes)
Event: 225.420 Thread 0x45a29990 nmethod 11917 0x03d0d288 code [0x03d0d3a0, 0x03d0d490]
Event: 225.423 Thread 0x45a29990 11923             net.minecraft.world.phys.shapes.DiscreteVoxelShape::forAllAxisEdges (414 bytes)
Event: 225.423 Thread 0x45a29990 nmethod 11923 0x0420ce48 code [0x0420d0c0, 0x0420d8d8]
Event: 225.433 Thread 0x45a29990 11925             cpw.mods.modlauncher.log.ExtraDataTextRenderer::render (165 bytes)
Event: 225.434 Thread 0x45a29990 nmethod 11925 0x0427cb48 code [0x0427cdb0, 0x0427d580]

GC Heap History (20 events):
Event: 211.711 GC heap before
{Heap before GC invocations=1126 (full 10):
 def new generation   total 314560K, used 314559K [0x05600000, 0x1ab50000, 0x1ab50000)
  eden space 279616K, 100% used [0x05600000, 0x16710000, 0x16710000)
  from space 34944K,  99% used [0x16710000, 0x1892fff8, 0x18930000)
  to   space 34944K,   0% used [0x18930000, 0x18930000, 0x1ab50000)
 tenured generation   total 699072K, used 537641K [0x1ab50000, 0x45600000, 0x45600000)
   the space 699072K,  76% used [0x1ab50000, 0x3b85a780, 0x3b85a800, 0x45600000)
 Metaspace       used 61205K, committed 62016K, reserved 65536K
}
Event: 211.768 GC heap after
{Heap after GC invocations=1127 (full 10):
 def new generation   total 314560K, used 27739K [0x05600000, 0x1ab50000, 0x1ab50000)
  eden space 279616K,   0% used [0x05600000, 0x05600000, 0x16710000)
  from space 34944K,  79% used [0x18930000, 0x1a446f00, 0x1ab50000)
  to   space 34944K,   0% used [0x16710000, 0x16710000, 0x18930000)
 tenured generation   total 699072K, used 572334K [0x1ab50000, 0x45600000, 0x45600000)
   the space 699072K,  81% used [0x1ab50000, 0x3da3bb68, 0x3da3bc00, 0x45600000)
 Metaspace       used 61205K, committed 62016K, reserved 65536K
}
Event: 213.214 GC heap before
{Heap before GC invocations=1127 (full 10):
 def new generation   total 314560K, used 307355K [0x05600000, 0x1ab50000, 0x1ab50000)
  eden space 279616K, 100% used [0x05600000, 0x16710000, 0x16710000)
  from space 34944K,  79% used [0x18930000, 0x1a446f00, 0x1ab50000)
  to   space 34944K,   0% used [0x16710000, 0x16710000, 0x18930000)
 tenured generation   total 699072K, used 572334K [0x1ab50000, 0x45600000, 0x45600000)
   the space 699072K,  81% used [0x1ab50000, 0x3da3bb68, 0x3da3bc00, 0x45600000)
 Metaspace       used 61205K, committed 62016K, reserved 65536K
}
Event: 213.280 GC heap after
{Heap after GC invocations=1128 (full 10):
 def new generation   total 314560K, used 34944K [0x05600000, 0x1ab50000, 0x1ab50000)
  eden space 279616K,   0% used [0x05600000, 0x05600000, 0x16710000)
  from space 34944K, 100% used [0x16710000, 0x18930000, 0x18930000)
  to   space 34944K,   0% used [0x18930000, 0x18930000, 0x1ab50000)
 tenured generation   total 699072K, used 604966K [0x1ab50000, 0x45600000, 0x45600000)
   the space 699072K,  86% used [0x1ab50000, 0x3fa19be0, 0x3fa19c00, 0x45600000)
 Metaspace       used 61205K, committed 62016K, reserved 65536K
}
Event: 214.734 GC heap before
{Heap before GC invocations=1128 (full 10):
 def new generation   total 314560K, used 314560K [0x05600000, 0x1ab50000, 0x1ab50000)
  eden space 279616K, 100% used [0x05600000, 0x16710000, 0x16710000)
  from space 34944K, 100% used [0x16710000, 0x18930000, 0x18930000)
  to   space 34944K,   0% used [0x18930000, 0x18930000, 0x1ab50000)
 tenured generation   total 699072K, used 604967K [0x1ab50000, 0x45600000, 0x45600000)
   the space 699072K,  86% used [0x1ab50000, 0x3fa19cf8, 0x3fa19e00, 0x45600000)
 Metaspace       used 61205K, committed 62016K, reserved 65536K
}
Event: 214.804 GC heap after
{Heap after GC invocations=1129 (full 10):
 def new generation   total 314560K, used 34944K [0x05600000, 0x1ab50000, 0x1ab50000)
  eden space 279616K,   0% used [0x05600000, 0x05600000, 0x16710000)
  from space 34944K, 100% used [0x18930000, 0x1ab50000, 0x1ab50000)
  to   space 34944K,   0% used [0x16710000, 0x16710000, 0x18930000)
 tenured generation   total 699072K, used 645748K [0x1ab50000, 0x45600000, 0x45600000)
   the space 699072K,  92% used [0x1ab50000, 0x421ed1e8, 0x421ed200, 0x45600000)
 Metaspace       used 61205K, committed 62016K, reserved 65536K
}
Event: 216.299 GC heap before
{Heap before GC invocations=1129 (full 10):
 def new generation   total 314560K, used 314560K [0x05600000, 0x1ab50000, 0x1ab50000)
  eden space 279616K, 100% used [0x05600000, 0x16710000, 0x16710000)
  from space 34944K, 100% used [0x18930000, 0x1ab50000, 0x1ab50000)
  to   space 34944K,   0% used [0x16710000, 0x16710000, 0x18930000)
 tenured generation   total 699072K, used 645748K [0x1ab50000, 0x45600000, 0x45600000)
   the space 699072K,  92% used [0x1ab50000, 0x421ed1e8, 0x421ed200, 0x45600000)
 Metaspace       used 65513K, committed 66240K, reserved 73728K
}
Event: 216.299 GC heap after
{Heap after GC invocations=1130 (full 10):
 def new generation   total 314560K, used 314560K [0x05600000, 0x1ab50000, 0x1ab50000)
  eden space 279616K, 100% used [0x05600000, 0x16710000, 0x16710000)
  from space 34944K, 100% used [0x18930000, 0x1ab50000, 0x1ab50000)
  to   space 34944K,   0% used [0x16710000, 0x16710000, 0x18930000)
 tenured generation   total 699072K, used 645748K [0x1ab50000, 0x45600000, 0x45600000)
   the space 699072K,  92% used [0x1ab50000, 0x421ed1e8, 0x421ed200, 0x45600000)
 Metaspace       used 65513K, committed 66240K, reserved 73728K
}
Event: 216.299 GC heap before
{Heap before GC invocations=1130 (full 10):
 def new generation   total 314560K, used 314560K [0x05600000, 0x1ab50000, 0x1ab50000)
  eden space 279616K, 100% used [0x05600000, 0x16710000, 0x16710000)
  from space 34944K, 100% used [0x18930000, 0x1ab50000, 0x1ab50000)
  to   space 34944K,   0% used [0x16710000, 0x16710000, 0x18930000)
 tenured generation   total 699072K, used 645748K [0x1ab50000, 0x45600000, 0x45600000)
   the space 699072K,  92% used [0x1ab50000, 0x421ed1e8, 0x421ed200, 0x45600000)
 Metaspace       used 65513K, committed 66240K, reserved 73728K
}
Event: 217.206 GC heap after
{Heap after GC invocations=1130 (full 11):
 def new generation   total 314560K, used 0K [0x05600000, 0x1ab50000, 0x1ab50000)
  eden space 279616K,   0% used [0x05600000, 0x05600000, 0x16710000)
  from space 34944K,   0% used [0x18930000, 0x18930000, 0x1ab50000)
  to   space 34944K,   0% used [0x16710000, 0x16710000, 0x18930000)
 tenured generation   total 699072K, used 517259K [0x1ab50000, 0x45600000, 0x45600000)
   the space 699072K,  73% used [0x1ab50000, 0x3a472e40, 0x3a473000, 0x45600000)
 Metaspace       used 65513K, committed 66240K, reserved 73728K
}
Event: 218.674 GC heap before
{Heap before GC invocations=1130 (full 11):
 def new generation   total 314560K, used 279616K [0x05600000, 0x1ab50000, 0x1ab50000)
  eden space 279616K, 100% used [0x05600000, 0x16710000, 0x16710000)
  from space 34944K,   0% used [0x18930000, 0x18930000, 0x1ab50000)
  to   space 34944K,   0% used [0x16710000, 0x16710000, 0x18930000)
 tenured generation   total 699072K, used 517259K [0x1ab50000, 0x45600000, 0x45600000)
   the space 699072K,  73% used [0x1ab50000, 0x3a472e40, 0x3a473000, 0x45600000)
 Metaspace       used 65513K, committed 66240K, reserved 73728K
}
Event: 218.683 GC heap after
{Heap after GC invocations=1131 (full 11):
 def new generation   total 314560K, used 7621K [0x05600000, 0x1ab50000, 0x1ab50000)
  eden space 279616K,   0% used [0x05600000, 0x05600000, 0x16710000)
  from space 34944K,  21% used [0x16710000, 0x16e81578, 0x18930000)
  to   space 34944K,   0% used [0x18930000, 0x18930000, 0x1ab50000)
 tenured generation   total 699072K, used 517259K [0x1ab50000, 0x45600000, 0x45600000)
   the space 699072K,  73% used [0x1ab50000, 0x3a472e40, 0x3a473000, 0x45600000)
 Metaspace       used 65513K, committed 66240K, reserved 73728K
}
Event: 219.969 GC heap before
{Heap before GC invocations=1131 (full 11):
 def new generation   total 314560K, used 287237K [0x05600000, 0x1ab50000, 0x1ab50000)
  eden space 279616K, 100% used [0x05600000, 0x16710000, 0x16710000)
  from space 34944K,  21% used [0x16710000, 0x16e81578, 0x18930000)
  to   space 34944K,   0% used [0x18930000, 0x18930000, 0x1ab50000)
 tenured generation   total 699072K, used 517259K [0x1ab50000, 0x45600000, 0x45600000)
   the space 699072K,  73% used [0x1ab50000, 0x3a472e40, 0x3a473000, 0x45600000)
 Metaspace       used 65513K, committed 66240K, reserved 73728K
}
Event: 219.982 GC heap after
{Heap after GC invocations=1132 (full 11):
 def new generation   total 314560K, used 15515K [0x05600000, 0x1ab50000, 0x1ab50000)
  eden space 279616K,   0% used [0x05600000, 0x05600000, 0x16710000)
  from space 34944K,  44% used [0x18930000, 0x19856f98, 0x1ab50000)
  to   space 34944K,   0% used [0x16710000, 0x16710000, 0x18930000)
 tenured generation   total 699072K, used 517259K [0x1ab50000, 0x45600000, 0x45600000)
   the space 699072K,  73% used [0x1ab50000, 0x3a472e40, 0x3a473000, 0x45600000)
 Metaspace       used 65513K, committed 66240K, reserved 73728K
}
Event: 221.565 GC heap before
{Heap before GC invocations=1132 (full 11):
 def new generation   total 314560K, used 295131K [0x05600000, 0x1ab50000, 0x1ab50000)
  eden space 279616K, 100% used [0x05600000, 0x16710000, 0x16710000)
  from space 34944K,  44% used [0x18930000, 0x19856f98, 0x1ab50000)
  to   space 34944K,   0% used [0x16710000, 0x16710000, 0x18930000)
 tenured generation   total 699072K, used 517259K [0x1ab50000, 0x45600000, 0x45600000)
   the space 699072K,  73% used [0x1ab50000, 0x3a472e40, 0x3a473000, 0x45600000)
 Metaspace       used 65513K, committed 66240K, reserved 73728K
}
Event: 221.585 GC heap after
{Heap after GC invocations=1133 (full 11):
 def new generation   total 314560K, used 25227K [0x05600000, 0x1ab50000, 0x1ab50000)
  eden space 279616K,   0% used [0x05600000, 0x05600000, 0x16710000)
  from space 34944K,  72% used [0x16710000, 0x17fb2ca0, 0x18930000)
  to   space 34944K,   0% used [0x18930000, 0x18930000, 0x1ab50000)
 tenured generation   total 699072K, used 517259K [0x1ab50000, 0x45600000, 0x45600000)
   the space 699072K,  73% used [0x1ab50000, 0x3a472e40, 0x3a473000, 0x45600000)
 Metaspace       used 65513K, committed 66240K, reserved 73728K
}
Event: 223.119 GC heap before
{Heap before GC invocations=1133 (full 11):
 def new generation   total 314560K, used 304843K [0x05600000, 0x1ab50000, 0x1ab50000)
  eden space 279616K, 100% used [0x05600000, 0x16710000, 0x16710000)
  from space 34944K,  72% used [0x16710000, 0x17fb2ca0, 0x18930000)
  to   space 34944K,   0% used [0x18930000, 0x18930000, 0x1ab50000)
 tenured generation   total 699072K, used 517259K [0x1ab50000, 0x45600000, 0x45600000)
   the space 699072K,  73% used [0x1ab50000, 0x3a472e40, 0x3a473000, 0x45600000)
 Metaspace       used 65774K, committed 66496K, reserved 73728K
}
Event: 223.151 GC heap after
{Heap after GC invocations=1134 (full 11):
 def new generation   total 314560K, used 23141K [0x05600000, 0x1ab50000, 0x1ab50000)
  eden space 279616K,   0% used [0x05600000, 0x05600000, 0x16710000)
  from space 34944K,  66% used [0x18930000, 0x19fc9428, 0x1ab50000)
  to   space 34944K,   0% used [0x16710000, 0x16710000, 0x18930000)
 tenured generation   total 699072K, used 532701K [0x1ab50000, 0x45600000, 0x45600000)
   the space 699072K,  76% used [0x1ab50000, 0x3b387558, 0x3b387600, 0x45600000)
 Metaspace       used 65774K, committed 66496K, reserved 73728K
}
Event: 223.546 GC heap before
{Heap before GC invocations=1134 (full 11):
 def new generation   total 314560K, used 163291K [0x05600000, 0x1ab50000, 0x1ab50000)
  eden space 279616K,  50% used [0x05600000, 0x0deddb30, 0x16710000)
  from space 34944K,  66% used [0x18930000, 0x19fc9428, 0x1ab50000)
  to   space 34944K,   0% used [0x16710000, 0x16710000, 0x18930000)
 tenured generation   total 699072K, used 532701K [0x1ab50000, 0x45600000, 0x45600000)
   the space 699072K,  76% used [0x1ab50000, 0x3b387558, 0x3b387600, 0x45600000)
 Metaspace       used 66445K, committed 67264K, reserved 73728K
}
Event: 224.509 GC heap after
{Heap after GC invocations=1135 (full 12):
 def new generation   total 314560K, used 0K [0x05600000, 0x1ab50000, 0x1ab50000)
  eden space 279616K,   0% used [0x05600000, 0x05600000, 0x16710000)
  from space 34944K,   0% used [0x18930000, 0x18930000, 0x1ab50000)
  to   space 34944K,   0% used [0x16710000, 0x16710000, 0x18930000)
 tenured generation   total 699072K, used 525629K [0x1ab50000, 0x45600000, 0x45600000)
   the space 699072K,  75% used [0x1ab50000, 0x3ac9f788, 0x3ac9f800, 0x45600000)
 Metaspace       used 66445K, committed 67264K, reserved 73728K
}

Deoptimization events (20 events):
Event: 11.179 Thread 0x02f77690 DEOPT PACKING pc=0x03ba73eb sp=0x02d3ea60
Event: 11.179 Thread 0x02f77690 DEOPT UNPACKING pc=0x034ff1d1 sp=0x02d3e9a0 mode 3
Event: 11.906 Thread 0x02f77690 DEOPT PACKING pc=0x03bd0645 sp=0x02d3baf0
Event: 11.906 Thread 0x02f77690 DEOPT UNPACKING pc=0x034ff1d1 sp=0x02d3b98c mode 3
Event: 184.679 Thread 0x02f77690 DEOPT PACKING pc=0x03f42199 sp=0x02d3c5d0
Event: 184.679 Thread 0x02f77690 DEOPT UNPACKING pc=0x034ff1d1 sp=0x02d3c4a4 mode 3
Event: 194.485 Thread 0x02f77690 DEOPT PACKING pc=0x03f22284 sp=0x02d3ded0
Event: 194.485 Thread 0x02f77690 DEOPT UNPACKING pc=0x034ff1d1 sp=0x02d3dd80 mode 0
Event: 195.207 Thread 0x4efaeaa8 DEOPT PACKING pc=0x03612154 sp=0x58e7f0b0
Event: 195.207 Thread 0x4efaeaa8 DEOPT UNPACKING pc=0x034ff1d1 sp=0x58e7ef88 mode 3
Event: 195.208 Thread 0x4efaeaa8 DEOPT PACKING pc=0x04071595 sp=0x58e7f100
Event: 195.208 Thread 0x4efaeaa8 DEOPT UNPACKING pc=0x034ff1d1 sp=0x58e7ef98 mode 3
Event: 216.183 Thread 0x02f77690 DEOPT PACKING pc=0x0406c225 sp=0x02d3e1b0
Event: 216.183 Thread 0x02f77690 DEOPT UNPACKING pc=0x034ff1d1 sp=0x02d3e120 mode 3
Event: 216.261 Thread 0x79837f78 DEOPT PACKING pc=0x03693ea7 sp=0x63def520
Event: 216.261 Thread 0x79837f78 DEOPT UNPACKING pc=0x034ff1d1 sp=0x63def384 mode 3
Event: 223.536 Thread 0x4efaeaa8 DEOPT PACKING pc=0x042fe0ec sp=0x58e7f1c0
Event: 223.536 Thread 0x4efaeaa8 DEOPT UNPACKING pc=0x034ff1d1 sp=0x58e7f0cc mode 0
Event: 223.539 Thread 0x4efaeaa8 DEOPT PACKING pc=0x042205f0 sp=0x58e7f2e0
Event: 223.539 Thread 0x4efaeaa8 DEOPT UNPACKING pc=0x034ff1d1 sp=0x58e7f1c0 mode 0

Classes unloaded (20 events):
Event: 199.276 Thread 0x459fc0f8 Unloading class 0x488252d0 'java/lang/invoke/LambdaForm$MH+0x488252d0'
Event: 199.276 Thread 0x459fc0f8 Unloading class 0x48824aa8 'java/lang/invoke/LambdaForm$MH+0x48824aa8'
Event: 199.276 Thread 0x459fc0f8 Unloading class 0x48824270 'java/lang/invoke/LambdaForm$MH+0x48824270'
Event: 199.276 Thread 0x459fc0f8 Unloading class 0x486cdab8 'java/lang/invoke/LambdaForm$MH+0x486cdab8'
Event: 199.276 Thread 0x459fc0f8 Unloading class 0x486ccaa8 'java/lang/invoke/LambdaForm$MH+0x486ccaa8'
Event: 199.276 Thread 0x459fc0f8 Unloading class 0x48663a80 'java/lang/invoke/LambdaForm$MH+0x48663a80'
Event: 199.276 Thread 0x459fc0f8 Unloading class 0x486612b8 'java/lang/invoke/LambdaForm$MH+0x486612b8'
Event: 199.276 Thread 0x459fc0f8 Unloading class 0x486602a0 'java/lang/invoke/LambdaForm$MH+0x486602a0'
Event: 199.276 Thread 0x459fc0f8 Unloading class 0x4865da88 'java/lang/invoke/LambdaForm$MH+0x4865da88'
Event: 199.276 Thread 0x459fc0f8 Unloading class 0x4865d278 'java/lang/invoke/LambdaForm$MH+0x4865d278'
Event: 199.276 Thread 0x459fc0f8 Unloading class 0x4855f280 'java/lang/invoke/LambdaForm$DMH+0x4855f280'
Event: 199.276 Thread 0x459fc0f8 Unloading class 0x48486688 'java/lang/invoke/LambdaForm$MH+0x48486688'
Event: 199.276 Thread 0x459fc0f8 Unloading class 0x483db310 'java/lang/invoke/LambdaForm$MH+0x483db310'
Event: 199.276 Thread 0x459fc0f8 Unloading class 0x483daae0 'java/lang/invoke/LambdaForm$MH+0x483daae0'
Event: 199.276 Thread 0x459fc0f8 Unloading class 0x483d92b0 'java/lang/invoke/LambdaForm$MH+0x483d92b0'
Event: 199.276 Thread 0x459fc0f8 Unloading class 0x48351308 'java/lang/invoke/LambdaForm$MH+0x48351308'
Event: 199.276 Thread 0x459fc0f8 Unloading class 0x48350ae8 'java/lang/invoke/LambdaForm$MH+0x48350ae8'
Event: 199.276 Thread 0x459fc0f8 Unloading class 0x4834f2c0 'java/lang/invoke/LambdaForm$MH+0x4834f2c0'
Event: 199.276 Thread 0x459fc0f8 Unloading class 0x4834eaa0 'java/lang/invoke/LambdaForm$MH+0x4834eaa0'
Event: 199.276 Thread 0x459fc0f8 Unloading class 0x4834e280 'java/lang/invoke/LambdaForm$MH+0x4834e280'

Classes redefined (0 events):
No events

Internal exceptions (20 events):
Event: 225.417 Thread 0x4972e808 Exception <a 'sun/nio/fs/WindowsException'{0x15cbd3f0}> (0x15cbd3f0) 
thrown [j:\jenkins\tmp\workspace\build\src\src\hotspot\share\prims\jni.cpp, line 579]
Event: 225.418 Thread 0x4972e808 Exception <a 'sun/nio/fs/WindowsException'{0x15cd2110}> (0x15cd2110) 
thrown [j:\jenkins\tmp\workspace\build\src\src\hotspot\share\prims\jni.cpp, line 579]
Event: 225.419 Thread 0x4972e808 Exception <a 'sun/nio/fs/WindowsException'{0x15cd78f0}> (0x15cd78f0) 
thrown [j:\jenkins\tmp\workspace\build\src\src\hotspot\share\prims\jni.cpp, line 579]
Event: 225.420 Thread 0x4972e808 Exception <a 'sun/nio/fs/WindowsException'{0x15cdd670}> (0x15cdd670) 
thrown [j:\jenkins\tmp\workspace\build\src\src\hotspot\share\prims\jni.cpp, line 579]
Event: 225.421 Thread 0x4972e808 Exception <a 'sun/nio/fs/WindowsException'{0x15ce36f0}> (0x15ce36f0) 
thrown [j:\jenkins\tmp\workspace\build\src\src\hotspot\share\prims\jni.cpp, line 579]
Event: 225.423 Thread 0x4efaf848 Exception <a 'sun/nio/fs/WindowsException'{0x15cc9678}> (0x15cc9678) 
thrown [j:\jenkins\tmp\workspace\build\src\src\hotspot\share\prims\jni.cpp, line 579]
Event: 225.424 Thread 0x4efaf848 Exception <a 'sun/nio/fs/WindowsException'{0x15ccefa8}> (0x15ccefa8) 
thrown [j:\jenkins\tmp\workspace\build\src\src\hotspot\share\prims\jni.cpp, line 579]
Event: 225.425 Thread 0x4efaf848 Exception <a 'sun/nio/fs/WindowsException'{0x160ee4e8}> (0x160ee4e8) 
thrown [j:\jenkins\tmp\workspace\build\src\src\hotspot\share\prims\jni.cpp, line 579]
Event: 225.426 Thread 0x4972e808 Exception <a 'sun/nio/fs/WindowsException'{0x161010c0}> (0x161010c0) 
thrown [j:\jenkins\tmp\workspace\build\src\src\hotspot\share\prims\jni.cpp, line 579]
Event: 225.428 Thread 0x4efaf848 Exception <a 'sun/nio/fs/WindowsException'{0x160f4e10}> (0x160f4e10) 
thrown [j:\jenkins\tmp\workspace\build\src\src\hotspot\share\prims\jni.cpp, line 579]
Event: 225.430 Thread 0x4972e808 Exception <a 'sun/nio/fs/WindowsException'{0x16107da8}> (0x16107da8) 
thrown [j:\jenkins\tmp\workspace\build\src\src\hotspot\share\prims\jni.cpp, line 579]
Event: 225.431 Thread 0x4efaf848 Exception <a 'sun/nio/fs/WindowsException'{0x160fbe58}> (0x160fbe58) 
thrown [j:\jenkins\tmp\workspace\build\src\src\hotspot\share\prims\jni.cpp, line 579]
Event: 225.433 Thread 0x4972e808 Exception <a 'sun/nio/fs/WindowsException'{0x1610ee68}> (0x1610ee68) 
thrown [j:\jenkins\tmp\workspace\build\src\src\hotspot\share\prims\jni.cpp, line 579]
Event: 225.435 Thread 0x4efaf848 Exception <a 'sun/nio/fs/WindowsException'{0x16156ed8}> (0x16156ed8) 
thrown [j:\jenkins\tmp\workspace\build\src\src\hotspot\share\prims\jni.cpp, line 579]
Event: 225.437 Thread 0x4972e808 Exception <a 'sun/nio/fs/WindowsException'{0x16176b40}> (0x16176b40) 
thrown [j:\jenkins\tmp\workspace\build\src\src\hotspot\share\prims\jni.cpp, line 579]
Event: 225.438 Thread 0x4efaf848 Exception <a 'sun/nio/fs/WindowsException'{0x1615d860}> (0x1615d860) 
thrown [j:\jenkins\tmp\workspace\build\src\src\hotspot\share\prims\jni.cpp, line 579]
Event: 225.440 Thread 0x4efaf848 Exception <a 'sun/nio/fs/WindowsException'{0x164187a8}> (0x164187a8) 
thrown [j:\jenkins\tmp\workspace\build\src\src\hotspot\share\prims\jni.cpp, line 579]
Event: 225.441 Thread 0x4efaf848 Exception <a 'sun/nio/fs/WindowsException'{0x1641f128}> (0x1641f128) 
thrown [j:\jenkins\tmp\workspace\build\src\src\hotspot\share\prims\jni.cpp, line 579]
Event: 225.443 Thread 0x4efaf848 Exception <a 'sun/nio/fs/WindowsException'{0x16425280}> (0x16425280) 
thrown [j:\jenkins\tmp\workspace\build\src\src\hotspot\share\prims\jni.cpp, line 579]
Event: 225.444 Thread 0x4972e808 Exception <a 'sun/nio/fs/WindowsException'{0x1617d9c0}> (0x1617d9c0) 
thrown [j:\jenkins\tmp\workspace\build\src\src\hotspot\share\prims\jni.cpp, line 579]

Events (20 events):
Event: 225.405 Thread 0x45a2d668 flushing nmethod 0x0423d608
Event: 225.405 Thread 0x45a2d668 flushing nmethod 0x04242f48
Event: 225.405 Thread 0x45a2d668 flushing nmethod 0x04245bc8
Event: 225.405 Thread 0x45a2d668 flushing nmethod 0x0424ab48
Event: 225.405 Thread 0x45a2d668 flushing nmethod 0x0424f648
Event: 225.405 Thread 0x45a2d668 flushing nmethod 0x0424f948
Event: 225.405 Thread 0x45a2d668 flushing nmethod 0x04266a08
Event: 225.405 Thread 0x45a2d668 flushing nmethod 0x04278dc8
Event: 225.405 Thread 0x45a2d668 flushing nmethod 0x0427b988
Event: 225.405 Thread 0x45a2d668 flushing nmethod 0x0427c948
Event: 225.405 Thread 0x45a2d668 flushing nmethod 0x04280748
Event: 225.406 Thread 0x45a2d668 flushing nmethod 0x042b8488
Event: 225.406 Thread 0x45a2d668 flushing nmethod 0x042bfb48
Event: 225.406 Thread 0x45a2d668 flushing nmethod 0x042bff08
Event: 225.406 Thread 0x45a2d668 flushing nmethod 0x042ce808
Event: 225.406 Thread 0x45a2d668 flushing nmethod 0x042fd108
Event: 225.406 Thread 0x45a2d668 flushing nmethod 0x04303808
Event: 225.406 Thread 0x45a2d668 flushing nmethod 0x04306508
Event: 225.422 Executing  VM operation: HandshakeAllThreads
Event: 225.422 Executing  VM operation: HandshakeAllThreads done


Dynamic libraries:
0x00d00000 - 0x00d0c000 	C:\Program Files (x86)\Eclipse Adoptium\jdk-16.0.2.7-hotspot\bin\javaw.exe
0x77230000 - 0x773d3000 	C:\WINDOWS\SYSTEM32\ntdll.dll
0x76070000 - 0x76160000 	C:\WINDOWS\System32\KERNEL32.DLL
0x76510000 - 0x76724000 	C:\WINDOWS\System32\KERNELBASE.dll
0x75af0000 - 0x75c10000 	C:\WINDOWS\System32\ucrtbase.dll
0x54300000 - 0x54314000 	C:\Program Files (x86)\Eclipse Adoptium\jdk-16.0.2.7-hotspot\bin\jli.dll
0x542e0000 - 0x542f4000 	C:\Program Files (x86)\Eclipse Adoptium\jdk-16.0.2.7-hotspot\bin\VCRUNTIME140.dll
0x76340000 - 0x764e0000 	C:\WINDOWS\System32\USER32.dll
0x6fa00000 - 0x6fc10000 	C:\WINDOWS\WinSxS\x86_microsoft.windows.common-controls_6595b64144ccf1df_6.0.19041.1110_none_a8625c1886757984\COMCTL32.dll
0x75e30000 - 0x75e48000 	C:\WINDOWS\System32\win32u.dll
0x77000000 - 0x770bf000 	C:\WINDOWS\System32\msvcrt.dll
0x761e0000 - 0x76204000 	C:\WINDOWS\System32\GDI32.dll
0x76260000 - 0x7633c000 	C:\WINDOWS\System32\gdi32full.dll
0x76d20000 - 0x76d9b000 	C:\WINDOWS\System32\msvcp_win.dll
0x76730000 - 0x76755000 	C:\WINDOWS\System32\IMM32.DLL
0x74880000 - 0x7493a000 	C:\Windows\System32\guard32.dll
0x75db0000 - 0x75e2a000 	C:\WINDOWS\System32\ADVAPI32.dll
0x76160000 - 0x761d5000 	C:\WINDOWS\System32\sechost.dll
0x769f0000 - 0x76aaf000 	C:\WINDOWS\System32\RPCRT4.dll
0x74870000 - 0x74878000 	C:\WINDOWS\system32\version.dll
0x75ef0000 - 0x75fd3000 	C:\WINDOWS\System32\ole32.dll
0x76760000 - 0x769e1000 	C:\WINDOWS\System32\combase.dll
0x74860000 - 0x74868000 	C:\WINDOWS\system32\fltlib.dll
0x750f0000 - 0x756a3000 	C:\WINDOWS\System32\shell32.dll
0x54260000 - 0x542d1000 	C:\Program Files (x86)\Eclipse Adoptium\jdk-16.0.2.7-hotspot\bin\msvcp140.dll
0x53d40000 - 0x5425c000 	C:\Program Files (x86)\Eclipse Adoptium\jdk-16.0.2.7-hotspot\bin\client\jvm.dll
0x76f10000 - 0x76f16000 	C:\WINDOWS\System32\PSAPI.DLL
0x6f9f0000 - 0x6f9f8000 	C:\WINDOWS\SYSTEM32\WSOCK32.dll
0x76da0000 - 0x76e03000 	C:\WINDOWS\System32\WS2_32.dll
0x74940000 - 0x74968000 	C:\WINDOWS\SYSTEM32\WINMM.dll
0x74770000 - 0x7477f000 	C:\WINDOWS\SYSTEM32\kernel.appcore.dll
0x53d30000 - 0x53d39000 	C:\Program Files (x86)\Eclipse Adoptium\jdk-16.0.2.7-hotspot\bin\jimage.dll
0x6ccc0000 - 0x6ce48000 	C:\WINDOWS\SYSTEM32\DBGHELP.DLL
0x68580000 - 0x685a6000 	C:\WINDOWS\SYSTEM32\dbgcore.DLL
0x75c10000 - 0x75c6f000 	C:\WINDOWS\System32\bcryptPrimitives.dll
0x53d00000 - 0x53d21000 	C:\Program Files (x86)\Eclipse Adoptium\jdk-16.0.2.7-hotspot\bin\java.dll
0x71440000 - 0x71a48000 	C:\WINDOWS\SYSTEM32\windows.storage.dll
0x709b0000 - 0x709d5000 	C:\WINDOWS\SYSTEM32\Wldp.dll
0x75c70000 - 0x75cf7000 	C:\WINDOWS\System32\SHCORE.dll
0x76210000 - 0x76255000 	C:\WINDOWS\System32\shlwapi.dll
0x70990000 - 0x709a8000 	C:\WINDOWS\SYSTEM32\profapi.dll
0x53ce0000 - 0x53cf4000 	C:\Program Files (x86)\Eclipse Adoptium\jdk-16.0.2.7-hotspot\bin\net.dll
0x73990000 - 0x73a5b000 	C:\WINDOWS\SYSTEM32\WINHTTP.dll
0x70800000 - 0x70852000 	C:\WINDOWS\system32\mswsock.dll
0x53cd0000 - 0x53cdf000 	C:\Program Files (x86)\Eclipse Adoptium\jdk-16.0.2.7-hotspot\bin\nio.dll
0x53cb0000 - 0x53cc4000 	C:\Program Files (x86)\Eclipse Adoptium\jdk-16.0.2.7-hotspot\bin\zip.dll
0x53ca0000 - 0x53cad000 	C:\Program Files (x86)\Eclipse Adoptium\jdk-16.0.2.7-hotspot\bin\verify.dll
0x53c90000 - 0x53c98000 	C:\Program Files (x86)\Eclipse Adoptium\jdk-16.0.2.7-hotspot\bin\management.dll
0x53c80000 - 0x53c89000 	C:\Program Files (x86)\Eclipse Adoptium\jdk-16.0.2.7-hotspot\bin\management_ext.dll
0x6df30000 - 0x6df41000 	C:\WINDOWS\system32\napinsp.dll
0x6df10000 - 0x6df26000 	C:\WINDOWS\system32\pnrpnsp.dll
0x6def0000 - 0x6df06000 	C:\WINDOWS\system32\NLAapi.dll
0x74fa0000 - 0x74fd2000 	C:\WINDOWS\SYSTEM32\IPHLPAPI.DLL
0x74780000 - 0x74811000 	C:\WINDOWS\SYSTEM32\DNSAPI.dll
0x77150000 - 0x77157000 	C:\WINDOWS\System32\NSI.dll
0x6fc10000 - 0x6fc20000 	C:\WINDOWS\system32\wshbth.dll
0x6dee0000 - 0x6deee000 	C:\WINDOWS\System32\winrnr.dll
0x6ffc0000 - 0x6ffc8000 	C:\Windows\System32\rasadhlp.dll
0x6e1d0000 - 0x6e228000 	C:\WINDOWS\System32\fwpuclnt.dll
0x75e50000 - 0x75e69000 	C:\WINDOWS\System32\bcrypt.dll
0x70940000 - 0x70953000 	C:\WINDOWS\SYSTEM32\CRYPTSP.dll
0x70910000 - 0x7093f000 	C:\WINDOWS\system32\rsaenh.dll
0x73a70000 - 0x73a95000 	C:\WINDOWS\SYSTEM32\USERENV.dll
0x70900000 - 0x7090a000 	C:\WINDOWS\SYSTEM32\CRYPTBASE.dll
0x74840000 - 0x74854000 	C:\WINDOWS\SYSTEM32\dhcpcsvc6.DLL
0x74820000 - 0x74836000 	C:\WINDOWS\SYSTEM32\dhcpcsvc.DLL
0x53c40000 - 0x53c7a000 	C:\Users\felix\AppData\Local\Temp\jna-97315196\jna8545194273648492895.dll
0x75e70000 - 0x75eee000 	C:\WINDOWS\System32\clbcatq.dll
0x76e70000 - 0x76f06000 	C:\WINDOWS\System32\OleAut32.dll
0x6fcb0000 - 0x6fcc2000 	C:\WINDOWS\SYSTEM32\amsi.dll
0x53c00000 - 0x53c3f000 	C:\WINDOWS\SYSTEM32\Pdh.dll
0x53bf0000 - 0x53bfd000 	C:\WINDOWS\System32\perfos.dll
0x53b80000 - 0x53bed000 	C:\Users\felix\AppData\Local\Temp\lwjglfelix\3.2.2-SNAPSHOT\lwjgl32.dll
0x53b40000 - 0x53b7e000 	C:\Users\felix\AppData\Local\Temp\lwjglfelix\3.2.2-SNAPSHOT\jemalloc32.dll
0x53ae0000 - 0x53b38000 	C:\Users\felix\AppData\Local\Temp\lwjglfelix\3.2.2-SNAPSHOT\glfw32.dll
0x74fe0000 - 0x75054000 	C:\WINDOWS\system32\uxtheme.dll
0x6dc50000 - 0x6dc87000 	C:\WINDOWS\SYSTEM32\dinput8.dll
0x53ad0000 - 0x53add000 	C:\WINDOWS\SYSTEM32\xinput1_4.dll
0x77110000 - 0x7714b000 	C:\WINDOWS\System32\cfgmgr32.dll
0x6dca0000 - 0x6dccb000 	C:\WINDOWS\SYSTEM32\DEVOBJ.dll
0x6d490000 - 0x6d57d000 	C:\WINDOWS\SYSTEM32\inputhost.dll
0x6d3f0000 - 0x6d48b000 	C:\WINDOWS\SYSTEM32\CoreMessaging.dll
0x6f8a0000 - 0x6f962000 	C:\WINDOWS\SYSTEM32\PROPSYS.dll
0x6d310000 - 0x6d3eb000 	C:\WINDOWS\SYSTEM32\wintypes.dll
0x6d090000 - 0x6d30e000 	C:\WINDOWS\SYSTEM32\CoreUIComponents.dll
0x70960000 - 0x70989000 	C:\WINDOWS\SYSTEM32\ntmarta.dll
0x72200000 - 0x72226000 	C:\WINDOWS\SYSTEM32\dwmapi.dll
0x4e420000 - 0x4e81e000 	C:\Program Files (x86)\RivaTuner Statistics Server\RTSSHooks.dll
0x756b0000 - 0x75aec000 	C:\WINDOWS\System32\SETUPAPI.dll
0x76f20000 - 0x76ff3000 	C:\WINDOWS\System32\MSCTF.dll
0x6dc90000 - 0x6dc9a000 	C:\WINDOWS\SYSTEM32\HID.DLL
0x770c0000 - 0x77107000 	C:\WINDOWS\System32\WINTRUST.dll
0x76c20000 - 0x76d1a000 	C:\WINDOWS\System32\CRYPT32.dll
0x73980000 - 0x7398e000 	C:\WINDOWS\System32\MSASN1.dll
0x539c0000 - 0x53ac3000 	C:\WINDOWS\SYSTEM32\opengl32.dll
0x53980000 - 0x539bf000 	C:\WINDOWS\SYSTEM32\GLU32.dll
0x516c0000 - 0x53978000 	C:\WINDOWS\System32\DriverStore\FileRepository\nvhmi.inf_amd64_81b0e572c0ead3e1\nvoglv32.dll
0x73a60000 - 0x73a6f000 	C:\WINDOWS\SYSTEM32\WTSAPI32.dll
0x6da00000 - 0x6da26000 	C:\WINDOWS\SYSTEM32\cryptnet.dll
0x6a8c0000 - 0x6a9c2000 	C:\WINDOWS\SYSTEM32\drvstore.dll
0x6a770000 - 0x6a79c000 	C:\WINDOWS\SYSTEM32\dxcore.dll
0x51490000 - 0x516b2000 	C:\WINDOWS\system32\nvspcap.dll
0x6cb60000 - 0x6cba4000 	C:\WINDOWS\SYSTEM32\powrprof.dll
0x6cad0000 - 0x6cadd000 	C:\WINDOWS\SYSTEM32\UMPDC.dll
0x6f980000 - 0x6f9c7000 	C:\WINDOWS\SYSTEM32\WINSTA.dll
0x6a7a0000 - 0x6a859000 	C:\WINDOWS\SYSTEM32\textinputframework.dll
0x58900000 - 0x58953000 	C:\Users\felix\AppData\Local\Temp\lwjglfelix\3.2.2-SNAPSHOT\lwjgl_opengl32.dll
0x58a70000 - 0x58ae1000 	C:\Users\felix\AppData\Local\Temp\lwjglfelix\3.2.2-SNAPSHOT\lwjgl_stb32.dll
0x6aa60000 - 0x6aaf3000 	C:\WINDOWS\SYSTEM32\mscms.dll
0x6aa50000 - 0x6aa5c000 	C:\WINDOWS\SYSTEM32\ColorAdapterClient.dll
0x58b90000 - 0x58bce000 	C:\WINDOWS\SYSTEM32\icm32.dll
0x58fe0000 - 0x58ff7000 	C:\dev\minecraft\cheesus\build\natives\SAPIWrapper_x86.dll
0x68200000 - 0x68341000 	C:\WINDOWS\System32\Speech\Common\sapi.dll
0x72230000 - 0x72249000 	C:\WINDOWS\SYSTEM32\MSACM32.dll
0x6f860000 - 0x6f869000 	C:\WINDOWS\SYSTEM32\msdmo.dll
0x71fe0000 - 0x71ffd000 	C:\WINDOWS\SYSTEM32\winmmbase.dll
0x6a9e0000 - 0x6aa4b000 	C:\WINDOWS\System32\MMDevApi.dll
0x5ba30000 - 0x5ba3b000 	C:\Program Files (x86)\Eclipse Adoptium\jdk-16.0.2.7-hotspot\bin\sunmscapi.dll
0x68350000 - 0x68371000 	C:\WINDOWS\SYSTEM32\ncrypt.dll
0x6f870000 - 0x6f898000 	C:\WINDOWS\SYSTEM32\NTASN1.dll
0x73860000 - 0x7395f000 	C:\Users\felix\AppData\Local\Temp\lwjglfelix\3.2.2-SNAPSHOT\OpenAL32.dll
0x74450000 - 0x74586000 	C:\WINDOWS\SYSTEM32\AUDIOSES.DLL
0x74590000 - 0x7459f000 	C:\WINDOWS\SYSTEM32\resourcepolicyclient.dll
0x63a00000 - 0x63b4f000 	C:\Program Files (x86)\Eclipse Adoptium\jdk-16.0.2.7-hotspot\bin\awt.dll
0x63b50000 - 0x63bef000 	C:\WINDOWS\SYSTEM32\apphelp.dll
0x01420000 - 0x01426000 	C:\WINDOWS\system32\wshunix.dll

dbghelp: loaded successfully - version: 4.0.5 - missing functions: none
symbol engine: initialized successfully - sym options: 0x614 - pdb path: .;C:\Program Files (x86)\Eclipse Adoptium\jdk-16.0.2.7-hotspot\bin;C:\WINDOWS\SYSTEM32;C:\WINDOWS\WinSxS\x86_microsoft.windows.common-controls_6595b64144ccf1df_6.0.19041.1110_none_a8625c1886757984;C:\Program Files (x86)\Eclipse Adoptium\jdk-16.0.2.7-hotspot\bin\client;C:\Users\felix\AppData\Local\Temp\jna-97315196;C:\Users\felix\AppData\Local\Temp\lwjglfelix\3.2.2-SNAPSHOT;C:\Program Files (x86)\RivaTuner Statistics Server;C:\WINDOWS\System32\DriverStore\FileRepository\nvhmi.inf_amd64_81b0e572c0ead3e1;C:\dev\minecraft\cheesus\build\natives;C:\WINDOWS\System32\Speech\Common

VM Arguments:
jvm_args: -Dforge.logging.console.level=debug -Dforge.logging.markers=REGISTRIES -DlegacyClassPath.file=C:\dev\minecraft\cheesus\build\classpath\runClient_minecraftClasspath.txt -DignoreList=bootstraplauncher,securejarhandler,asm-commons,asm-util,asm-analysis,asm-tree,asm,client-extra,fmlcore,javafmllanguage,mclanguage,forge- -DnativesDirectory=C:\dev\minecraft\cheesus\build\natives -DmergeModules=jna-5.8.0.jar,jna-platform-58.0.jar,java-objc-bridge-1.0.0.jar --module-path=C:\Users\felix\.gradle\caches\modules-2\files-2.1\cpw.mods\bootstraplauncher\0.1.17\899fb8e3912bb7d14a6f9611de117f77db710ec3\bootstraplauncher-0.1.17.jar;C:\Users\felix\.gradle\caches\modules-2\files-2.1\cpw.mods\securejarhandler\0.9.54\24b670f2c026ec9777e64a2c2126ebc8635dbe8d\securejarhandler-0.9.54.jar;C:\Users\felix\.gradle\caches\modules-2\files-2.1\org.ow2.asm\asm-commons\9.1\8b971b182eb5cf100b9e8d4119152d83e00e0fdd\asm-commons-9.1.jar;C:\Users\felix\.gradle\caches\modules-2\files-2.1\org.ow2.asm\asm-util\9.1\36464a45d871779f3383a8a9aba2b26562a86729\asm-util-9.1.jar;C:\Users\felix\.gradle\caches\modules-2\files-2.1\org.ow2.asm\asm-analysis\9.1\4f61b83b81d8b659958f4bcc48907e93ecea55a0\asm-analysis-9.1.jar;C:\Users\felix\.gradle\caches\modules-2\files-2.1\org.ow2.asm\asm-tree\9.1\c333f2a855069cb8eb17a40a3eb8b1b67755d0eb\asm-tree-9.1.jar;C:\Users\felix\.gradle\caches\modules-2\files-2.1\org.ow2.asm\asm\9.1\a99500cf6eea30535eeac6be73899d048f8d12a8\asm-9.1.jar --add-modules=ALL-MODULE-PATH --add-opens=java.base/java.util.jar=cpw.mods.securejarhandler --add-exports=java.base/sun.security.util=cpw.mods.securejarhandler --add-exports=jdk.naming.dns/com.sun.jndi.dns=java.naming -XX:HeapDumpPath=MojangTricksIntelDriversForPerformance_javaw.exe_minecraft.exe.heapdump -Dos.name=Windows 10 -Dos.version=10.0 -Xmx1024m -Djava.library.path=C:\dev\minecraft\cheesus\build\natives;C:\dev\minecraft\cheesus\build\natives;C:\dev\minecraft\cheesus\build\natives;C:\dev\minecraft\cheesus\build\natives;C:\dev\minecraft\cheesus\build\natives -Dfile.encoding=Cp1252 -XX:+ShowCodeDetailsInExceptionMessages 
java_command: cpw.mods.bootstraplauncher.BootstrapLauncher --launchTarget forgeclientuserdev --version MOD_DEV --assetIndex 1.17 --assetsDir C:\Users\felix\.gradle\caches\forge_gradle\assets --gameDir . --fml.forgeVersion 37.0.104 --fml.mcVersion 1.17.1 --fml.forgeGroup net.minecraftforge --fml.mcpVersion 20210706.113038
java_class_path (initial): C:\dev\minecraft\cheesus\bin\main;C:\dev\minecraft\cheesus\bin\test;C:\dev\minecraft\cheesus\bin\default;C:\Users\felix\.gradle\caches\forge_gradle\minecraft_user_repo\net\minecraftforge\forge\1.17.1-37.0.104_mapped_official_1.17.1\forge-1.17.1-37.0.104_mapped_official_1.17.1-recomp.jar;C:\Users\felix\.gradle\caches\forge_gradle\minecraft_repo\versions\1.17.1\client-extra.jar;C:\Users\felix\.gradle\caches\modules-2\files-2.1\com.google.code.findbugs\jsr305\3.0.1\f7be08ec23c21485b9b5a1cf1654c2ec8c58168d\jsr305-3.0.1.jar;C:\Users\felix\.gradle\caches\modules-2\files-2.1\ca.weblite\java-objc-bridge\1.0.0\6ef160c3133a78de015830860197602ca1c855d3\java-objc-bridge-1.0.0.jar;C:\Users\felix\.gradle\caches\modules-2\files-2.1\net.minecraftforge\mergetool\1.1.3\d7d4b6eac7f49c59255c8ac25190802c29ac9a4a\mergetool-1.1.3-api.jar;C:\Users\felix\.gradle\caches\forge_gradle\mcp_repo\net\minecraft\mapping\1.17.1\mapping-1.17.1-mapping.zip;C:\Users\felix\.gradle\caches\modules-2\files-2.1\cpw.mods\securejarhandler\0.9.54\24b670f2c026ec9777e64a2c2126ebc8635dbe8d\securejarhandler-0.9.54.jar;C:\Users\felix\.gradle\caches\modules-2\files-2.1\net.minecraftforge\fmlloader\1.17.1-37.0.104\8e5c4431d70898c6551a25eb6ba9e0bcfc0bb6fe\fmlloader-1.17.1-37.0.104.jar;C:\Users\felix\.gradle\caches\modules-2\files-2.1\cpw.mods\modlauncher\9.0.7\ebe8650527b513823874449e054db053b686b494\modlauncher-9.0.7.jar;C:\Users\felix\.gradle\caches\modules-2\files-2.1\org.openjdk.nashorn\nashorn-core\15.3\43977e804697048fc8d81d333a36c17d07a5b3dd\nashorn-core-15.3.jar;C:\Users\felix\.gradle\caches\modules-2\files-2.1\org.ow2.asm\asm-commons\9.1\8b971b182eb5cf100b9e8d4119152d83e00e0fdd\asm-commons-9.1.jar;C:\Users\felix\.gradle\caches\modules-2\files-2.1\org.ow2.asm\asm-util\9.1\36464a45d871779f3383a8a9aba2b26562a86729\asm-util-9.1.jar;C:\Users\felix\.gradle\caches\modules-2\files-2.1\org.ow2.asm\asm-analysis\9.1\4f61b83b81d8b659958f4bcc48907e93ecea55a0\asm-analysis-9.1.jar;C:\Users\felix
Launcher Type: SUN_STANDARD

[Global flags]
    ccstr HeapDumpPath                             = MojangTricksIntelDriversForPerformance_javaw.exe_minecraft.exe.heapdump         {manageable} {command line}
   size_t InitialHeapSize                          = 16777216                                  {product} {ergonomic}
   size_t MaxHeapSize                              = 1073741824                                {product} {command line}
   size_t MaxNewSize                               = 357892096                                 {product} {ergonomic}
   size_t MinHeapDeltaBytes                        = 131072                                    {product} {ergonomic}
   size_t MinHeapSize                              = 6291456                                   {product} {ergonomic}
   size_t NewSize                                  = 5570560                                   {product} {ergonomic}
    uintx NonProfiledCodeHeapSize                  = 0                                      {pd product} {ergonomic}
   size_t OldSize                                  = 11206656                                  {product} {ergonomic}
    uintx ProfiledCodeHeapSize                     = 0                                      {pd product} {ergonomic}
     bool ShowCodeDetailsInExceptionMessages       = true                                   {manageable} {command line}
   size_t SoftMaxHeapSize                          = 1073741824                             {manageable} {ergonomic}
     bool UseLargePagesIndividualAllocation        = false                                  {pd product} {ergonomic}
     bool UseSerialGC                              = true                                      {product} {ergonomic}

Logging:
Log output configuration:
 #0: stdout all=warning uptime,level,tags
 #1: stderr all=off uptime,level,tags

Environment Variables:
JAVA_HOME=C:\Program Files\Eclipse Foundation\jdk-16.0.2.7-hotspot\
PATH=C:/Users/felix/.p2/pool/plugins/org.eclipse.justj.openjdk.hotspot.jre.full.win32.x86_64_16.0.2.v20210721-1149/jre/bin/server;C:/Users/felix/.p2/pool/plugins/org.eclipse.justj.openjdk.hotspot.jre.full.win32.x86_64_16.0.2.v20210721-1149/jre/bin;C:\Program Files\Eclipse Foundation\jdk-16.0.2.7-hotspot\bin;C:\Program Files (x86)\Eclipse Adoptium\jdk-16.0.2.7-hotspot\bin;C:\Program Files\Eclipse Adoptium\jdk-17.0.1.12-hotspot\bin;C:\dev\geckodriver;C:\Program Files\Common Files\Oracle\Java\javapath;C:\Program Files (x86)\Python38-32\Scripts\;C:\Program Files (x86)\Python38-32\;C:\Program Files (x86)\Common Files\Oracle\Java\javapath;C:\WINDOWS\system32;C:\WINDOWS;C:\WINDOWS\System32\Wbem;C:\WINDOWS\System32\WindowsPowerShell\v1.0\;C:\WINDOWS\System32\OpenSSH\;C:\Program Files\NVIDIA Corporation\NVIDIA NvDLISR;C:\Program Files (x86)\NVIDIA Corporation\PhysX\Common;C:\Program Files\Git\cmd;C:\MinGW\bin;C:\Program Files\Java\jdk-16.0.2\bin;C:\Program Files\Eclipse Foundation\jdk-17.0.0.35-hotspot\bin;C:\Program Files\Common Files\Oracle\Java\javapath;C:\Program Files\AdoptOpenJDK\jdk-8.0.292.10-hotspot\bin;C:\Program Files (x86)\Python38-32\Scripts\;C:\Program Files (x86)\Python38-32\;C:\Program Files (x86)\Common Files\Oracle\Java\javapath;C:\WINDOWS\system32;C:\WINDOWS;C:\WINDOWS\System32\Wbem;C:\WINDOWS\System32\WindowsPowerShell\v1.0\;C:\WINDOWS\System32\OpenSSH\;C:\Program Files\NVIDIA Corporation\NVIDIA NvDLISR;C:\Program Files (x86)\NVIDIA Corporation\PhysX\Common;C:\Program Files\Git\cmd;C:\MinGW\bin;C:\Program Files\Eclipse Foundation\jdk-17.0.0.35-hotspot\bin;C:\Users\felix\AppData\Local\Programs\Python\Python310\Scripts\;C:\Users\felix\AppData\Local\Programs\Python\Python310\;C:\Users\felix\AppData\Local\Microsoft\WindowsApps;C:\Users\felix\AppData\Local\GitHubDesktop\bin;C:\Users\felix\AppData\Local\atom\bin;C:\ProgramData\felix\atom\bin;C:\Users\felix\AppData\Local\Programs\Microsoft VS Code\bin;C:\WebDriver\bin;C:\WINDOWS\system32;
USERNAME=felix
OS=Windows_NT
PROCESSOR_IDENTIFIER=Intel64 Family 6 Model 165 Stepping 2, GenuineIntel



---------------  S Y S T E M  ---------------

OS:
 Windows 10 , 64 bit Build 19041 (10.0.19041.1348)
OS uptime: 0 days 0:43 hours

CPU: total 12 (initial active 12) (6 cores per cpu, 2 threads per core) family 6 model 165 stepping 2 microcode 0xe0, cx8, cmov, fxsr, ht, mmx, 3dnowpref, sse, sse2, sse3, ssse3, sse4.1, sse4.2, popcnt, lzcnt, tsc, tscinvbit, avx, avx2, aes, erms, clmul, bmi1, bmi2, adx, fma, vzeroupper, clflush, clflushopt

Memory: 4k page, system-wide physical 16222M (6599M free)
TotalPageFile size 27486M (AvailPageFile size 13083M), user-mode portion of virtual address-space 2047M (126M free)
current process WorkingSet (physical memory assigned to process): 1479M, peak: 1479M
current process commit charge ("private bytes"): 1655M, peak: 1655M

vm_info: OpenJDK Client VM (16.0.2+7) for windows-x86 JRE (16.0.2+7), built on Jul 22 2021 20:27:59 by "" with MS VC++ 16.7 (VS2019)

END.
