#
# A fatal error has been detected by the Java Runtime Environment:
#
#  EXCEPTION_ACCESS_VIOLATION (0xc0000005) at pc=0x5226a507, pid=17088, tid=11588
#
# JRE version: OpenJDK Runtime Environment Temurin-16.0.2+7 (16.0.2+7) (build 16.0.2+7)
# Java VM: OpenJDK Client VM Temurin-16.0.2+7 (16.0.2+7, mixed mode, serial gc, windows-x86)
# Problematic frame:
# C  [nvoglv32.dll+0xbaa507]
#
# No core dump will be written. Minidumps are not enabled by default on client versions of Windows
#
# If you would like to submit a bug report, please visit:
#   https://github.com/adoptium/adoptium-support/issues
# The crash happened outside the Java Virtual Machine in native code.
# See problematic frame for where to report the bug.
#

---------------  S U M M A R Y ------------

Command Line: -Dforge.logging.console.level=debug -Dforge.logging.markers=REGISTRIES -DlegacyClassPath.file=C:\dev\minecraft\cheesus\build\classpath\runClient_minecraftClasspath.txt -DignoreList=bootstraplauncher,securejarhandler,asm-commons,asm-util,asm-analysis,asm-tree,asm,client-extra,fmlcore,javafmllanguage,mclanguage,forge- -DnativesDirectory=C:\dev\minecraft\cheesus\build\natives -DmergeModules=jna-5.8.0.jar,jna-platform-58.0.jar,java-objc-bridge-1.0.0.jar --module-path=C:\Users\felix\.gradle\caches\modules-2\files-2.1\cpw.mods\bootstraplauncher\0.1.17\899fb8e3912bb7d14a6f9611de117f77db710ec3\bootstraplauncher-0.1.17.jar;C:\Users\felix\.gradle\caches\modules-2\files-2.1\cpw.mods\securejarhandler\0.9.54\24b670f2c026ec9777e64a2c2126ebc8635dbe8d\securejarhandler-0.9.54.jar;C:\Users\felix\.gradle\caches\modules-2\files-2.1\org.ow2.asm\asm-commons\9.1\8b971b182eb5cf100b9e8d4119152d83e00e0fdd\asm-commons-9.1.jar;C:\Users\felix\.gradle\caches\modules-2\files-2.1\org.ow2.asm\asm-util\9.1\36464a45d871779f3383a8a9aba2b26562a86729\asm-util-9.1.jar;C:\Users\felix\.gradle\caches\modules-2\files-2.1\org.ow2.asm\asm-analysis\9.1\4f61b83b81d8b659958f4bcc48907e93ecea55a0\asm-analysis-9.1.jar;C:\Users\felix\.gradle\caches\modules-2\files-2.1\org.ow2.asm\asm-tree\9.1\c333f2a855069cb8eb17a40a3eb8b1b67755d0eb\asm-tree-9.1.jar;C:\Users\felix\.gradle\caches\modules-2\files-2.1\org.ow2.asm\asm\9.1\a99500cf6eea30535eeac6be73899d048f8d12a8\asm-9.1.jar --add-modules=ALL-MODULE-PATH --add-opens=java.base/java.util.jar=cpw.mods.securejarhandler --add-exports=java.base/sun.security.util=cpw.mods.securejarhandler --add-exports=jdk.naming.dns/com.sun.jndi.dns=java.naming -XX:HeapDumpPath=MojangTricksIntelDriversForPerformance_javaw.exe_minecraft.exe.heapdump -Dos.name=Windows 10 -Dos.version=10.0 -Xmx1024m -Djava.library.path=C:\dev\minecraft\cheesus\build\natives;C:\dev\minecraft\cheesus\build\natives;C:\dev\minecraft\cheesus\build\natives;C:\dev\minecraft\cheesus\build\natives;C:\dev\minecraft\cheesus\build\natives -Dfile.encoding=Cp1252 -XX:+ShowCodeDetailsInExceptionMessages cpw.mods.bootstraplauncher.BootstrapLauncher --launchTarget forgeclientuserdev --version MOD_DEV --assetIndex 1.17 --assetsDir C:\Users\felix\.gradle\caches\forge_gradle\assets --gameDir . --fml.forgeVersion 37.0.104 --fml.mcVersion 1.17.1 --fml.forgeGroup net.minecraftforge --fml.mcpVersion 20210706.113038

Host: Intel(R) Core(TM) i7-10750H CPU @ 2.60GHz, 12 cores, 15G,  Windows 10 , 64 bit Build 19041 (10.0.19041.1348)
Time: Sat Dec  4 12:01:40 2021 Mitteleuropäische Zeit elapsed time: 106.914570 seconds (0d 0h 1m 46s)

---------------  T H R E A D  ---------------

Current thread (0x02737568):  JavaThread "Render thread" [_thread_in_native, id=11588, stack(0x024b0000,0x02500000)]

Stack: [0x024b0000,0x02500000],  sp=0x024fe284,  free space=312k
Native frames: (J=compiled Java code, A=aot compiled Java code, j=interpreted, Vv=VM code, C=native code)
C  [nvoglv32.dll+0xbaa507]

Java frames: (J=compiled Java code, j=interpreted, Vv=VM code)
J 6388  org.lwjgl.opengl.GL11C.glClear(I)V org.lwjgl.opengl (0 bytes) @ 0x034e061d [0x034e05e0+0x0000003d]
J 7625 c1 net.minecraft.client.renderer.GameRenderer.render(FJZ)V minecraft@1.17.1 (871 bytes) @ 0x0367152c [0x03670700+0x00000e2c]
J 7546 c1 net.minecraft.client.Minecraft.runTick(Z)V minecraft@1.17.1 (1016 bytes) @ 0x0365c2f0 [0x0365ba30+0x000008c0]
j  net.minecraft.client.Minecraft.run()V+81 minecraft@1.17.1
j  net.minecraft.client.main.Main.main([Ljava/lang/String;)V+1344 minecraft@1.17.1
v  ~StubRoutines::call_stub
j  jdk.internal.reflect.NativeMethodAccessorImpl.invoke0(Ljava/lang/reflect/Method;Ljava/lang/Object;[Ljava/lang/Object;)Ljava/lang/Object;+0 java.base@16.0.2
j  jdk.internal.reflect.NativeMethodAccessorImpl.invoke(Ljava/lang/Object;[Ljava/lang/Object;)Ljava/lang/Object;+146 java.base@16.0.2
j  jdk.internal.reflect.DelegatingMethodAccessorImpl.invoke(Ljava/lang/Object;[Ljava/lang/Object;)Ljava/lang/Object;+6 java.base@16.0.2
j  java.lang.reflect.Method.invoke(Ljava/lang/Object;[Ljava/lang/Object;)Ljava/lang/Object;+59 java.base@16.0.2
j  net.minecraftforge.fml.loading.targets.ForgeClientUserdevLaunchHandler.lambda$launchService$0([Ljava/lang/String;Ljava/lang/ModuleLayer;)Ljava/lang/Void;+47 fmlloader@1.17.1-37.0.104
j  net.minecraftforge.fml.loading.targets.ForgeClientUserdevLaunchHandler$$Lambda$747+0x481c0000.call()Ljava/lang/Object;+12 fmlloader@1.17.1-37.0.104
j  cpw.mods.modlauncher.LaunchServiceHandlerDecorator.launch([Ljava/lang/String;Ljava/lang/ModuleLayer;)V+11 cpw.mods.modlauncher@9.0.7
j  cpw.mods.modlauncher.LaunchServiceHandler.launch(Ljava/lang/String;[Ljava/lang/String;Ljava/lang/ModuleLayer;Lcpw/mods/modlauncher/TransformingClassLoader;Lcpw/mods/modlauncher/LaunchPluginHandler;)V+58 cpw.mods.modlauncher@9.0.7
j  cpw.mods.modlauncher.LaunchServiceHandler.launch(Lcpw/mods/modlauncher/ArgumentHandler;Ljava/lang/ModuleLayer;Lcpw/mods/modlauncher/TransformingClassLoader;Lcpw/mods/modlauncher/LaunchPluginHandler;)V+21 cpw.mods.modlauncher@9.0.7
j  cpw.mods.modlauncher.Launcher.run([Ljava/lang/String;)V+310 cpw.mods.modlauncher@9.0.7
j  cpw.mods.modlauncher.Launcher.main([Ljava/lang/String;)V+78 cpw.mods.modlauncher@9.0.7
j  cpw.mods.modlauncher.BootstrapLaunchConsumer.accept([Ljava/lang/String;)V+1 cpw.mods.modlauncher@9.0.7
j  cpw.mods.modlauncher.BootstrapLaunchConsumer.accept(Ljava/lang/Object;)V+5 cpw.mods.modlauncher@9.0.7
j  cpw.mods.bootstraplauncher.BootstrapLauncher.main([Ljava/lang/String;)V+492 cpw.mods.bootstraplauncher@0.1.17
v  ~StubRoutines::call_stub

siginfo: EXCEPTION_ACCESS_VIOLATION (0xc0000005), reading address 0x00000030


Register to memory mapping:

EIP=0x5226a507 nvoglv32.dll
EAX=0x0 is NULL
EBX=0x00000710 is an unknown value
ECX=0x0 is NULL
EDX=0x0 is NULL
ESP=0x024fe284 is pointing into the stack for thread: 0x02737568
EBP=0x024fe288 is pointing into the stack for thread: 0x02737568
ESI=0x4dc48a9c points into unknown readable memory: 0x00000000 | 00 00 00 00
EDI=0x0 is NULL


Registers:
EAX=0x00000000, EBX=0x00000710, ECX=0x00000000, EDX=0x00000000
ESP=0x024fe284, EBP=0x024fe288, ESI=0x4dc48a9c, EDI=0x00000000
EIP=0x5226a507, EFLAGS=0x00010206

Top of Stack: (sp=0x024fe284)
0x024fe284:   4dc48a98 024fe2b0 52299a2d 00000000
0x024fe294:   791180f0 00000710 46180928 4dc48a98
0x024fe2a4:   00000710 4dc48ab0 0022e931 024fe2d0
0x024fe2b4:   52299ba8 791180f0 00000710 00000710
0x024fe2c4:   4dc48a98 79110100 4dc48a98 024fe308
0x024fe2d4:   52295887 791180f0 00000000 7fb60498
0x024fe2e4:   024fe2fc 00002d44 00000000 791180f0
0x024fe2f4:   024ff260 766406c0 0000075a 7fb60498 

Instructions: (pc=0x5226a507)
0x5226a407:   8b 45 d8 53 ff 75 fc 8b 40 04 03 06 50 e8 77 93
0x5226a417:   37 00 6a 00 56 e8 9f 04 00 00 8b 45 ec 0f b7 c0
0x5226a427:   eb 50 8b 46 14 8b 75 ec 53 ff 75 fc 66 89 0c 70
0x5226a437:   8b c6 8b 75 08 89 42 0c 8d 41 01 8b 4e 24 66 89
0x5226a447:   46 1a 89 4a 04 8b 06 03 c1 50 e8 3a 93 37 00 ff
0x5226a457:   75 e8 8b 86 30 16 00 00 01 46 24 53 ff 75 fc 56
0x5226a467:   e8 e4 00 00 00 8b 5d e8 53 56 e8 3a 05 00 00 0f
0x5226a477:   b7 c3 33 c9 ba ff ff 00 00 83 c4 24 66 3b c2 0f
0x5226a487:   45 f9 8b 5d f8 8b 4d f4 8b 45 10 41 83 c0 f8 89
0x5226a497:   4d f4 3b c8 8b 45 0c 0f 86 fe fd ff ff 3b d9 73
0x5226a4a7:   3b 8b f9 8d 9b 00 00 00 00 8b 45 0c 68 dc bc 1b
0x5226a4b7:   cf 68 63 64 a5 b7 ff 74 03 04 ff 34 03 e8 67 02
0x5226a4c7:   36 00 8b 4d f0 e8 ef 02 36 00 33 d2 43 8d 0c 40
0x5226a4d7:   8b 46 0c 66 89 54 88 0a 3b df 72 cd 8b 46 2c ff
0x5226a4e7:   46 28 03 45 10 5f 89 46 2c 5e 5b 8b e5 5d c3 cc
0x5226a4f7:   cc cc cc cc cc cc cc cc cc 55 8b ec 57 8b 7d 08
0x5226a507:   83 7f 30 01 75 12 ff 75 10 ff 75 0c 57 e8 37 fd
0x5226a517:   ff ff 83 c4 0c 5f 5d c3 56 ff b7 38 16 00 00 8b
0x5226a527:   75 10 8d 47 34 56 ff 75 0c 50 e8 aa f8 ff ff 8b
0x5226a537:   47 2c 83 c4 10 ff 47 28 03 c6 89 47 2c 5e 5f 5d
0x5226a547:   c3 cc cc cc cc cc cc cc cc 55 8b ec 83 ec 0c 53
0x5226a557:   56 8b 75 08 b8 01 00 00 00 57 33 ff 33 db 8b 96
0x5226a567:   2c 16 00 00 8b ca d3 e0 0f b7 4d 14 89 45 f8 8b
0x5226a577:   46 14 0f b7 04 48 c1 e0 04 03 46 10 33 f6 89 45
0x5226a587:   fc 8b 45 10 83 c0 f8 89 45 f4 b8 40 00 00 00 2b
0x5226a597:   c2 89 45 10 eb 03 8d 49 00 8b 45 0c 68 dc bc 1b
0x5226a5a7:   cf 68 63 64 a5 b7 ff 74 06 04 ff 34 06 e8 77 01
0x5226a5b7:   36 00 8b 4d 10 e8 ff 01 36 00 8b 4d 08 8d 14 40
0x5226a5c7:   8b 49 0c 8d 0c 91 ba ff ff 00 00 66 39 51 08 75
0x5226a5d7:   1f 66 8b 55 14 03 59 04 66 89 51 08 8b 55 f8 89
0x5226a5e7:   11 85 ff 75 07 8b 55 fc 89 02 eb 02 89 07 8b f9
0x5226a5f7:   46 3b 75 f4 76 a3 8b 45 fc 5f 5e 89 58 08 5b 8b 


Stack slot to memory mapping:
stack at sp + 0 slots: 0x4dc48a98 points into unknown readable memory: 0x53340338 | 38 03 34 53
stack at sp + 1 slots: 0x024fe2b0 is pointing into the stack for thread: 0x02737568
stack at sp + 2 slots: 0x52299a2d nvoglv32.dll
stack at sp + 3 slots: 0x0 is NULL
stack at sp + 4 slots: 0x791180f0 points into unknown readable memory: 0x6375564e | 4e 56 75 63
stack at sp + 5 slots: 0x00000710 is an unknown value
stack at sp + 6 slots: 0x46180928 points into unknown readable memory: 0x00000000 | 00 00 00 00
stack at sp + 7 slots: 0x4dc48a98 points into unknown readable memory: 0x53340338 | 38 03 34 53


---------------  P R O C E S S  ---------------

Threads class SMR info:
_java_thread_list=0x4e7a31d0, length=47, elements={
0x02737568, 0x451ffe08, 0x45201e10, 0x452249e0,
0x45225650, 0x45226d00, 0x452283b0, 0x4522c1d8,
0x45230db8, 0x452d92d8, 0x46165818, 0x46c21e38,
0x46c23020, 0x48567de0, 0x48da4da8, 0x48790bf0,
0x48f3f910, 0x48f3ffe0, 0x48f41450, 0x48f3fc78,
0x48f406b0, 0x48f40348, 0x48f40d80, 0x48f410e8,
0x4e242ac8, 0x4e241658, 0x4e242090, 0x4e241d28,
0x4e2423f8, 0x4e2419c0, 0x4e240550, 0x4e242760,
0x4e242e30, 0x4e243198, 0x4e243500, 0x4e240f88,
0x4e243bd0, 0x4e2401e8, 0x4e2408b8, 0x4e240c20,
0x78ace250, 0x78acd818, 0x78acc710, 0x78acca78,
0x78accde0, 0x78acec88, 0x78acdb80
}

Java Threads: ( => current thread )
=>0x02737568 JavaThread "Render thread" [_thread_in_native, id=11588, stack(0x024b0000,0x02500000)]
  0x451ffe08 JavaThread "Reference Handler" daemon [_thread_blocked, id=22512, stack(0x04da0000,0x04df0000)]
  0x45201e10 JavaThread "Finalizer" daemon [_thread_blocked, id=21184, stack(0x453b0000,0x45400000)]
  0x452249e0 JavaThread "Signal Dispatcher" daemon [_thread_blocked, id=22224, stack(0x45d70000,0x45dc0000)]
  0x45225650 JavaThread "Attach Listener" daemon [_thread_blocked, id=18256, stack(0x45e00000,0x45e50000)]
  0x45226d00 JavaThread "Service Thread" daemon [_thread_blocked, id=19576, stack(0x45e90000,0x45ee0000)]
  0x452283b0 JavaThread "Monitor Deflation Thread" daemon [_thread_blocked, id=21036, stack(0x45f20000,0x45f70000)]
  0x4522c1d8 JavaThread "C1 CompilerThread0" daemon [_thread_blocked, id=21652, stack(0x45fb0000,0x46000000)]
  0x45230db8 JavaThread "Sweeper thread" daemon [_thread_blocked, id=13444, stack(0x46040000,0x46090000)]
  0x452d92d8 JavaThread "Common-Cleaner" daemon [_thread_blocked, id=21356, stack(0x460d0000,0x46120000)]
  0x46165818 JavaThread "Notification Thread" daemon [_thread_blocked, id=21024, stack(0x46560000,0x465b0000)]
  0x46c21e38 JavaThread "Thread-0" daemon [_thread_blocked, id=20320, stack(0x46fb0000,0x47000000)]
  0x46c23020 JavaThread "FileSystemWatchService" daemon [_thread_in_native, id=15380, stack(0x47840000,0x47890000)]
  0x48567de0 JavaThread "Worker-Bootstrap-1" daemon [_thread_in_vm, id=18536, stack(0x4a060000,0x4a0b0000)]
  0x48da4da8 JavaThread "Worker-Bootstrap-2" daemon [_thread_in_vm_trans, id=21032, stack(0x4a0f0000,0x4a140000)]
  0x48790bf0 JavaThread "Worker-Bootstrap-3" daemon [_thread_in_native_trans, id=8952, stack(0x4a180000,0x4a1d0000)]
  0x48f3f910 JavaThread "Worker-Bootstrap-4" daemon [_thread_in_Java, id=18676, stack(0x4a210000,0x4a260000)]
  0x48f3ffe0 JavaThread "Worker-Bootstrap-5" daemon [_thread_in_Java, id=22384, stack(0x4a2a0000,0x4a2f0000)]
  0x48f41450 JavaThread "Worker-Bootstrap-7" daemon [_thread_in_Java, id=19520, stack(0x4a330000,0x4a380000)]
  0x48f3fc78 JavaThread "Worker-Bootstrap-6" daemon [_thread_in_Java, id=3652, stack(0x4ac00000,0x4ac50000)]
  0x48f406b0 JavaThread "Timer hack thread" daemon [_thread_blocked, id=20668, stack(0x49fd0000,0x4a020000)]
  0x48f40348 JavaThread "Snooper Timer" daemon [_thread_blocked, id=18508, stack(0x4ac90000,0x4ace0000)]
  0x48f40d80 JavaThread "modloading-worker-9" daemon [_thread_blocked, id=21112, stack(0x478d0000,0x47920000)]
  0x48f410e8 JavaThread "modloading-worker-11" daemon [_thread_blocked, id=20920, stack(0x5a540000,0x5a590000)]
  0x4e242ac8 JavaThread "modloading-worker-4" daemon [_thread_blocked, id=8948, stack(0x5a5d0000,0x5a620000)]
  0x4e241658 JavaThread "modloading-worker-13" daemon [_thread_blocked, id=17600, stack(0x5a660000,0x5a6b0000)]
  0x4e242090 JavaThread "modloading-worker-6" daemon [_thread_blocked, id=20972, stack(0x5a6f0000,0x5a740000)]
  0x4e241d28 JavaThread "Narrator" [_thread_blocked, id=22744, stack(0x5a1e0000,0x5a230000)]
  0x4e2423f8 JavaThread "Worker-Main-8" daemon [_thread_blocked, id=21160, stack(0x5d400000,0x5d450000)]
  0x4e2419c0 JavaThread "Worker-Main-9" daemon [_thread_blocked, id=22732, stack(0x5d490000,0x5d4e0000)]
  0x4e240550 JavaThread "Worker-Main-10" daemon [_thread_blocked, id=11544, stack(0x5d520000,0x5d570000)]
  0x4e242760 JavaThread "Worker-Main-11" daemon [_thread_in_Java, id=22132, stack(0x5d5b0000,0x5d600000)]
  0x4e242e30 JavaThread "Worker-Main-12" daemon [_thread_blocked, id=20568, stack(0x5d640000,0x5d690000)]
  0x4e243198 JavaThread "Worker-Main-13" daemon [_thread_blocked, id=20984, stack(0x5d6d0000,0x5d720000)]
  0x4e243500 JavaThread "Worker-Main-14" daemon [_thread_blocked, id=21560, stack(0x5d760000,0x5d7b0000)]
  0x4e240f88 JavaThread "Snooper Timer" daemon [_thread_blocked, id=5544, stack(0x58370000,0x583c0000)]
  0x4e243bd0 JavaThread "Server thread" [_thread_in_Java, id=19300, stack(0x62790000,0x627e0000)]
  0x4e2401e8 JavaThread "FileSystemWatchService" daemon [_thread_in_native, id=22028, stack(0x62820000,0x62870000)]
  0x4e2408b8 JavaThread "IO-Worker-15" [_thread_blocked, id=21008, stack(0x628b0000,0x62900000)]
  0x4e240c20 JavaThread "IO-Worker-16" [_thread_blocked, id=21580, stack(0x62940000,0x62990000)]
  0x78ace250 JavaThread "IO-Worker-17" [_thread_blocked, id=23072, stack(0x62a10000,0x62a60000)]
  0x78acd818 JavaThread "Java2D Disposer" daemon [_thread_blocked, id=4380, stack(0x5a4b0000,0x5a500000)]
  0x78acc710 JavaThread "ObjectCleanerThread" daemon [_thread_blocked, id=21592, stack(0x63650000,0x636a0000)]
  0x78acca78 JavaThread "Netty Server IO #0" daemon [_thread_in_native, id=18880, stack(0x636e0000,0x63730000)]
  0x78accde0 JavaThread "Netty Local Client IO #0" daemon [_thread_blocked, id=6208, stack(0x63770000,0x637c0000)]
  0x78acec88 JavaThread "Netty Server IO #1" daemon [_thread_in_native, id=22888, stack(0x63800000,0x63850000)]
  0x78acdb80 JavaThread "Sound engine" daemon [_thread_blocked, id=21236, stack(0x63890000,0x638e0000)]

Other Threads:
  0x451fbf10 VMThread "VM Thread" [stack: 0x04d10000,0x04d60000] [id=18300]
  0x027382e8 WatcherThread [stack: 0x465f0000,0x46640000] [id=18552]

Threads with active compile tasks:

VM state: not at safepoint (normal execution)

VM Mutex/Monitor currently owned by a thread: None

GC Precious Log:
 CPUs: 12 total, 12 available
 Memory: 16222M
 Large Page Support: Disabled
 NUMA Support: Disabled
 Compressed Oops: Disabled
 Heap Min Capacity: 6M
 Heap Initial Capacity: 16M
 Heap Max Capacity: 1024M
 Pre-touch: Disabled

Heap:
 def new generation   total 314560K, used 146969K [0x04e00000, 0x1a350000, 0x1a350000)
  eden space 279616K,  45% used [0x04e00000, 0x0cb57af0, 0x15f10000)
  from space 34944K,  53% used [0x15f10000, 0x1713ebb8, 0x18130000)
  to   space 34944K,   0% used [0x18130000, 0x18130000, 0x1a350000)
 tenured generation   total 699072K, used 543738K [0x1a350000, 0x44e00000, 0x44e00000)
   the space 699072K,  77% used [0x1a350000, 0x3b64e9a0, 0x3b64ea00, 0x44e00000)
 Metaspace       used 67425K, committed 68416K, reserved 73728K

Card table byte_map: [0x44e00000,0x45010000] _byte_map_base: 0x44dd9000

Polling page: 0x008d0000

Metaspace:

Usage:
   65.85 MB used.

Virtual space:
     72.00 MB reserved,      66.81 MB ( 93%) committed,  9 nodes.

Chunk freelists:
864.00 KB

MaxMetaspaceSize: 4.00 GB

 - commit_granule_bytes: 65536.
 - commit_granule_words: 16384.
 - virtual_space_node_default_size: 2097152.
 - enlarge_chunks_in_place: 1.
 - new_chunks_are_fully_committed: 0.
 - uncommit_free_chunks: 1.
 - use_allocation_guard: 0.
 - handle_deallocations: 1.


Internal statistics:

num_allocs_failed_limit: 3.
num_arena_births: 1066.
num_arena_deaths: 10.
num_vsnodes_births: 9.
num_vsnodes_deaths: 0.
num_space_committed: 1069.
num_space_uncommitted: 0.
num_chunks_returned_to_freelist: 23.
num_chunks_taken_from_freelist: 3507.
num_chunk_merges: 8.
num_chunk_splits: 2534.
num_chunks_enlarged: 2053.
num_purges: 1.

CodeCache: size=32768Kb used=15077Kb max_used=15077Kb free=17690Kb
 bounds [0x02c50000, 0x03b10000, 0x04c50000]
 total_blobs=12625 nmethods=11673 adapters=884
 compilation: enabled
              stopped_count=0, restarted_count=0
 full_count=0

Compilation events (20 events):
Event: 106.825 Thread 0x4522c1d8 11738             java.io.FilterOutputStream::<init> (21 bytes)
Event: 106.825 Thread 0x4522c1d8 nmethod 11738 0x03af6ac8 code [0x03af6be0, 0x03af6cf0]
Event: 106.843 Thread 0x4522c1d8 11739             net.minecraft.world.phys.AABB::getSize (27 bytes)
Event: 106.843 Thread 0x4522c1d8 nmethod 11739 0x03af6d48 code [0x03af6e70, 0x03af6f50]
Event: 106.843 Thread 0x4522c1d8 11740             it.unimi.dsi.fastutil.objects.Object2ObjectArrayMap::access$200 (5 bytes)
Event: 106.843 Thread 0x4522c1d8 nmethod 11740 0x03af6f88 code [0x03af70a0, 0x03af7140]
Event: 106.845 Thread 0x4522c1d8 11741             net.minecraft.client.renderer.block.model.BakedQuad::getTintIndex (5 bytes)
Event: 106.845 Thread 0x4522c1d8 nmethod 11741 0x03af71c8 code [0x03af72e0, 0x03af7390]
Event: 106.851 Thread 0x4522c1d8 11742             com.mojang.math.Vector4f::dot (40 bytes)
Event: 106.851 Thread 0x4522c1d8 nmethod 11742 0x03af73c8 code [0x03af74e0, 0x03af75d0]
Event: 106.855 Thread 0x4522c1d8 11748             net.minecraft.world.phys.shapes.DiscreteVoxelShape::forAllAxisEdges (414 bytes)
Event: 106.856 Thread 0x4522c1d8 nmethod 11748 0x03af8548 code [0x03af87c0, 0x03af8fd8]
Event: 106.879 Thread 0x4522c1d8 11751             net.minecraft.server.level.ChunkHolder::wasAccessibleSinceLastSave (5 bytes)
Event: 106.879 Thread 0x4522c1d8 nmethod 11751 0x03af9688 code [0x03af97a0, 0x03af9850]
Event: 106.879 Thread 0x4522c1d8 11752             net.minecraft.server.level.ChunkMap$$Lambda$7541/0x79ebbb00::test (8 bytes)
Event: 106.879 Thread 0x4522c1d8 nmethod 11752 0x03af9888 code [0x03af99a0, 0x03af9a80]
Event: 106.882 Thread 0x4522c1d8 11754             it.unimi.dsi.fastutil.longs.Long2ObjectOpenHashMap$MapEntry::getValue (13 bytes)
Event: 106.882 Thread 0x4522c1d8 nmethod 11754 0x03af9c48 code [0x03af9d60, 0x03af9e40]
Event: 106.885 Thread 0x4522c1d8 11755             java.util.concurrent.Semaphore$FairSync::tryAcquireShared (36 bytes)
Event: 106.886 Thread 0x4522c1d8 nmethod 11755 0x03af9f08 code [0x03afa030, 0x03afa19c]

GC Heap History (20 events):
Event: 104.064 GC heap before
{Heap before GC invocations=852 (full 11):
 def new generation   total 314560K, used 298598K [0x04e00000, 0x1a350000, 0x1a350000)
  eden space 279616K, 100% used [0x04e00000, 0x15f10000, 0x15f10000)
  from space 34944K,  54% used [0x15f10000, 0x17199a98, 0x18130000)
  to   space 34944K,   0% used [0x18130000, 0x18130000, 0x1a350000)
 tenured generation   total 699072K, used 615907K [0x1a350000, 0x44e00000, 0x44e00000)
   the space 699072K,  88% used [0x1a350000, 0x3fcc8d18, 0x3fcc8e00, 0x44e00000)
 Metaspace       used 66679K, committed 67584K, reserved 73728K
}
Event: 104.090 GC heap after
{Heap after GC invocations=853 (full 11):
 def new generation   total 314560K, used 32955K [0x04e00000, 0x1a350000, 0x1a350000)
  eden space 279616K,   0% used [0x04e00000, 0x04e00000, 0x15f10000)
  from space 34944K,  94% used [0x18130000, 0x1a15ed88, 0x1a350000)
  to   space 34944K,   0% used [0x15f10000, 0x15f10000, 0x18130000)
 tenured generation   total 699072K, used 618715K [0x1a350000, 0x44e00000, 0x44e00000)
   the space 699072K,  88% used [0x1a350000, 0x3ff86d58, 0x3ff86e00, 0x44e00000)
 Metaspace       used 66679K, committed 67584K, reserved 73728K
}
Event: 104.271 GC heap before
{Heap before GC invocations=853 (full 11):
 def new generation   total 314560K, used 312571K [0x04e00000, 0x1a350000, 0x1a350000)
  eden space 279616K, 100% used [0x04e00000, 0x15f10000, 0x15f10000)
  from space 34944K,  94% used [0x18130000, 0x1a15ed88, 0x1a350000)
  to   space 34944K,   0% used [0x15f10000, 0x15f10000, 0x18130000)
 tenured generation   total 699072K, used 618715K [0x1a350000, 0x44e00000, 0x44e00000)
   the space 699072K,  88% used [0x1a350000, 0x3ff86d58, 0x3ff86e00, 0x44e00000)
 Metaspace       used 66695K, committed 67584K, reserved 73728K
}
Event: 104.293 GC heap after
{Heap after GC invocations=854 (full 11):
 def new generation   total 314560K, used 17773K [0x04e00000, 0x1a350000, 0x1a350000)
  eden space 279616K,   0% used [0x04e00000, 0x04e00000, 0x15f10000)
  from space 34944K,  50% used [0x15f10000, 0x1706b770, 0x18130000)
  to   space 34944K,   0% used [0x18130000, 0x18130000, 0x1a350000)
 tenured generation   total 699072K, used 634779K [0x1a350000, 0x44e00000, 0x44e00000)
   the space 699072K,  90% used [0x1a350000, 0x40f36d90, 0x40f36e00, 0x44e00000)
 Metaspace       used 66695K, committed 67584K, reserved 73728K
}
Event: 104.348 GC heap before
{Heap before GC invocations=854 (full 11):
 def new generation   total 314560K, used 94649K [0x04e00000, 0x1a350000, 0x1a350000)
  eden space 279616K,  27% used [0x04e00000, 0x09912cf8, 0x15f10000)
  from space 34944K,  50% used [0x15f10000, 0x1706b770, 0x18130000)
  to   space 34944K,   0% used [0x18130000, 0x18130000, 0x1a350000)
 tenured generation   total 699072K, used 634779K [0x1a350000, 0x44e00000, 0x44e00000)
   the space 699072K,  90% used [0x1a350000, 0x40f36d90, 0x40f36e00, 0x44e00000)
 Metaspace       used 66810K, committed 67712K, reserved 73728K
}
Event: 105.337 GC heap after
{Heap after GC invocations=855 (full 12):
 def new generation   total 314560K, used 0K [0x04e00000, 0x1a350000, 0x1a350000)
  eden space 279616K,   0% used [0x04e00000, 0x04e00000, 0x15f10000)
  from space 34944K,   0% used [0x15f10000, 0x15f10000, 0x18130000)
  to   space 34944K,   0% used [0x18130000, 0x18130000, 0x1a350000)
 tenured generation   total 699072K, used 523362K [0x1a350000, 0x44e00000, 0x44e00000)
   the space 699072K,  74% used [0x1a350000, 0x3a268a28, 0x3a268c00, 0x44e00000)
 Metaspace       used 66810K, committed 67712K, reserved 73728K
}
Event: 105.508 GC heap before
{Heap before GC invocations=855 (full 12):
 def new generation   total 314560K, used 279616K [0x04e00000, 0x1a350000, 0x1a350000)
  eden space 279616K, 100% used [0x04e00000, 0x15f10000, 0x15f10000)
  from space 34944K,   0% used [0x15f10000, 0x15f10000, 0x18130000)
  to   space 34944K,   0% used [0x18130000, 0x18130000, 0x1a350000)
 tenured generation   total 699072K, used 523362K [0x1a350000, 0x44e00000, 0x44e00000)
   the space 699072K,  74% used [0x1a350000, 0x3a268a28, 0x3a268c00, 0x44e00000)
 Metaspace       used 66866K, committed 67776K, reserved 73728K
}
Event: 105.522 GC heap after
{Heap after GC invocations=856 (full 12):
 def new generation   total 314560K, used 6742K [0x04e00000, 0x1a350000, 0x1a350000)
  eden space 279616K,   0% used [0x04e00000, 0x04e00000, 0x15f10000)
  from space 34944K,  19% used [0x18130000, 0x187c5888, 0x1a350000)
  to   space 34944K,   0% used [0x15f10000, 0x15f10000, 0x18130000)
 tenured generation   total 699072K, used 523362K [0x1a350000, 0x44e00000, 0x44e00000)
   the space 699072K,  74% used [0x1a350000, 0x3a268a28, 0x3a268c00, 0x44e00000)
 Metaspace       used 66866K, committed 67776K, reserved 73728K
}
Event: 105.684 GC heap before
{Heap before GC invocations=856 (full 12):
 def new generation   total 314560K, used 286358K [0x04e00000, 0x1a350000, 0x1a350000)
  eden space 279616K, 100% used [0x04e00000, 0x15f10000, 0x15f10000)
  from space 34944K,  19% used [0x18130000, 0x187c5888, 0x1a350000)
  to   space 34944K,   0% used [0x15f10000, 0x15f10000, 0x18130000)
 tenured generation   total 699072K, used 523362K [0x1a350000, 0x44e00000, 0x44e00000)
   the space 699072K,  74% used [0x1a350000, 0x3a268a28, 0x3a268c00, 0x44e00000)
 Metaspace       used 66866K, committed 67776K, reserved 73728K
}
Event: 105.704 GC heap after
{Heap after GC invocations=857 (full 12):
 def new generation   total 314560K, used 14182K [0x04e00000, 0x1a350000, 0x1a350000)
  eden space 279616K,   0% used [0x04e00000, 0x04e00000, 0x15f10000)
  from space 34944K,  40% used [0x15f10000, 0x16ce9b08, 0x18130000)
  to   space 34944K,   0% used [0x18130000, 0x18130000, 0x1a350000)
 tenured generation   total 699072K, used 523362K [0x1a350000, 0x44e00000, 0x44e00000)
   the space 699072K,  74% used [0x1a350000, 0x3a268a28, 0x3a268c00, 0x44e00000)
 Metaspace       used 66866K, committed 67776K, reserved 73728K
}
Event: 105.901 GC heap before
{Heap before GC invocations=857 (full 12):
 def new generation   total 314560K, used 293798K [0x04e00000, 0x1a350000, 0x1a350000)
  eden space 279616K, 100% used [0x04e00000, 0x15f10000, 0x15f10000)
  from space 34944K,  40% used [0x15f10000, 0x16ce9b08, 0x18130000)
  to   space 34944K,   0% used [0x18130000, 0x18130000, 0x1a350000)
 tenured generation   total 699072K, used 523362K [0x1a350000, 0x44e00000, 0x44e00000)
   the space 699072K,  74% used [0x1a350000, 0x3a268a28, 0x3a268c00, 0x44e00000)
 Metaspace       used 67055K, committed 67968K, reserved 73728K
}
Event: 105.917 GC heap after
{Heap after GC invocations=858 (full 12):
 def new generation   total 314560K, used 20854K [0x04e00000, 0x1a350000, 0x1a350000)
  eden space 279616K,   0% used [0x04e00000, 0x04e00000, 0x15f10000)
  from space 34944K,  59% used [0x18130000, 0x1958dbe8, 0x1a350000)
  to   space 34944K,   0% used [0x15f10000, 0x15f10000, 0x18130000)
 tenured generation   total 699072K, used 523362K [0x1a350000, 0x44e00000, 0x44e00000)
   the space 699072K,  74% used [0x1a350000, 0x3a268a28, 0x3a268c00, 0x44e00000)
 Metaspace       used 67055K, committed 67968K, reserved 73728K
}
Event: 106.088 GC heap before
{Heap before GC invocations=858 (full 12):
 def new generation   total 314560K, used 300471K [0x04e00000, 0x1a350000, 0x1a350000)
  eden space 279616K, 100% used [0x04e00000, 0x15f10000, 0x15f10000)
  from space 34944K,  59% used [0x18130000, 0x1958ddf0, 0x1a350000)
  to   space 34944K,   0% used [0x15f10000, 0x15f10000, 0x18130000)
 tenured generation   total 699072K, used 523362K [0x1a350000, 0x44e00000, 0x44e00000)
   the space 699072K,  74% used [0x1a350000, 0x3a268a28, 0x3a268c00, 0x44e00000)
 Metaspace       used 67079K, committed 67968K, reserved 73728K
}
Event: 106.114 GC heap after
{Heap after GC invocations=859 (full 12):
 def new generation   total 314560K, used 29754K [0x04e00000, 0x1a350000, 0x1a350000)
  eden space 279616K,   0% used [0x04e00000, 0x04e00000, 0x15f10000)
  from space 34944K,  85% used [0x15f10000, 0x17c1e990, 0x18130000)
  to   space 34944K,   0% used [0x18130000, 0x18130000, 0x1a350000)
 tenured generation   total 699072K, used 529966K [0x1a350000, 0x44e00000, 0x44e00000)
   the space 699072K,  75% used [0x1a350000, 0x3a8dbb78, 0x3a8dbc00, 0x44e00000)
 Metaspace       used 67079K, committed 67968K, reserved 73728K
}
Event: 106.319 GC heap before
{Heap before GC invocations=859 (full 12):
 def new generation   total 314560K, used 309370K [0x04e00000, 0x1a350000, 0x1a350000)
  eden space 279616K, 100% used [0x04e00000, 0x15f10000, 0x15f10000)
  from space 34944K,  85% used [0x15f10000, 0x17c1e990, 0x18130000)
  to   space 34944K,   0% used [0x18130000, 0x18130000, 0x1a350000)
 tenured generation   total 699072K, used 529966K [0x1a350000, 0x44e00000, 0x44e00000)
   the space 699072K,  75% used [0x1a350000, 0x3a8dbb78, 0x3a8dbc00, 0x44e00000)
 Metaspace       used 67079K, committed 67968K, reserved 73728K
}
Event: 106.335 GC heap after
{Heap after GC invocations=860 (full 12):
 def new generation   total 314560K, used 15977K [0x04e00000, 0x1a350000, 0x1a350000)
  eden space 279616K,   0% used [0x04e00000, 0x04e00000, 0x15f10000)
  from space 34944K,  45% used [0x18130000, 0x190ca438, 0x1a350000)
  to   space 34944K,   0% used [0x15f10000, 0x15f10000, 0x18130000)
 tenured generation   total 699072K, used 543738K [0x1a350000, 0x44e00000, 0x44e00000)
   the space 699072K,  77% used [0x1a350000, 0x3b64e9a0, 0x3b64ea00, 0x44e00000)
 Metaspace       used 67079K, committed 67968K, reserved 73728K
}
Event: 106.543 GC heap before
{Heap before GC invocations=860 (full 12):
 def new generation   total 314560K, used 295593K [0x04e00000, 0x1a350000, 0x1a350000)
  eden space 279616K, 100% used [0x04e00000, 0x15f10000, 0x15f10000)
  from space 34944K,  45% used [0x18130000, 0x190ca438, 0x1a350000)
  to   space 34944K,   0% used [0x15f10000, 0x15f10000, 0x18130000)
 tenured generation   total 699072K, used 543738K [0x1a350000, 0x44e00000, 0x44e00000)
   the space 699072K,  77% used [0x1a350000, 0x3b64e9a0, 0x3b64ea00, 0x44e00000)
 Metaspace       used 67193K, committed 68096K, reserved 73728K
}
Event: 106.553 GC heap after
{Heap after GC invocations=861 (full 12):
 def new generation   total 314560K, used 17261K [0x04e00000, 0x1a350000, 0x1a350000)
  eden space 279616K,   0% used [0x04e00000, 0x04e00000, 0x15f10000)
  from space 34944K,  49% used [0x15f10000, 0x16feb7f8, 0x18130000)
  to   space 34944K,   0% used [0x18130000, 0x18130000, 0x1a350000)
 tenured generation   total 699072K, used 543738K [0x1a350000, 0x44e00000, 0x44e00000)
   the space 699072K,  77% used [0x1a350000, 0x3b64e9a0, 0x3b64ea00, 0x44e00000)
 Metaspace       used 67193K, committed 68096K, reserved 73728K
}
Event: 106.740 GC heap before
{Heap before GC invocations=861 (full 12):
 def new generation   total 314560K, used 296877K [0x04e00000, 0x1a350000, 0x1a350000)
  eden space 279616K, 100% used [0x04e00000, 0x15f10000, 0x15f10000)
  from space 34944K,  49% used [0x15f10000, 0x16feb7f8, 0x18130000)
  to   space 34944K,   0% used [0x18130000, 0x18130000, 0x1a350000)
 tenured generation   total 699072K, used 543738K [0x1a350000, 0x44e00000, 0x44e00000)
   the space 699072K,  77% used [0x1a350000, 0x3b64e9a0, 0x3b64ea00, 0x44e00000)
 Metaspace       used 67213K, committed 68160K, reserved 73728K
}
Event: 106.750 GC heap after
{Heap after GC invocations=862 (full 12):
 def new generation   total 314560K, used 17370K [0x04e00000, 0x1a350000, 0x1a350000)
  eden space 279616K,   0% used [0x04e00000, 0x04e00000, 0x15f10000)
  from space 34944K,  49% used [0x18130000, 0x19226870, 0x1a350000)
  to   space 34944K,   0% used [0x15f10000, 0x15f10000, 0x18130000)
 tenured generation   total 699072K, used 543738K [0x1a350000, 0x44e00000, 0x44e00000)
   the space 699072K,  77% used [0x1a350000, 0x3b64e9a0, 0x3b64ea00, 0x44e00000)
 Metaspace       used 67213K, committed 68160K, reserved 73728K
}

Deoptimization events (20 events):
Event: 63.403 Thread 0x48da4da8 DEOPT PACKING pc=0x03505dc0 sp=0x4a13f450
Event: 63.403 Thread 0x48f41450 DEOPT PACKING pc=0x03505dc0 sp=0x4a37f5f0
Event: 63.403 Thread 0x48f41450 DEOPT UNPACKING pc=0x02c8f1d1 sp=0x4a37f490 mode 0
Event: 63.403 Thread 0x48da4da8 DEOPT UNPACKING pc=0x02c8f1d1 sp=0x4a13f2f0 mode 0
Event: 64.339 Thread 0x48567de0 DEOPT PACKING pc=0x03505dc0 sp=0x4a0af360
Event: 64.339 Thread 0x48567de0 DEOPT UNPACKING pc=0x02c8f1d1 sp=0x4a0af200 mode 0
Event: 64.649 Thread 0x48f3ffe0 DEOPT PACKING pc=0x03505dc0 sp=0x4a2ef7c0
Event: 64.649 Thread 0x48f3ffe0 DEOPT UNPACKING pc=0x02c8f1d1 sp=0x4a2ef660 mode 0
Event: 64.738 Thread 0x48f3fc78 DEOPT PACKING pc=0x03505dc0 sp=0x4ac4f4c0
Event: 64.738 Thread 0x48f3fc78 DEOPT UNPACKING pc=0x02c8f1d1 sp=0x4ac4f360 mode 0
Event: 65.195 Thread 0x48790bf0 DEOPT PACKING pc=0x03505dc0 sp=0x4a1cf480
Event: 65.195 Thread 0x48790bf0 DEOPT UNPACKING pc=0x02c8f1d1 sp=0x4a1cf320 mode 0
Event: 67.641 Thread 0x4e243bd0 DEOPT PACKING pc=0x038d229c sp=0x627df1b0
Event: 67.641 Thread 0x4e243bd0 DEOPT UNPACKING pc=0x02c8f1d1 sp=0x627df068 mode 0
Event: 94.167 Thread 0x02737568 DEOPT PACKING pc=0x037c50e5 sp=0x024fe200
Event: 94.167 Thread 0x02737568 DEOPT UNPACKING pc=0x02c8f1d1 sp=0x024fe170 mode 3
Event: 104.336 Thread 0x4e243bd0 DEOPT PACKING pc=0x03a21398 sp=0x627df460
Event: 104.336 Thread 0x4e243bd0 DEOPT UNPACKING pc=0x02c8f1d1 sp=0x627df378 mode 0
Event: 104.342 Thread 0x4e243bd0 DEOPT PACKING pc=0x03978830 sp=0x627df580
Event: 104.342 Thread 0x4e243bd0 DEOPT UNPACKING pc=0x02c8f1d1 sp=0x627df460 mode 0

Classes unloaded (10 events):
Event: 7.562 Thread 0x451fbf10 Unloading class 0x4a66caa0 'java/lang/invoke/LambdaForm$DMH+0x4a66caa0'
Event: 7.562 Thread 0x451fbf10 Unloading class 0x4a66c2a0 'java/lang/invoke/LambdaForm$DMH+0x4a66c2a0'
Event: 7.562 Thread 0x451fbf10 Unloading class 0x4a66bea0 'java/lang/invoke/LambdaForm$DMH+0x4a66bea0'
Event: 7.562 Thread 0x451fbf10 Unloading class 0x4a66baa0 'java/lang/invoke/LambdaForm$DMH+0x4a66baa0'
Event: 7.562 Thread 0x451fbf10 Unloading class 0x4a66b6a0 'java/lang/invoke/LambdaForm$DMH+0x4a66b6a0'
Event: 7.562 Thread 0x451fbf10 Unloading class 0x4a66a280 'java/lang/invoke/LambdaForm$DMH+0x4a66a280'
Event: 7.562 Thread 0x451fbf10 Unloading class 0x4a669e80 'java/lang/invoke/LambdaForm$DMH+0x4a669e80'
Event: 7.562 Thread 0x451fbf10 Unloading class 0x4a668e80 'java/lang/invoke/LambdaForm$DMH+0x4a668e80'
Event: 7.562 Thread 0x451fbf10 Unloading class 0x4a668a80 'java/lang/invoke/LambdaForm$DMH+0x4a668a80'
Event: 7.562 Thread 0x451fbf10 Unloading class 0x4a668280 'java/lang/invoke/LambdaForm$DMH+0x4a668280'

Classes redefined (0 events):
No events

Internal exceptions (20 events):
Event: 106.869 Thread 0x4e240c20 Exception <a 'sun/nio/fs/WindowsException'{0x0e320b00}> (0x0e320b00) 
thrown [j:\jenkins\tmp\workspace\build\src\src\hotspot\share\prims\jni.cpp, line 579]
Event: 106.870 Thread 0x4e243198 Exception <a 'java/net/UnknownHostException'{0x0e7b4410}> (0x0e7b4410) 
thrown [j:\jenkins\tmp\workspace\build\src\src\hotspot\share\prims\jni.cpp, line 579]
Event: 106.871 Thread 0x4e2408b8 Exception <a 'sun/nio/fs/WindowsException'{0x0e7a64b8}> (0x0e7a64b8) 
thrown [j:\jenkins\tmp\workspace\build\src\src\hotspot\share\prims\jni.cpp, line 579]
Event: 106.872 Thread 0x4e2408b8 Exception <a 'sun/nio/fs/WindowsException'{0x0ea506e8}> (0x0ea506e8) 
thrown [j:\jenkins\tmp\workspace\build\src\src\hotspot\share\prims\jni.cpp, line 579]
Event: 106.873 Thread 0x4e2408b8 Exception <a 'sun/nio/fs/WindowsException'{0x0ea55f88}> (0x0ea55f88) 
thrown [j:\jenkins\tmp\workspace\build\src\src\hotspot\share\prims\jni.cpp, line 579]
Event: 106.875 Thread 0x4e2408b8 Exception <a 'sun/nio/fs/WindowsException'{0x0ed80018}> (0x0ed80018) 
thrown [j:\jenkins\tmp\workspace\build\src\src\hotspot\share\prims\jni.cpp, line 579]
Event: 106.877 Thread 0x4e2408b8 Exception <a 'sun/nio/fs/WindowsException'{0x0f112e78}> (0x0f112e78) 
thrown [j:\jenkins\tmp\workspace\build\src\src\hotspot\share\prims\jni.cpp, line 579]
Event: 106.878 Thread 0x4e2408b8 Exception <a 'sun/nio/fs/WindowsException'{0x0f118718}> (0x0f118718) 
thrown [j:\jenkins\tmp\workspace\build\src\src\hotspot\share\prims\jni.cpp, line 579]
Event: 106.880 Thread 0x4e2408b8 Exception <a 'sun/nio/fs/WindowsException'{0x0f47fdd0}> (0x0f47fdd0) 
thrown [j:\jenkins\tmp\workspace\build\src\src\hotspot\share\prims\jni.cpp, line 579]
Event: 106.881 Thread 0x4e243bd0 Exception <a 'java/lang/NoSuchMethodError'{0x0f49f460}: 'void java.lang.invoke.DirectMethodHandle$Holder.invokeStatic(java.lang.Object, java.lang.Object, long)'> (0x0f49f460) 
thrown [j:\jenkins\tmp\workspace\build\src\src\hotspot\share\interpreter\linkResolver.cpp, line 790]
Event: 106.882 Thread 0x4e2408b8 Exception <a 'sun/nio/fs/WindowsException'{0x0f485980}> (0x0f485980) 
thrown [j:\jenkins\tmp\workspace\build\src\src\hotspot\share\prims\jni.cpp, line 579]
Event: 106.884 Thread 0x4e2408b8 Exception <a 'sun/nio/fs/WindowsException'{0x0f79c040}> (0x0f79c040) 
thrown [j:\jenkins\tmp\workspace\build\src\src\hotspot\share\prims\jni.cpp, line 579]
Event: 106.885 Thread 0x4e2408b8 Exception <a 'sun/nio/fs/WindowsException'{0x0f7a13f8}> (0x0f7a13f8) 
thrown [j:\jenkins\tmp\workspace\build\src\src\hotspot\share\prims\jni.cpp, line 579]
Event: 106.885 Thread 0x4e240c20 Exception <a 'sun/nio/fs/WindowsException'{0x0eaff910}> (0x0eaff910) 
thrown [j:\jenkins\tmp\workspace\build\src\src\hotspot\share\prims\jni.cpp, line 579]
Event: 106.886 Thread 0x4e240c20 Exception <a 'sun/nio/fs/WindowsException'{0x0fa876a0}> (0x0fa876a0) 
thrown [j:\jenkins\tmp\workspace\build\src\src\hotspot\share\prims\jni.cpp, line 579]
Event: 106.886 Thread 0x4e240c20 Exception <a 'sun/nio/fs/WindowsException'{0x0fa93580}> (0x0fa93580) 
thrown [j:\jenkins\tmp\workspace\build\src\src\hotspot\share\prims\jni.cpp, line 579]
Event: 106.887 Thread 0x4e240c20 Exception <a 'sun/nio/fs/WindowsException'{0x0fa98498}> (0x0fa98498) 
thrown [j:\jenkins\tmp\workspace\build\src\src\hotspot\share\prims\jni.cpp, line 579]
Event: 106.887 Thread 0x4e2408b8 Exception <a 'sun/nio/fs/WindowsException'{0x0fa91fe8}> (0x0fa91fe8) 
thrown [j:\jenkins\tmp\workspace\build\src\src\hotspot\share\prims\jni.cpp, line 579]
Event: 106.888 Thread 0x4e2408b8 Exception <a 'sun/nio/fs/WindowsException'{0x0fcc5930}> (0x0fcc5930) 
thrown [j:\jenkins\tmp\workspace\build\src\src\hotspot\share\prims\jni.cpp, line 579]
Event: 106.888 Thread 0x4e2408b8 Exception <a 'sun/nio/fs/WindowsException'{0x0fcca878}> (0x0fcca878) 
thrown [j:\jenkins\tmp\workspace\build\src\src\hotspot\share\prims\jni.cpp, line 579]

Events (20 events):
Event: 106.019 Executing  VM operation: ICBufferFull
Event: 106.019 Executing  VM operation: ICBufferFull done
Event: 106.065 Executing  VM operation: ICBufferFull
Event: 106.065 Executing  VM operation: ICBufferFull done
Event: 106.087 Executing  VM operation: GenCollectForAllocation
Event: 106.087 Executing  VM operation: GenCollectForAllocation done
Event: 106.088 Executing  VM operation: GenCollectForAllocation
Event: 106.114 Executing  VM operation: GenCollectForAllocation done
Event: 106.319 Executing  VM operation: GenCollectForAllocation
Event: 106.335 Executing  VM operation: GenCollectForAllocation done
Event: 106.475 Executing  VM operation: HandshakeAllThreads
Event: 106.475 Executing  VM operation: HandshakeAllThreads done
Event: 106.543 Executing  VM operation: GenCollectForAllocation
Event: 106.553 Executing  VM operation: GenCollectForAllocation done
Event: 106.740 Executing  VM operation: GenCollectForAllocation
Event: 106.750 Executing  VM operation: GenCollectForAllocation done
Event: 106.808 Executing  VM operation: HandshakeAllThreads
Event: 106.808 Executing  VM operation: HandshakeAllThreads done
Event: 106.854 Executing  VM operation: HandshakeAllThreads
Event: 106.854 Executing  VM operation: HandshakeAllThreads done


Dynamic libraries:
0x00d00000 - 0x00d0c000 	C:\Program Files (x86)\Eclipse Adoptium\jdk-16.0.2.7-hotspot\bin\javaw.exe
0x77230000 - 0x773d3000 	C:\WINDOWS\SYSTEM32\ntdll.dll
0x76070000 - 0x76160000 	C:\WINDOWS\System32\KERNEL32.DLL
0x76510000 - 0x76724000 	C:\WINDOWS\System32\KERNELBASE.dll
0x75af0000 - 0x75c10000 	C:\WINDOWS\System32\ucrtbase.dll
0x54300000 - 0x54314000 	C:\Program Files (x86)\Eclipse Adoptium\jdk-16.0.2.7-hotspot\bin\VCRUNTIME140.dll
0x542e0000 - 0x542f4000 	C:\Program Files (x86)\Eclipse Adoptium\jdk-16.0.2.7-hotspot\bin\jli.dll
0x76340000 - 0x764e0000 	C:\WINDOWS\System32\USER32.dll
0x75e30000 - 0x75e48000 	C:\WINDOWS\System32\win32u.dll
0x6fa00000 - 0x6fc10000 	C:\WINDOWS\WinSxS\x86_microsoft.windows.common-controls_6595b64144ccf1df_6.0.19041.1110_none_a8625c1886757984\COMCTL32.dll
0x761e0000 - 0x76204000 	C:\WINDOWS\System32\GDI32.dll
0x77000000 - 0x770bf000 	C:\WINDOWS\System32\msvcrt.dll
0x76260000 - 0x7633c000 	C:\WINDOWS\System32\gdi32full.dll
0x76d20000 - 0x76d9b000 	C:\WINDOWS\System32\msvcp_win.dll
0x76730000 - 0x76755000 	C:\WINDOWS\System32\IMM32.DLL
0x74880000 - 0x7493a000 	C:\Windows\System32\guard32.dll
0x75db0000 - 0x75e2a000 	C:\WINDOWS\System32\ADVAPI32.dll
0x76160000 - 0x761d5000 	C:\WINDOWS\System32\sechost.dll
0x769f0000 - 0x76aaf000 	C:\WINDOWS\System32\RPCRT4.dll
0x74870000 - 0x74878000 	C:\WINDOWS\system32\version.dll
0x75ef0000 - 0x75fd3000 	C:\WINDOWS\System32\ole32.dll
0x76760000 - 0x769e1000 	C:\WINDOWS\System32\combase.dll
0x74860000 - 0x74868000 	C:\WINDOWS\system32\fltlib.dll
0x750f0000 - 0x756a3000 	C:\WINDOWS\System32\shell32.dll
0x54260000 - 0x542d1000 	C:\Program Files (x86)\Eclipse Adoptium\jdk-16.0.2.7-hotspot\bin\msvcp140.dll
0x53d40000 - 0x5425c000 	C:\Program Files (x86)\Eclipse Adoptium\jdk-16.0.2.7-hotspot\bin\client\jvm.dll
0x76f10000 - 0x76f16000 	C:\WINDOWS\System32\PSAPI.DLL
0x6f9f0000 - 0x6f9f8000 	C:\WINDOWS\SYSTEM32\WSOCK32.dll
0x76da0000 - 0x76e03000 	C:\WINDOWS\System32\WS2_32.dll
0x74940000 - 0x74968000 	C:\WINDOWS\SYSTEM32\WINMM.dll
0x74770000 - 0x7477f000 	C:\WINDOWS\SYSTEM32\kernel.appcore.dll
0x53d30000 - 0x53d39000 	C:\Program Files (x86)\Eclipse Adoptium\jdk-16.0.2.7-hotspot\bin\jimage.dll
0x6ccc0000 - 0x6ce48000 	C:\WINDOWS\SYSTEM32\DBGHELP.DLL
0x68580000 - 0x685a6000 	C:\WINDOWS\SYSTEM32\dbgcore.DLL
0x75c10000 - 0x75c6f000 	C:\WINDOWS\System32\bcryptPrimitives.dll
0x53d00000 - 0x53d21000 	C:\Program Files (x86)\Eclipse Adoptium\jdk-16.0.2.7-hotspot\bin\java.dll
0x71440000 - 0x71a48000 	C:\WINDOWS\SYSTEM32\windows.storage.dll
0x709b0000 - 0x709d5000 	C:\WINDOWS\SYSTEM32\Wldp.dll
0x75c70000 - 0x75cf7000 	C:\WINDOWS\System32\SHCORE.dll
0x76210000 - 0x76255000 	C:\WINDOWS\System32\shlwapi.dll
0x70990000 - 0x709a8000 	C:\WINDOWS\SYSTEM32\profapi.dll
0x53ce0000 - 0x53cf4000 	C:\Program Files (x86)\Eclipse Adoptium\jdk-16.0.2.7-hotspot\bin\net.dll
0x73990000 - 0x73a5b000 	C:\WINDOWS\SYSTEM32\WINHTTP.dll
0x70800000 - 0x70852000 	C:\WINDOWS\system32\mswsock.dll
0x53cd0000 - 0x53cdf000 	C:\Program Files (x86)\Eclipse Adoptium\jdk-16.0.2.7-hotspot\bin\nio.dll
0x53cb0000 - 0x53cc4000 	C:\Program Files (x86)\Eclipse Adoptium\jdk-16.0.2.7-hotspot\bin\zip.dll
0x53ca0000 - 0x53cad000 	C:\Program Files (x86)\Eclipse Adoptium\jdk-16.0.2.7-hotspot\bin\verify.dll
0x53c90000 - 0x53c98000 	C:\Program Files (x86)\Eclipse Adoptium\jdk-16.0.2.7-hotspot\bin\management.dll
0x53c80000 - 0x53c89000 	C:\Program Files (x86)\Eclipse Adoptium\jdk-16.0.2.7-hotspot\bin\management_ext.dll
0x6df30000 - 0x6df41000 	C:\WINDOWS\system32\napinsp.dll
0x6df10000 - 0x6df26000 	C:\WINDOWS\system32\pnrpnsp.dll
0x6def0000 - 0x6df06000 	C:\WINDOWS\system32\NLAapi.dll
0x74fa0000 - 0x74fd2000 	C:\WINDOWS\SYSTEM32\IPHLPAPI.DLL
0x74780000 - 0x74811000 	C:\WINDOWS\SYSTEM32\DNSAPI.dll
0x77150000 - 0x77157000 	C:\WINDOWS\System32\NSI.dll
0x6fc10000 - 0x6fc20000 	C:\WINDOWS\system32\wshbth.dll
0x6dee0000 - 0x6deee000 	C:\WINDOWS\System32\winrnr.dll
0x6ffc0000 - 0x6ffc8000 	C:\Windows\System32\rasadhlp.dll
0x6e1d0000 - 0x6e228000 	C:\WINDOWS\System32\fwpuclnt.dll
0x75e50000 - 0x75e69000 	C:\WINDOWS\System32\bcrypt.dll
0x70940000 - 0x70953000 	C:\WINDOWS\SYSTEM32\CRYPTSP.dll
0x70910000 - 0x7093f000 	C:\WINDOWS\system32\rsaenh.dll
0x73a70000 - 0x73a95000 	C:\WINDOWS\SYSTEM32\USERENV.dll
0x70900000 - 0x7090a000 	C:\WINDOWS\SYSTEM32\CRYPTBASE.dll
0x74840000 - 0x74854000 	C:\WINDOWS\SYSTEM32\dhcpcsvc6.DLL
0x74820000 - 0x74836000 	C:\WINDOWS\SYSTEM32\dhcpcsvc.DLL
0x53c40000 - 0x53c7a000 	C:\Users\felix\AppData\Local\Temp\jna-97315196\jna4733223347694094676.dll
0x75e70000 - 0x75eee000 	C:\WINDOWS\System32\clbcatq.dll
0x76e70000 - 0x76f06000 	C:\WINDOWS\System32\OleAut32.dll
0x6fcb0000 - 0x6fcc2000 	C:\WINDOWS\SYSTEM32\amsi.dll
0x53c00000 - 0x53c3f000 	C:\WINDOWS\SYSTEM32\Pdh.dll
0x53bf0000 - 0x53bfd000 	C:\WINDOWS\System32\perfos.dll
0x53b80000 - 0x53bed000 	C:\Users\felix\AppData\Local\Temp\lwjglfelix\3.2.2-SNAPSHOT\lwjgl32.dll
0x53b40000 - 0x53b7e000 	C:\Users\felix\AppData\Local\Temp\lwjglfelix\3.2.2-SNAPSHOT\jemalloc32.dll
0x53ae0000 - 0x53b38000 	C:\Users\felix\AppData\Local\Temp\lwjglfelix\3.2.2-SNAPSHOT\glfw32.dll
0x74fe0000 - 0x75054000 	C:\WINDOWS\system32\uxtheme.dll
0x6dc50000 - 0x6dc87000 	C:\WINDOWS\SYSTEM32\dinput8.dll
0x53ad0000 - 0x53add000 	C:\WINDOWS\SYSTEM32\xinput1_4.dll
0x77110000 - 0x7714b000 	C:\WINDOWS\System32\cfgmgr32.dll
0x6dca0000 - 0x6dccb000 	C:\WINDOWS\SYSTEM32\DEVOBJ.dll
0x6d490000 - 0x6d57d000 	C:\WINDOWS\SYSTEM32\inputhost.dll
0x6d3f0000 - 0x6d48b000 	C:\WINDOWS\SYSTEM32\CoreMessaging.dll
0x6f8a0000 - 0x6f962000 	C:\WINDOWS\SYSTEM32\PROPSYS.dll
0x6d310000 - 0x6d3eb000 	C:\WINDOWS\SYSTEM32\wintypes.dll
0x6d090000 - 0x6d30e000 	C:\WINDOWS\SYSTEM32\CoreUIComponents.dll
0x70960000 - 0x70989000 	C:\WINDOWS\SYSTEM32\ntmarta.dll
0x72200000 - 0x72226000 	C:\WINDOWS\SYSTEM32\dwmapi.dll
0x4ebf0000 - 0x4efee000 	C:\Program Files (x86)\RivaTuner Statistics Server\RTSSHooks.dll
0x756b0000 - 0x75aec000 	C:\WINDOWS\System32\SETUPAPI.dll
0x76f20000 - 0x76ff3000 	C:\WINDOWS\System32\MSCTF.dll
0x6dc90000 - 0x6dc9a000 	C:\WINDOWS\SYSTEM32\HID.DLL
0x770c0000 - 0x77107000 	C:\WINDOWS\System32\WINTRUST.dll
0x76c20000 - 0x76d1a000 	C:\WINDOWS\System32\CRYPT32.dll
0x73980000 - 0x7398e000 	C:\WINDOWS\System32\MSASN1.dll
0x539c0000 - 0x53ac3000 	C:\WINDOWS\SYSTEM32\opengl32.dll
0x53980000 - 0x539bf000 	C:\WINDOWS\SYSTEM32\GLU32.dll
0x516c0000 - 0x53978000 	C:\WINDOWS\System32\DriverStore\FileRepository\nvhmi.inf_amd64_81b0e572c0ead3e1\nvoglv32.dll
0x73a60000 - 0x73a6f000 	C:\WINDOWS\SYSTEM32\WTSAPI32.dll
0x6da00000 - 0x6da26000 	C:\WINDOWS\SYSTEM32\cryptnet.dll
0x6a8c0000 - 0x6a9c2000 	C:\WINDOWS\SYSTEM32\drvstore.dll
0x6a770000 - 0x6a79c000 	C:\WINDOWS\SYSTEM32\dxcore.dll
0x51490000 - 0x516b2000 	C:\WINDOWS\system32\nvspcap.dll
0x6cb60000 - 0x6cba4000 	C:\WINDOWS\SYSTEM32\powrprof.dll
0x6cad0000 - 0x6cadd000 	C:\WINDOWS\SYSTEM32\UMPDC.dll
0x6f980000 - 0x6f9c7000 	C:\WINDOWS\SYSTEM32\WINSTA.dll
0x6a7a0000 - 0x6a859000 	C:\WINDOWS\SYSTEM32\textinputframework.dll
0x51430000 - 0x51483000 	C:\Users\felix\AppData\Local\Temp\lwjglfelix\3.2.2-SNAPSHOT\lwjgl_opengl32.dll
0x513b0000 - 0x51421000 	C:\Users\felix\AppData\Local\Temp\lwjglfelix\3.2.2-SNAPSHOT\lwjgl_stb32.dll
0x6aa60000 - 0x6aaf3000 	C:\WINDOWS\SYSTEM32\mscms.dll
0x6aa50000 - 0x6aa5c000 	C:\WINDOWS\SYSTEM32\ColorAdapterClient.dll
0x51370000 - 0x513ae000 	C:\WINDOWS\SYSTEM32\icm32.dll
0x5a130000 - 0x5a147000 	C:\dev\minecraft\cheesus\build\natives\SAPIWrapper_x86.dll
0x68200000 - 0x68341000 	C:\WINDOWS\System32\Speech\Common\sapi.dll
0x72230000 - 0x72249000 	C:\WINDOWS\SYSTEM32\MSACM32.dll
0x6f860000 - 0x6f869000 	C:\WINDOWS\SYSTEM32\msdmo.dll
0x71fe0000 - 0x71ffd000 	C:\WINDOWS\SYSTEM32\winmmbase.dll
0x6a9e0000 - 0x6aa4b000 	C:\WINDOWS\System32\MMDevApi.dll
0x5d390000 - 0x5d39b000 	C:\Program Files (x86)\Eclipse Adoptium\jdk-16.0.2.7-hotspot\bin\sunmscapi.dll
0x68350000 - 0x68371000 	C:\WINDOWS\SYSTEM32\ncrypt.dll
0x6f870000 - 0x6f898000 	C:\WINDOWS\SYSTEM32\NTASN1.dll
0x74d80000 - 0x74e7f000 	C:\Users\felix\AppData\Local\Temp\lwjglfelix\3.2.2-SNAPSHOT\OpenAL32.dll
0x76ab0000 - 0x76be6000 	C:\WINDOWS\SYSTEM32\AUDIOSES.DLL
0x71fc0000 - 0x71fcf000 	C:\WINDOWS\SYSTEM32\resourcepolicyclient.dll
0x63500000 - 0x6364f000 	C:\Program Files (x86)\Eclipse Adoptium\jdk-16.0.2.7-hotspot\bin\awt.dll
0x62b20000 - 0x62bbf000 	C:\WINDOWS\SYSTEM32\apphelp.dll
0x62a60000 - 0x62a66000 	C:\WINDOWS\system32\wshunix.dll

dbghelp: loaded successfully - version: 4.0.5 - missing functions: none
symbol engine: initialized successfully - sym options: 0x614 - pdb path: .;C:\Program Files (x86)\Eclipse Adoptium\jdk-16.0.2.7-hotspot\bin;C:\WINDOWS\SYSTEM32;C:\WINDOWS\WinSxS\x86_microsoft.windows.common-controls_6595b64144ccf1df_6.0.19041.1110_none_a8625c1886757984;C:\Program Files (x86)\Eclipse Adoptium\jdk-16.0.2.7-hotspot\bin\client;C:\Users\felix\AppData\Local\Temp\jna-97315196;C:\Users\felix\AppData\Local\Temp\lwjglfelix\3.2.2-SNAPSHOT;C:\Program Files (x86)\RivaTuner Statistics Server;C:\WINDOWS\System32\DriverStore\FileRepository\nvhmi.inf_amd64_81b0e572c0ead3e1;C:\dev\minecraft\cheesus\build\natives;C:\WINDOWS\System32\Speech\Common

VM Arguments:
jvm_args: -Dforge.logging.console.level=debug -Dforge.logging.markers=REGISTRIES -DlegacyClassPath.file=C:\dev\minecraft\cheesus\build\classpath\runClient_minecraftClasspath.txt -DignoreList=bootstraplauncher,securejarhandler,asm-commons,asm-util,asm-analysis,asm-tree,asm,client-extra,fmlcore,javafmllanguage,mclanguage,forge- -DnativesDirectory=C:\dev\minecraft\cheesus\build\natives -DmergeModules=jna-5.8.0.jar,jna-platform-58.0.jar,java-objc-bridge-1.0.0.jar --module-path=C:\Users\felix\.gradle\caches\modules-2\files-2.1\cpw.mods\bootstraplauncher\0.1.17\899fb8e3912bb7d14a6f9611de117f77db710ec3\bootstraplauncher-0.1.17.jar;C:\Users\felix\.gradle\caches\modules-2\files-2.1\cpw.mods\securejarhandler\0.9.54\24b670f2c026ec9777e64a2c2126ebc8635dbe8d\securejarhandler-0.9.54.jar;C:\Users\felix\.gradle\caches\modules-2\files-2.1\org.ow2.asm\asm-commons\9.1\8b971b182eb5cf100b9e8d4119152d83e00e0fdd\asm-commons-9.1.jar;C:\Users\felix\.gradle\caches\modules-2\files-2.1\org.ow2.asm\asm-util\9.1\36464a45d871779f3383a8a9aba2b26562a86729\asm-util-9.1.jar;C:\Users\felix\.gradle\caches\modules-2\files-2.1\org.ow2.asm\asm-analysis\9.1\4f61b83b81d8b659958f4bcc48907e93ecea55a0\asm-analysis-9.1.jar;C:\Users\felix\.gradle\caches\modules-2\files-2.1\org.ow2.asm\asm-tree\9.1\c333f2a855069cb8eb17a40a3eb8b1b67755d0eb\asm-tree-9.1.jar;C:\Users\felix\.gradle\caches\modules-2\files-2.1\org.ow2.asm\asm\9.1\a99500cf6eea30535eeac6be73899d048f8d12a8\asm-9.1.jar --add-modules=ALL-MODULE-PATH --add-opens=java.base/java.util.jar=cpw.mods.securejarhandler --add-exports=java.base/sun.security.util=cpw.mods.securejarhandler --add-exports=jdk.naming.dns/com.sun.jndi.dns=java.naming -XX:HeapDumpPath=MojangTricksIntelDriversForPerformance_javaw.exe_minecraft.exe.heapdump -Dos.name=Windows 10 -Dos.version=10.0 -Xmx1024m -Djava.library.path=C:\dev\minecraft\cheesus\build\natives;C:\dev\minecraft\cheesus\build\natives;C:\dev\minecraft\cheesus\build\natives;C:\dev\minecraft\cheesus\build\natives;C:\dev\minecraft\cheesus\build\natives -Dfile.encoding=Cp1252 -XX:+ShowCodeDetailsInExceptionMessages 
java_command: cpw.mods.bootstraplauncher.BootstrapLauncher --launchTarget forgeclientuserdev --version MOD_DEV --assetIndex 1.17 --assetsDir C:\Users\felix\.gradle\caches\forge_gradle\assets --gameDir . --fml.forgeVersion 37.0.104 --fml.mcVersion 1.17.1 --fml.forgeGroup net.minecraftforge --fml.mcpVersion 20210706.113038
java_class_path (initial): C:\dev\minecraft\cheesus\bin\main;C:\dev\minecraft\cheesus\bin\test;C:\dev\minecraft\cheesus\bin\default;C:\Users\felix\.gradle\caches\forge_gradle\minecraft_user_repo\net\minecraftforge\forge\1.17.1-37.0.104_mapped_official_1.17.1\forge-1.17.1-37.0.104_mapped_official_1.17.1-recomp.jar;C:\Users\felix\.gradle\caches\forge_gradle\minecraft_repo\versions\1.17.1\client-extra.jar;C:\Users\felix\.gradle\caches\modules-2\files-2.1\com.google.code.findbugs\jsr305\3.0.1\f7be08ec23c21485b9b5a1cf1654c2ec8c58168d\jsr305-3.0.1.jar;C:\Users\felix\.gradle\caches\modules-2\files-2.1\ca.weblite\java-objc-bridge\1.0.0\6ef160c3133a78de015830860197602ca1c855d3\java-objc-bridge-1.0.0.jar;C:\Users\felix\.gradle\caches\modules-2\files-2.1\net.minecraftforge\mergetool\1.1.3\d7d4b6eac7f49c59255c8ac25190802c29ac9a4a\mergetool-1.1.3-api.jar;C:\Users\felix\.gradle\caches\forge_gradle\mcp_repo\net\minecraft\mapping\1.17.1\mapping-1.17.1-mapping.zip;C:\Users\felix\.gradle\caches\modules-2\files-2.1\cpw.mods\securejarhandler\0.9.54\24b670f2c026ec9777e64a2c2126ebc8635dbe8d\securejarhandler-0.9.54.jar;C:\Users\felix\.gradle\caches\modules-2\files-2.1\net.minecraftforge\fmlloader\1.17.1-37.0.104\8e5c4431d70898c6551a25eb6ba9e0bcfc0bb6fe\fmlloader-1.17.1-37.0.104.jar;C:\Users\felix\.gradle\caches\modules-2\files-2.1\cpw.mods\modlauncher\9.0.7\ebe8650527b513823874449e054db053b686b494\modlauncher-9.0.7.jar;C:\Users\felix\.gradle\caches\modules-2\files-2.1\org.openjdk.nashorn\nashorn-core\15.3\43977e804697048fc8d81d333a36c17d07a5b3dd\nashorn-core-15.3.jar;C:\Users\felix\.gradle\caches\modules-2\files-2.1\org.ow2.asm\asm-commons\9.1\8b971b182eb5cf100b9e8d4119152d83e00e0fdd\asm-commons-9.1.jar;C:\Users\felix\.gradle\caches\modules-2\files-2.1\org.ow2.asm\asm-util\9.1\36464a45d871779f3383a8a9aba2b26562a86729\asm-util-9.1.jar;C:\Users\felix\.gradle\caches\modules-2\files-2.1\org.ow2.asm\asm-analysis\9.1\4f61b83b81d8b659958f4bcc48907e93ecea55a0\asm-analysis-9.1.jar;C:\Users\felix
Launcher Type: SUN_STANDARD

[Global flags]
    ccstr HeapDumpPath                             = MojangTricksIntelDriversForPerformance_javaw.exe_minecraft.exe.heapdump         {manageable} {command line}
   size_t InitialHeapSize                          = 16777216                                  {product} {ergonomic}
   size_t MaxHeapSize                              = 1073741824                                {product} {command line}
   size_t MaxNewSize                               = 357892096                                 {product} {ergonomic}
   size_t MinHeapDeltaBytes                        = 131072                                    {product} {ergonomic}
   size_t MinHeapSize                              = 6291456                                   {product} {ergonomic}
   size_t NewSize                                  = 5570560                                   {product} {ergonomic}
    uintx NonProfiledCodeHeapSize                  = 0                                      {pd product} {ergonomic}
   size_t OldSize                                  = 11206656                                  {product} {ergonomic}
    uintx ProfiledCodeHeapSize                     = 0                                      {pd product} {ergonomic}
     bool ShowCodeDetailsInExceptionMessages       = true                                   {manageable} {command line}
   size_t SoftMaxHeapSize                          = 1073741824                             {manageable} {ergonomic}
     bool UseLargePagesIndividualAllocation        = false                                  {pd product} {ergonomic}
     bool UseSerialGC                              = true                                      {product} {ergonomic}

Logging:
Log output configuration:
 #0: stdout all=warning uptime,level,tags
 #1: stderr all=off uptime,level,tags

Environment Variables:
JAVA_HOME=C:\Program Files\Eclipse Foundation\jdk-16.0.2.7-hotspot\
PATH=C:/Users/felix/.p2/pool/plugins/org.eclipse.justj.openjdk.hotspot.jre.full.win32.x86_64_16.0.2.v20210721-1149/jre/bin/server;C:/Users/felix/.p2/pool/plugins/org.eclipse.justj.openjdk.hotspot.jre.full.win32.x86_64_16.0.2.v20210721-1149/jre/bin;C:\Program Files\Eclipse Foundation\jdk-16.0.2.7-hotspot\bin;C:\Program Files (x86)\Eclipse Adoptium\jdk-16.0.2.7-hotspot\bin;C:\Program Files\Eclipse Adoptium\jdk-17.0.1.12-hotspot\bin;C:\dev\geckodriver;C:\Program Files\Common Files\Oracle\Java\javapath;C:\Program Files (x86)\Python38-32\Scripts\;C:\Program Files (x86)\Python38-32\;C:\Program Files (x86)\Common Files\Oracle\Java\javapath;C:\WINDOWS\system32;C:\WINDOWS;C:\WINDOWS\System32\Wbem;C:\WINDOWS\System32\WindowsPowerShell\v1.0\;C:\WINDOWS\System32\OpenSSH\;C:\Program Files\NVIDIA Corporation\NVIDIA NvDLISR;C:\Program Files (x86)\NVIDIA Corporation\PhysX\Common;C:\Program Files\Git\cmd;C:\MinGW\bin;C:\Program Files\Java\jdk-16.0.2\bin;C:\Program Files\Eclipse Foundation\jdk-17.0.0.35-hotspot\bin;C:\Program Files\Common Files\Oracle\Java\javapath;C:\Program Files\AdoptOpenJDK\jdk-8.0.292.10-hotspot\bin;C:\Program Files (x86)\Python38-32\Scripts\;C:\Program Files (x86)\Python38-32\;C:\Program Files (x86)\Common Files\Oracle\Java\javapath;C:\WINDOWS\system32;C:\WINDOWS;C:\WINDOWS\System32\Wbem;C:\WINDOWS\System32\WindowsPowerShell\v1.0\;C:\WINDOWS\System32\OpenSSH\;C:\Program Files\NVIDIA Corporation\NVIDIA NvDLISR;C:\Program Files (x86)\NVIDIA Corporation\PhysX\Common;C:\Program Files\Git\cmd;C:\MinGW\bin;C:\Program Files\Eclipse Foundation\jdk-17.0.0.35-hotspot\bin;C:\Users\felix\AppData\Local\Programs\Python\Python310\Scripts\;C:\Users\felix\AppData\Local\Programs\Python\Python310\;C:\Users\felix\AppData\Local\Microsoft\WindowsApps;C:\Users\felix\AppData\Local\GitHubDesktop\bin;C:\Users\felix\AppData\Local\atom\bin;C:\ProgramData\felix\atom\bin;C:\Users\felix\AppData\Local\Programs\Microsoft VS Code\bin;C:\WebDriver\bin;C:\WINDOWS\system32;
USERNAME=felix
OS=Windows_NT
PROCESSOR_IDENTIFIER=Intel64 Family 6 Model 165 Stepping 2, GenuineIntel



---------------  S Y S T E M  ---------------

OS:
 Windows 10 , 64 bit Build 19041 (10.0.19041.1348)
OS uptime: 0 days 0:39 hours

CPU: total 12 (initial active 12) (6 cores per cpu, 2 threads per core) family 6 model 165 stepping 2 microcode 0xe0, cx8, cmov, fxsr, ht, mmx, 3dnowpref, sse, sse2, sse3, ssse3, sse4.1, sse4.2, popcnt, lzcnt, tsc, tscinvbit, avx, avx2, aes, erms, clmul, bmi1, bmi2, adx, fma, vzeroupper, clflush, clflushopt

Memory: 4k page, system-wide physical 16222M (6644M free)
TotalPageFile size 27486M (AvailPageFile size 13085M), user-mode portion of virtual address-space 2047M (122M free)
current process WorkingSet (physical memory assigned to process): 1470M, peak: 1478M
current process commit charge ("private bytes"): 1649M, peak: 1649M

vm_info: OpenJDK Client VM (16.0.2+7) for windows-x86 JRE (16.0.2+7), built on Jul 22 2021 20:27:59 by "" with MS VC++ 16.7 (VS2019)

END.
